09:05:47.887 [main                     ] DEBUG Logger               - Configured Logger
09:05:47.889 [main                     ] DEBUG GameApplication      - Logging settings
Title: Super Bug
Version: 1.0
Width: 800
Height: 800
Fullscreen: false
Intro: false
Profiling: false
Single step:false
App Mode: DEVELOPER
Menu Key: ESCAPE
Stage Style: DECORATED
Scene Factory: class com.almasb.fxgl.app.scene.SceneFactory

09:05:48.140 [JavaFX Application Thread] DEBUG FXGLApplication      - Initializing FXGL
09:05:48.141 [JavaFX Application Thread] INFO  Engine               - FXGL-11.14 (01.03.2021 16.59) on WINDOWS (J:17.0.1 FX:15)
09:05:48.142 [JavaFX Application Thread] DEBUG Engine               - JRE Vendor Name: Oracle Corporation
09:05:48.142 [JavaFX Application Thread] DEBUG Engine               - Running on OS: Windows 10 version 10.0
09:05:48.142 [JavaFX Application Thread] DEBUG Engine               - Architecture: amd64
09:05:48.142 [JavaFX Application Thread] INFO  Engine               - Source code and latest versions at: https://github.com/AlmasB/FXGL
09:05:48.142 [JavaFX Application Thread] INFO  Engine               -              Join the FXGL chat at: https://gitter.im/AlmasB/FXGL
09:05:48.216 [JavaFX Application Thread] DEBUG PrimaryStageWindow   - Creating a JavaFX scene
09:05:48.248 [JavaFX Application Thread] DEBUG PrimaryStageWindow   - Target settings size: 800.0 x 800.0
09:05:48.248 [JavaFX Application Thread] DEBUG PrimaryStageWindow   - Scaled scene size:    800.0 x 800.0
09:05:48.248 [JavaFX Application Thread] DEBUG PrimaryStageWindow   - Scaled ratio: (1.0, 1.0)
09:05:48.249 [JavaFX Application Thread] DEBUG PrimaryStageWindow   - Set initial scene to FXGLStartupScene
09:05:48.254 [JavaFX Application Thread] DEBUG PrimaryStageWindow   - Opening main window
09:05:48.312 [JavaFX Application Thread] DEBUG PrimaryStageWindow   - Window border size: (16.0, 39.0)
09:05:48.312 [JavaFX Application Thread] DEBUG PrimaryStageWindow   - Scaled size: 800.0 x 800.0
09:05:48.313 [JavaFX Application Thread] DEBUG PrimaryStageWindow   - Scaled ratio: (1.0, 1.0)
09:05:48.313 [JavaFX Application Thread] DEBUG PrimaryStageWindow   - Scene size: 800.0 x 800.0
09:05:48.313 [JavaFX Application Thread] DEBUG PrimaryStageWindow   - Stage size: 816.0 x 839.0
09:05:48.319 [FXGL Background Thread 1 ] DEBUG Engine               - Initializing environment variables
09:05:48.347 [FXGL Background Thread 1 ] DEBUG FXGLAssetLoaderServi - User app class for loading assets: class SuperBug
09:05:48.347 [FXGL Background Thread 1 ] DEBUG GameApplicationServi - Applying CSS: fxgl_dark.css
09:05:48.348 [FXGL Background Thread 1 ] DEBUG FXGLAssetLoaderServi - Loading from file system: jar:file:/C:/Users/lenovo/.m2/repository/com/github/almasb/fxgl/11.14/fxgl-11.14.jar!/fxglassets/ui/css/fxgl_dark.css
09:05:48.388 [FXGL Background Thread 1 ] DEBUG GameApplicationServi - Initializing application scenes
09:05:48.416 [FXGL Background Thread 1 ] DEBUG GameWorld            - Game world initialized
09:05:48.458 [FXGL Background Thread 1 ] DEBUG PhysicsWorld         - Physics world initialized: appHeight=800, physics.ppm=50.0
09:05:48.459 [FXGL Background Thread 1 ] DEBUG PhysicsWorld         - Using strategy: BRUTE_FORCE
09:05:48.461 [FXGL Background Thread 1 ] DEBUG GameScene            - Game scene initialized: 800x800
09:05:48.487 [FXGL Background Thread 1 ] DEBUG FXGLAssetLoaderServi - Loading from file system: jar:file:/C:/Users/lenovo/.m2/repository/com/github/almasb/fxgl/11.14/fxgl-11.14.jar!/fxglassets/textures/particles/trace_horizontal.png
09:05:48.518 [FXGL Background Thread 1 ] DEBUG FXGL.DefaultMenu     - createMenuBodyGameMenu()
09:05:48.528 [FXGL Background Thread 1 ] DEBUG FXGL.DefaultMenu     - createOptionsMenu()
09:05:48.531 [FXGL Background Thread 1 ] DEBUG FXGLAssetLoaderServi - Loading from file system: jar:file:/C:/Users/lenovo/.m2/repository/com/github/almasb/fxgl/11.14/fxgl-11.14.jar!/fxglassets/textures/particles/smoke.png
09:05:48.576 [FXGL Background Thread 1 ] DEBUG GameApplicationServi - Application scenes initialized
09:05:48.585 [FXGL Background Thread 1 ] DEBUG SystemBundleService  - Loading FXGL system data
09:05:48.588 [FXGL Background Thread 1 ] DEBUG FileSystemAccess     - Reading from: C:\Users\lenovo\My Drive\school\HBO bende\L1\P3\IPOSE Challengeweek\SuperBug\system\fxgl.bundle
09:05:48.592 [FXGL Background Thread 1 ] DEBUG SystemBundleService  - Bundle FXGL: {}
09:05:48.592 [FXGL Background Thread 1 ] DEBUG UpdaterService       - Checking for updates
09:05:48.594 [FXGL Background Thread 4 ] DEBUG FXGLApplication      - Loading fonts
09:05:48.594 [FXGL Background Thread 1 ] DEBUG FXGLApplication      - Loading default localization
09:05:48.595 [FXGL Background Thread 4 ] DEBUG FXGLAssetLoaderServi - Loading from file system: jar:file:/C:/Users/lenovo/.m2/repository/com/github/almasb/fxgl/11.14/fxgl-11.14.jar!/fxglassets/ui/fonts/VarelaRound-Regular.ttf
09:05:48.595 [FXGL Background Thread 1 ] DEBUG FXGLAssetLoaderServi - Loading from file system: jar:file:/C:/Users/lenovo/.m2/repository/com/github/almasb/fxgl/11.14/fxgl-11.14.jar!/fxglassets/languages/english.lang
09:05:48.617 [FXGL Background Thread 1 ] INFO  FXGLApplication      - FXGL initialization took: 0.299 sec
09:05:48.618 [JavaFX Application Thread] DEBUG FXGLAssetLoaderServi - Loading from file system: file:/C:/Users/lenovo/My%20Drive/school/HBO%20bende/L1/P3/IPOSE%20Challengeweek/SuperBug/target/classes/assets/textures/bug09.png
09:05:48.643 [FXGL Background Thread 4 ] DEBUG FXGLAssetLoaderServi - Loading from file system: jar:file:/C:/Users/lenovo/.m2/repository/com/github/almasb/fxgl/11.14/fxgl-11.14.jar!/fxglassets/ui/fonts/Abel-Regular.ttf
09:05:48.645 [FXGL Background Thread 4 ] DEBUG FXGLAssetLoaderServi - Loading from file system: jar:file:/C:/Users/lenovo/.m2/repository/com/github/almasb/fxgl/11.14/fxgl-11.14.jar!/fxglassets/ui/fonts/lucida_console.ttf
09:05:48.649 [FXGL Background Thread 4 ] DEBUG FXGLAssetLoaderServi - Loading from file system: jar:file:/C:/Users/lenovo/.m2/repository/com/github/almasb/fxgl/11.14/fxgl-11.14.jar!/fxglassets/ui/fonts/Courier-Prime.ttf
09:05:48.707 [JavaFX Application Thread] DEBUG FXGLAssetLoaderServi - Loading from file system: jar:file:/C:/Users/lenovo/.m2/repository/com/github/almasb/fxgl/11.14/fxgl-11.14.jar!/fxglassets/ui/cursors/fxgl_default.png
09:05:48.717 [JavaFX Application Thread] DEBUG Input                - Registered new binding: Screenshot - P
09:05:48.717 [JavaFX Application Thread] DEBUG Input                - Registered new binding: System info dump - CTRL+9
09:05:48.717 [JavaFX Application Thread] DEBUG Input                - Registered new binding: Restart - CTRL+R
09:05:48.718 [JavaFX Application Thread] DEBUG Input                - Registered new binding: Toggle Debug Camera - CTRL+C
09:05:48.720 [JavaFX Application Thread] DEBUG LoopRunner           - Starting loop
09:05:48.720 [JavaFX Application Thread] DEBUG LoopRunner           - Initializing JavaFX AnimationTimerLoop
09:05:48.722 [JavaFX Application Thread] DEBUG GameApplicationServi - Starting new game
09:05:48.722 [JavaFX Application Thread] DEBUG Input                - Clearing active input actions
09:05:48.731 [JavaFX Application Thread] DEBUG GameApplicationServi - Removing overlay from FXGLStartupScene and adding to FXGLLoadingScene
09:05:48.732 [JavaFX Application Thread] DEBUG PrimaryStageWindow   - FXGLStartupScene -> FXGLLoadingScene
09:05:48.732 [JavaFX Application Thread] DEBUG GameApplicationServi - Clearing previous game
09:05:48.732 [JavaFX Application Thread] DEBUG GameScene            - Clearing game scene
09:05:48.732 [JavaFX Application Thread] DEBUG GameWorld            - Clearing game world
09:05:48.732 [JavaFX Application Thread] DEBUG PhysicsWorld         - Clearing physics world
09:05:48.734 [JavaFX Application Thread] DEBUG FXGLApplication      - Registering font factories with UI factory
09:05:48.736 [FXGL Background Thread 4 ] DEBUG FXGLAssetLoaderServi - Loading from file system: file:/C:/Users/lenovo/My%20Drive/school/HBO%20bende/L1/P3/IPOSE%20Challengeweek/SuperBug/target/classes/assets/textures/bug01.png
09:05:48.800 [FXGL Background Thread 4 ] INFO  FXGLApplication      - Game initialization took: 0.066 sec
09:05:48.848 [FXGL Background Thread 2 ] INFO  UpdaterService       - Your current version:  11.14
09:05:48.848 [FXGL Background Thread 2 ] INFO  UpdaterService       - Latest stable version: 17.1
09:05:48.860 [JavaFX Application Thread] DEBUG Input                - Clearing active input actions
09:05:48.867 [JavaFX Application Thread] DEBUG GameApplicationServi - Removing overlay from FXGLLoadingScene and adding to GameScene
09:05:48.867 [JavaFX Application Thread] DEBUG PrimaryStageWindow   - FXGLLoadingScene -> GameScene
09:05:50.665 [JavaFX Application Thread] DEBUG FXGLApplication      - Exiting FXGL
09:05:50.665 [JavaFX Application Thread] DEBUG LoopRunner           - Stopping loop
09:05:50.666 [JavaFX Application Thread] DEBUG SystemBundleService  - Saving FXGL system data
09:05:50.668 [JavaFX Application Thread] DEBUG FileSystemAccess     - Writing to: C:\Users\lenovo\My Drive\school\HBO bende\L1\P3\IPOSE Challengeweek\SuperBug\system\fxgl.bundle
09:05:50.669 [JavaFX Application Thread] DEBUG Async                - Shutting down background threads
09:05:50.669 [JavaFX Application Thread] DEBUG PrimaryStageWindow   - Closing main window
09:05:50.681 [JavaFX Application Thread] DEBUG Logger               - Closing Logger
