15:14:10.515 [main                     ] DEBUG Logger               - Configured Logger
15:14:10.518 [main                     ] DEBUG GameApplication      - Logging settings
Title: Super Bug
Version: 1.0
Width: 800
Height: 800
Fullscreen: false
Intro: false
Profiling: false
Single step:false
App Mode: DEVELOPER
Menu Key: ESCAPE
Stage Style: DECORATED
Scene Factory: class com.almasb.fxgl.app.scene.SceneFactory

15:14:10.773 [JavaFX Application Thread] DEBUG FXGLApplication      - Initializing FXGL
15:14:10.774 [JavaFX Application Thread] INFO  Engine               - FXGL-11.14 (01.03.2021 16.59) on WINDOWS (J:17.0.1 FX:15)
15:14:10.774 [JavaFX Application Thread] DEBUG Engine               - JRE Vendor Name: Oracle Corporation
15:14:10.774 [JavaFX Application Thread] DEBUG Engine               - Running on OS: Windows 10 version 10.0
15:14:10.775 [JavaFX Application Thread] DEBUG Engine               - Architecture: amd64
15:14:10.775 [JavaFX Application Thread] INFO  Engine               - Source code and latest versions at: https://github.com/AlmasB/FXGL
15:14:10.775 [JavaFX Application Thread] INFO  Engine               -              Join the FXGL chat at: https://gitter.im/AlmasB/FXGL
15:14:10.858 [JavaFX Application Thread] DEBUG PrimaryStageWindow   - Creating a JavaFX scene
15:14:10.895 [JavaFX Application Thread] DEBUG PrimaryStageWindow   - Target settings size: 800.0 x 800.0
15:14:10.895 [JavaFX Application Thread] DEBUG PrimaryStageWindow   - Scaled scene size:    800.0 x 800.0
15:14:10.895 [JavaFX Application Thread] DEBUG PrimaryStageWindow   - Scaled ratio: (1.0, 1.0)
15:14:10.896 [JavaFX Application Thread] DEBUG PrimaryStageWindow   - Set initial scene to FXGLStartupScene
15:14:10.901 [JavaFX Application Thread] DEBUG PrimaryStageWindow   - Opening main window
15:14:10.969 [JavaFX Application Thread] DEBUG PrimaryStageWindow   - Window border size: (16.0, 39.0)
15:14:10.970 [JavaFX Application Thread] DEBUG PrimaryStageWindow   - Scaled size: 800.0 x 800.0
15:14:10.970 [JavaFX Application Thread] DEBUG PrimaryStageWindow   - Scaled ratio: (1.0, 1.0)
15:14:10.970 [JavaFX Application Thread] DEBUG PrimaryStageWindow   - Scene size: 800.0 x 800.0
15:14:10.970 [JavaFX Application Thread] DEBUG PrimaryStageWindow   - Stage size: 816.0 x 839.0
15:14:10.975 [FXGL Background Thread 1 ] DEBUG Engine               - Initializing environment variables
15:14:11.004 [FXGL Background Thread 1 ] DEBUG FXGLAssetLoaderServi - User app class for loading assets: class SuperBug
15:14:11.004 [FXGL Background Thread 1 ] DEBUG GameApplicationServi - Applying CSS: fxgl_dark.css
15:14:11.005 [FXGL Background Thread 1 ] DEBUG FXGLAssetLoaderServi - Loading from file system: jar:file:/C:/Users/lenovo/.m2/repository/com/github/almasb/fxgl/11.14/fxgl-11.14.jar!/fxglassets/ui/css/fxgl_dark.css
15:14:11.041 [FXGL Background Thread 1 ] DEBUG GameApplicationServi - Initializing application scenes
15:14:11.067 [FXGL Background Thread 1 ] DEBUG GameWorld            - Game world initialized
15:14:11.112 [FXGL Background Thread 1 ] DEBUG PhysicsWorld         - Physics world initialized: appHeight=800, physics.ppm=50.0
15:14:11.113 [FXGL Background Thread 1 ] DEBUG PhysicsWorld         - Using strategy: BRUTE_FORCE
15:14:11.114 [FXGL Background Thread 1 ] DEBUG GameScene            - Game scene initialized: 800x800
15:14:11.138 [FXGL Background Thread 1 ] DEBUG FXGLAssetLoaderServi - Loading from file system: jar:file:/C:/Users/lenovo/.m2/repository/com/github/almasb/fxgl/11.14/fxgl-11.14.jar!/fxglassets/textures/particles/trace_horizontal.png
15:14:11.173 [FXGL Background Thread 1 ] DEBUG FXGL.DefaultMenu     - createMenuBodyGameMenu()
15:14:11.182 [FXGL Background Thread 1 ] DEBUG FXGL.DefaultMenu     - createOptionsMenu()
15:14:11.186 [FXGL Background Thread 1 ] DEBUG FXGLAssetLoaderServi - Loading from file system: jar:file:/C:/Users/lenovo/.m2/repository/com/github/almasb/fxgl/11.14/fxgl-11.14.jar!/fxglassets/textures/particles/smoke.png
15:14:11.235 [FXGL Background Thread 1 ] DEBUG GameApplicationServi - Application scenes initialized
15:14:11.243 [FXGL Background Thread 1 ] DEBUG SystemBundleService  - Loading FXGL system data
15:14:11.246 [FXGL Background Thread 1 ] DEBUG FileSystemAccess     - Reading from: C:\Users\lenovo\My Drive\school\HBO bende\L1\P3\IPOSE Challengeweek\SuperBug\system\fxgl.bundle
15:14:11.251 [FXGL Background Thread 1 ] DEBUG SystemBundleService  - Bundle FXGL: {}
15:14:11.251 [FXGL Background Thread 1 ] DEBUG UpdaterService       - Checking for updates
15:14:11.254 [FXGL Background Thread 1 ] DEBUG FXGLApplication      - Loading default localization
15:14:11.255 [FXGL Background Thread 1 ] DEBUG FXGLAssetLoaderServi - Loading from file system: jar:file:/C:/Users/lenovo/.m2/repository/com/github/almasb/fxgl/11.14/fxgl-11.14.jar!/fxglassets/languages/english.lang
15:14:11.264 [FXGL Background Thread 4 ] DEBUG FXGLApplication      - Loading fonts
15:14:11.264 [FXGL Background Thread 4 ] DEBUG FXGLAssetLoaderServi - Loading from file system: jar:file:/C:/Users/lenovo/.m2/repository/com/github/almasb/fxgl/11.14/fxgl-11.14.jar!/fxglassets/ui/fonts/VarelaRound-Regular.ttf
15:14:11.279 [FXGL Background Thread 1 ] INFO  FXGLApplication      - FXGL initialization took: 0.304 sec
15:14:11.280 [JavaFX Application Thread] WARN  FXGLAssetLoaderServi - Asset "/assets/textures/./src/main/resources/icon.png" was not found!
15:14:11.280 [JavaFX Application Thread] WARN  FXGLAssetLoaderServi - Failed to load IMAGE
15:14:11.293 [JavaFX Application Thread] DEBUG FXGLAssetLoaderServi - Loading from file system: jar:file:/C:/Users/lenovo/.m2/repository/com/github/almasb/fxgl/11.14/fxgl-11.14.jar!/fxglassets/ui/cursors/fxgl_default.png
15:14:11.302 [JavaFX Application Thread] DEBUG Input                - Registered new binding: Screenshot - P
15:14:11.302 [JavaFX Application Thread] DEBUG Input                - Registered new binding: System info dump - CTRL+9
15:14:11.302 [JavaFX Application Thread] DEBUG Input                - Registered new binding: Restart - CTRL+R
15:14:11.303 [JavaFX Application Thread] DEBUG Input                - Registered new binding: Toggle Debug Camera - CTRL+C
15:14:11.305 [JavaFX Application Thread] DEBUG LoopRunner           - Starting loop
15:14:11.305 [JavaFX Application Thread] DEBUG LoopRunner           - Initializing JavaFX AnimationTimerLoop
15:14:11.306 [JavaFX Application Thread] DEBUG GameApplicationServi - Starting new game
15:14:11.306 [JavaFX Application Thread] DEBUG Input                - Clearing active input actions
15:14:11.306 [FXGL Background Thread 4 ] DEBUG FXGLAssetLoaderServi - Loading from file system: jar:file:/C:/Users/lenovo/.m2/repository/com/github/almasb/fxgl/11.14/fxgl-11.14.jar!/fxglassets/ui/fonts/Abel-Regular.ttf
15:14:11.309 [FXGL Background Thread 4 ] DEBUG FXGLAssetLoaderServi - Loading from file system: jar:file:/C:/Users/lenovo/.m2/repository/com/github/almasb/fxgl/11.14/fxgl-11.14.jar!/fxglassets/ui/fonts/lucida_console.ttf
15:14:11.314 [JavaFX Application Thread] DEBUG GameApplicationServi - Removing overlay from FXGLStartupScene and adding to FXGLLoadingScene
15:14:11.315 [JavaFX Application Thread] DEBUG PrimaryStageWindow   - FXGLStartupScene -> FXGLLoadingScene
15:14:11.315 [JavaFX Application Thread] DEBUG GameApplicationServi - Clearing previous game
15:14:11.315 [JavaFX Application Thread] DEBUG GameScene            - Clearing game scene
15:14:11.315 [JavaFX Application Thread] DEBUG GameWorld            - Clearing game world
15:14:11.315 [JavaFX Application Thread] DEBUG PhysicsWorld         - Clearing physics world
15:14:11.315 [FXGL Background Thread 4 ] DEBUG FXGLAssetLoaderServi - Loading from file system: jar:file:/C:/Users/lenovo/.m2/repository/com/github/almasb/fxgl/11.14/fxgl-11.14.jar!/fxglassets/ui/fonts/Courier-Prime.ttf
15:14:11.316 [FXGL Background Thread 1 ] DEBUG FXGLApplication      - Initializing game
15:14:11.319 [FXGL Background Thread 1 ] INFO  FXGLApplication      - Game initialization took: 0.002 sec
15:14:11.345 [JavaFX Application Thread] DEBUG Input                - Clearing active input actions
15:14:11.351 [JavaFX Application Thread] DEBUG GameApplicationServi - Removing overlay from FXGLLoadingScene and adding to GameScene
15:14:11.351 [JavaFX Application Thread] DEBUG PrimaryStageWindow   - FXGLLoadingScene -> GameScene
15:14:11.352 [JavaFX Application Thread] DEBUG FXGLApplication      - Registering font factories with UI factory
15:14:11.534 [FXGL Background Thread 2 ] INFO  UpdaterService       - Your current version:  11.14
15:14:11.534 [FXGL Background Thread 2 ] INFO  UpdaterService       - Latest stable version: 17.1
15:14:13.808 [JavaFX Application Thread] DEBUG FXGLApplication      - Exiting FXGL
15:14:13.808 [JavaFX Application Thread] DEBUG LoopRunner           - Stopping loop
15:14:13.808 [JavaFX Application Thread] DEBUG SystemBundleService  - Saving FXGL system data
15:14:13.811 [JavaFX Application Thread] DEBUG FileSystemAccess     - Writing to: C:\Users\lenovo\My Drive\school\HBO bende\L1\P3\IPOSE Challengeweek\SuperBug\system\fxgl.bundle
15:14:13.812 [JavaFX Application Thread] DEBUG Async                - Shutting down background threads
15:14:13.813 [JavaFX Application Thread] DEBUG PrimaryStageWindow   - Closing main window
15:14:13.823 [JavaFX Application Thread] DEBUG Logger               - Closing Logger
