15:07:48.097 [main                     ] DEBUG Logger               - Configured Logger
15:07:48.104 [main                     ] DEBUG GameApplication      - Logging settings
Title: Super Bug
Version: 1.0
Width: 800
Height: 800
Fullscreen: false
Intro: false
Profiling: false
Single step:false
App Mode: DEVELOPER
Menu Key: ESCAPE
Stage Style: DECORATED
Scene Factory: class com.almasb.fxgl.app.scene.SceneFactory

15:07:48.509 [JavaFX Application Thread] DEBUG FXGLApplication      - Initializing FXGL
15:07:48.510 [JavaFX Application Thread] INFO  Engine               - FXGL-11.14 (01.03.2021 16.59) on WINDOWS (J:17.0.1 FX:15)
15:07:48.511 [JavaFX Application Thread] DEBUG Engine               - JRE Vendor Name: Oracle Corporation
15:07:48.511 [JavaFX Application Thread] DEBUG Engine               - Running on OS: Windows 10 version 10.0
15:07:48.511 [JavaFX Application Thread] DEBUG Engine               - Architecture: amd64
15:07:48.511 [JavaFX Application Thread] INFO  Engine               - Source code and latest versions at: https://github.com/AlmasB/FXGL
15:07:48.511 [JavaFX Application Thread] INFO  Engine               -              Join the FXGL chat at: https://gitter.im/AlmasB/FXGL
15:07:48.627 [JavaFX Application Thread] DEBUG PrimaryStageWindow   - Creating a JavaFX scene
15:07:48.682 [JavaFX Application Thread] DEBUG PrimaryStageWindow   - Target settings size: 800.0 x 800.0
15:07:48.683 [JavaFX Application Thread] DEBUG PrimaryStageWindow   - Scaled scene size:    800.0 x 800.0
15:07:48.683 [JavaFX Application Thread] DEBUG PrimaryStageWindow   - Scaled ratio: (1.0, 1.0)
15:07:48.684 [JavaFX Application Thread] DEBUG PrimaryStageWindow   - Set initial scene to FXGLStartupScene
15:07:48.693 [JavaFX Application Thread] DEBUG PrimaryStageWindow   - Opening main window
15:07:48.792 [JavaFX Application Thread] DEBUG PrimaryStageWindow   - Window border size: (14.4000244140625, 37.5999755859375)
15:07:48.792 [JavaFX Application Thread] DEBUG PrimaryStageWindow   - Scaled size: 800.0 x 800.0
15:07:48.792 [JavaFX Application Thread] DEBUG PrimaryStageWindow   - Scaled ratio: (1.0, 1.0)
15:07:48.792 [JavaFX Application Thread] DEBUG PrimaryStageWindow   - Scene size: 800.0 x 800.0
15:07:48.793 [JavaFX Application Thread] DEBUG PrimaryStageWindow   - Stage size: 814.4000244140625 x 837.5999755859375
15:07:48.804 [FXGL Background Thread 1 ] DEBUG Engine               - Initializing environment variables
15:07:48.850 [FXGL Background Thread 1 ] DEBUG FXGLAssetLoaderServi - User app class for loading assets: class SuperBug
15:07:48.850 [FXGL Background Thread 1 ] DEBUG GameApplicationServi - Applying CSS: fxgl_dark.css
15:07:48.851 [FXGL Background Thread 1 ] DEBUG FXGLAssetLoaderServi - Loading from file system: jar:file:/C:/Users/Sil/.m2/repository/com/github/almasb/fxgl/11.14/fxgl-11.14.jar!/fxglassets/ui/css/fxgl_dark.css
15:07:48.902 [FXGL Background Thread 1 ] DEBUG GameApplicationServi - Initializing application scenes
15:07:48.961 [FXGL Background Thread 1 ] DEBUG GameWorld            - Game world initialized
15:07:49.025 [FXGL Background Thread 1 ] DEBUG PhysicsWorld         - Physics world initialized: appHeight=800, physics.ppm=50,0
15:07:49.025 [FXGL Background Thread 1 ] DEBUG PhysicsWorld         - Using strategy: BRUTE_FORCE
15:07:49.028 [FXGL Background Thread 1 ] DEBUG GameScene            - Game scene initialized: 800x800
15:07:49.063 [FXGL Background Thread 1 ] DEBUG FXGLAssetLoaderServi - Loading from file system: jar:file:/C:/Users/Sil/.m2/repository/com/github/almasb/fxgl/11.14/fxgl-11.14.jar!/fxglassets/textures/particles/trace_horizontal.png
15:07:49.111 [FXGL Background Thread 1 ] DEBUG FXGL.DefaultMenu     - createMenuBodyGameMenu()
15:07:49.127 [FXGL Background Thread 1 ] DEBUG FXGL.DefaultMenu     - createOptionsMenu()
15:07:49.134 [FXGL Background Thread 1 ] DEBUG FXGLAssetLoaderServi - Loading from file system: jar:file:/C:/Users/Sil/.m2/repository/com/github/almasb/fxgl/11.14/fxgl-11.14.jar!/fxglassets/textures/particles/smoke.png
15:07:49.206 [FXGL Background Thread 1 ] DEBUG GameApplicationServi - Application scenes initialized
15:07:49.222 [FXGL Background Thread 1 ] DEBUG SystemBundleService  - Loading FXGL system data
15:07:49.226 [FXGL Background Thread 1 ] DEBUG FileSystemAccess     - Reading from: C:\Users\Sil\Documents\GitHub\SuperBug\system\fxgl.bundle
15:07:49.233 [FXGL Background Thread 1 ] DEBUG SystemBundleService  - Bundle FXGL: {}
15:07:49.233 [FXGL Background Thread 1 ] DEBUG UpdaterService       - Checking for updates
15:07:49.237 [FXGL Background Thread 4 ] DEBUG FXGLApplication      - Loading fonts
15:07:49.238 [FXGL Background Thread 1 ] DEBUG FXGLApplication      - Loading default localization
15:07:49.238 [FXGL Background Thread 4 ] DEBUG FXGLAssetLoaderServi - Loading from file system: jar:file:/C:/Users/Sil/.m2/repository/com/github/almasb/fxgl/11.14/fxgl-11.14.jar!/fxglassets/ui/fonts/VarelaRound-Regular.ttf
15:07:49.238 [FXGL Background Thread 1 ] DEBUG FXGLAssetLoaderServi - Loading from file system: jar:file:/C:/Users/Sil/.m2/repository/com/github/almasb/fxgl/11.14/fxgl-11.14.jar!/fxglassets/languages/english.lang
15:07:49.258 [FXGL Background Thread 1 ] INFO  FXGLApplication      - FXGL initialization took: 0,453 sec
15:07:49.270 [JavaFX Application Thread] DEBUG Input                - Registered new binding: action0 - A
15:07:49.270 [JavaFX Application Thread] DEBUG Input                - Registered new binding: action1 - D
15:07:49.271 [JavaFX Application Thread] DEBUG Input                - Registered new binding: action2 - W
15:07:49.271 [JavaFX Application Thread] DEBUG Input                - Registered new binding: action3 - Space
15:07:49.272 [JavaFX Application Thread] DEBUG FXGLAssetLoaderServi - Loading from file system: file:/C:/Users/Sil/Documents/GitHub/SuperBug/target/classes/assets/textures/bug09.png
15:07:49.326 [FXGL Background Thread 4 ] DEBUG FXGLAssetLoaderServi - Loading from file system: jar:file:/C:/Users/Sil/.m2/repository/com/github/almasb/fxgl/11.14/fxgl-11.14.jar!/fxglassets/ui/fonts/Abel-Regular.ttf
15:07:49.334 [FXGL Background Thread 4 ] DEBUG FXGLAssetLoaderServi - Loading from file system: jar:file:/C:/Users/Sil/.m2/repository/com/github/almasb/fxgl/11.14/fxgl-11.14.jar!/fxglassets/ui/fonts/lucida_console.ttf
15:07:49.343 [FXGL Background Thread 4 ] DEBUG FXGLAssetLoaderServi - Loading from file system: jar:file:/C:/Users/Sil/.m2/repository/com/github/almasb/fxgl/11.14/fxgl-11.14.jar!/fxglassets/ui/fonts/Courier-Prime.ttf
15:07:49.404 [JavaFX Application Thread] DEBUG FXGLAssetLoaderServi - Loading from file system: jar:file:/C:/Users/Sil/.m2/repository/com/github/almasb/fxgl/11.14/fxgl-11.14.jar!/fxglassets/ui/cursors/fxgl_default.png
15:07:49.406 [JavaFX Application Thread] DEBUG Input                - Registered new binding: Screenshot - P
15:07:49.406 [JavaFX Application Thread] DEBUG Input                - Registered new binding: System info dump - CTRL+9
15:07:49.407 [JavaFX Application Thread] DEBUG Input                - Registered new binding: Restart - CTRL+R
15:07:49.408 [JavaFX Application Thread] DEBUG Input                - Registered new binding: Toggle Debug Camera - CTRL+C
15:07:49.412 [JavaFX Application Thread] DEBUG LoopRunner           - Starting loop
15:07:49.412 [JavaFX Application Thread] DEBUG LoopRunner           - Initializing JavaFX AnimationTimerLoop
15:07:49.414 [JavaFX Application Thread] DEBUG GameApplicationServi - Starting new game
15:07:49.415 [JavaFX Application Thread] DEBUG Input                - Clearing active input actions
15:07:49.427 [JavaFX Application Thread] DEBUG GameApplicationServi - Removing overlay from FXGLStartupScene and adding to FXGLLoadingScene
15:07:49.428 [JavaFX Application Thread] DEBUG PrimaryStageWindow   - FXGLStartupScene -> FXGLLoadingScene
15:07:49.428 [JavaFX Application Thread] DEBUG GameApplicationServi - Clearing previous game
15:07:49.428 [JavaFX Application Thread] DEBUG GameScene            - Clearing game scene
15:07:49.428 [JavaFX Application Thread] DEBUG GameWorld            - Clearing game world
15:07:49.429 [JavaFX Application Thread] DEBUG PhysicsWorld         - Clearing physics world
15:07:49.431 [JavaFX Application Thread] DEBUG FXGLApplication      - Registering font factories with UI factory
15:07:49.431 [FXGL Background Thread 4 ] DEBUG FXGLApplication      - Initializing game
15:07:49.452 [FXGL Background Thread 4 ] DEBUG FXGLAssetLoaderServi - Loading from file system: file:/C:/Users/Sil/Documents/GitHub/SuperBug/target/classes/assets/textures/bug01.png
15:07:49.538 [FXGL Background Thread 4 ] DEBUG FXGLAssetLoaderServi - Loading from file system: file:/C:/Users/Sil/Documents/GitHub/SuperBug/target/classes/assets/textures/enemy01.png
15:07:49.567 [FXGL Background Thread 4 ] INFO  FXGLApplication      - Game initialization took: 0,136 sec
15:07:49.574 [JavaFX Application Thread] DEBUG Input                - Clearing active input actions
15:07:49.582 [JavaFX Application Thread] DEBUG GameApplicationServi - Removing overlay from FXGLLoadingScene and adding to GameScene
15:07:49.582 [JavaFX Application Thread] DEBUG PrimaryStageWindow   - FXGLLoadingScene -> GameScene
15:07:49.631 [FXGL Background Thread 2 ] INFO  UpdaterService       - Your current version:  11.14
15:07:49.631 [FXGL Background Thread 2 ] INFO  UpdaterService       - Latest stable version: 17.1
15:07:52.237 [FXGL Background Thread 3 ] DEBUG Engine               - Logging environment variables
15:07:52.238 [FXGL Background Thread 3 ] DEBUG Engine               - achievements: []
15:07:52.238 [FXGL Background Thread 3 ] DEBUG Engine               - actualHeight: 800.0
15:07:52.238 [FXGL Background Thread 3 ] DEBUG Engine               - actualHeightProperty: ReadOnlyDoubleProperty [value: 800.0]
15:07:52.238 [FXGL Background Thread 3 ] DEBUG Engine               - actualWidth: 800.0
15:07:52.239 [FXGL Background Thread 3 ] DEBUG Engine               - actualWidthProperty: ReadOnlyDoubleProperty [value: 800.0]
15:07:52.239 [FXGL Background Thread 3 ] DEBUG Engine               - appIcon: bug09.png
15:07:52.239 [FXGL Background Thread 3 ] DEBUG Engine               - applicationMode: DEVELOPER
15:07:52.239 [FXGL Background Thread 3 ] DEBUG Engine               - cSSList: [fxgl_dark.css]
15:07:52.239 [FXGL Background Thread 3 ] DEBUG Engine               - collisionDetectionStrategy: BRUTE_FORCE
15:07:52.239 [FXGL Background Thread 3 ] DEBUG Engine               - configClass: Optional.empty
15:07:52.239 [FXGL Background Thread 3 ] DEBUG Engine               - credits: []
15:07:52.239 [FXGL Background Thread 3 ] DEBUG Engine               - devBBoxColorProperty: ObjectProperty [value: 0xff0000ff]
15:07:52.239 [FXGL Background Thread 3 ] DEBUG Engine               - devEnableDebugCameraProperty: BooleanProperty [value: false]
15:07:52.240 [FXGL Background Thread 3 ] DEBUG Engine               - devSensorColorProperty: ObjectProperty [value: 0xffff00ff]
15:07:52.240 [FXGL Background Thread 3 ] DEBUG Engine               - devShowBBoxProperty: BooleanProperty [value: false]
15:07:52.240 [FXGL Background Thread 3 ] DEBUG Engine               - devShowPositionProperty: BooleanProperty [value: false]
15:07:52.240 [FXGL Background Thread 3 ] DEBUG Engine               - enabledMenuItems: []
15:07:52.240 [FXGL Background Thread 3 ] DEBUG Engine               - engineServices: [class com.almasb.fxgl.app.services.FXGLAssetLoaderService, class com.almasb.fxgl.app.FXGLApplication$GameApplicationService, class com.almasb.fxgl.app.services.FXGLDialogService, class com.almasb.fxgl.app.services.IOTaskExecutorService, class com.almasb.fxgl.event.EventBusService, class com.almasb.fxgl.io.FileSystemService, class com.almasb.fxgl.localization.LocalizationService, class com.almasb.fxgl.app.services.SystemBundleService, class com.almasb.fxgl.profile.SaveLoadService, class com.almasb.fxgl.ui.FXGLUIFactoryServiceProvider, class com.almasb.fxgl.ui.FXGLDialogFactoryServiceProvider, class com.almasb.fxgl.audio.AudioPlayer, class com.almasb.fxgl.notification.impl.NotificationServiceProvider, class com.almasb.fxgl.achievement.AchievementService, class com.almasb.fxgl.cutscene.CutsceneService, class com.almasb.fxgl.minigames.MiniGameService, class com.almasb.fxgl.net.NetService, class com.almasb.fxgl.app.services.UpdaterService, class com.almasb.fxgl.dev.DevService]
15:07:52.240 [FXGL Background Thread 3 ] DEBUG Engine               - fontGame: Abel-Regular.ttf
15:07:52.240 [FXGL Background Thread 3 ] DEBUG Engine               - fontMono: lucida_console.ttf
15:07:52.240 [FXGL Background Thread 3 ] DEBUG Engine               - fontText: Courier-Prime.ttf
15:07:52.240 [FXGL Background Thread 3 ] DEBUG Engine               - fontUI: VarelaRound-Regular.ttf
15:07:52.240 [FXGL Background Thread 3 ] DEBUG Engine               - fullScreen: BooleanProperty [value: false]
15:07:52.241 [FXGL Background Thread 3 ] DEBUG Engine               - gameDifficulty: MEDIUM
15:07:52.241 [FXGL Background Thread 3 ] DEBUG Engine               - gameDifficultyProperty: ObjectProperty [value: MEDIUM]
15:07:52.241 [FXGL Background Thread 3 ] DEBUG Engine               - globalMusicVolume: 0.5
15:07:52.241 [FXGL Background Thread 3 ] DEBUG Engine               - globalMusicVolumeProperty: DoubleProperty [value: 0.5]
15:07:52.241 [FXGL Background Thread 3 ] DEBUG Engine               - globalSoundVolume: 0.5
15:07:52.241 [FXGL Background Thread 3 ] DEBUG Engine               - globalSoundVolumeProperty: DoubleProperty [value: 0.1]
15:07:52.241 [FXGL Background Thread 3 ] DEBUG Engine               - height: 800
15:07:52.241 [FXGL Background Thread 3 ] DEBUG Engine               - isAndroid: false
15:07:52.241 [FXGL Background Thread 3 ] DEBUG Engine               - isBrowser: false
15:07:52.241 [FXGL Background Thread 3 ] DEBUG Engine               - isClickFeedbackEnabled: false
15:07:52.241 [FXGL Background Thread 3 ] DEBUG Engine               - isCloseConfirmation: false
15:07:52.241 [FXGL Background Thread 3 ] DEBUG Engine               - isDesktop: true
15:07:52.242 [FXGL Background Thread 3 ] DEBUG Engine               - isDeveloperMenuEnabled: false
15:07:52.242 [FXGL Background Thread 3 ] DEBUG Engine               - isEntityPreloadEnabled: true
15:07:52.242 [FXGL Background Thread 3 ] DEBUG Engine               - isExperimental3D: false
15:07:52.242 [FXGL Background Thread 3 ] DEBUG Engine               - isExperimentalNative: false
15:07:52.242 [FXGL Background Thread 3 ] DEBUG Engine               - isExperimentalTiledLargeMap: false
15:07:52.242 [FXGL Background Thread 3 ] DEBUG Engine               - isFileSystemWriteAllowed: true
15:07:52.242 [FXGL Background Thread 3 ] DEBUG Engine               - isFullScreenAllowed: false
15:07:52.242 [FXGL Background Thread 3 ] DEBUG Engine               - isFullScreenFromStart: false
15:07:52.242 [FXGL Background Thread 3 ] DEBUG Engine               - isGameMenuEnabled: true
15:07:52.242 [FXGL Background Thread 3 ] DEBUG Engine               - isIOS: false
15:07:52.242 [FXGL Background Thread 3 ] DEBUG Engine               - isIntroEnabled: false
15:07:52.242 [FXGL Background Thread 3 ] DEBUG Engine               - isLinux: false
15:07:52.242 [FXGL Background Thread 3 ] DEBUG Engine               - isMac: false
15:07:52.242 [FXGL Background Thread 3 ] DEBUG Engine               - isMainMenuEnabled: false
15:07:52.243 [FXGL Background Thread 3 ] DEBUG Engine               - isManualResizeEnabled: false
15:07:52.243 [FXGL Background Thread 3 ] DEBUG Engine               - isMobile: false
15:07:52.243 [FXGL Background Thread 3 ] DEBUG Engine               - isPreserveResizeRatio: false
15:07:52.243 [FXGL Background Thread 3 ] DEBUG Engine               - isProfilingEnabled: false
15:07:52.243 [FXGL Background Thread 3 ] DEBUG Engine               - isScaleAffectedOnResize: true
15:07:52.243 [FXGL Background Thread 3 ] DEBUG Engine               - isSingleStep: false
15:07:52.243 [FXGL Background Thread 3 ] DEBUG Engine               - isUserProfileEnabled: false
15:07:52.243 [FXGL Background Thread 3 ] DEBUG Engine               - isWindows: true
15:07:52.243 [FXGL Background Thread 3 ] DEBUG Engine               - language: ObjectProperty [value: ENGLISH]
15:07:52.243 [FXGL Background Thread 3 ] DEBUG Engine               - menuKey: ESCAPE
15:07:52.243 [FXGL Background Thread 3 ] DEBUG Engine               - notificationViewClass: class com.almasb.fxgl.notification.view.XboxNotificationView
15:07:52.244 [FXGL Background Thread 3 ] DEBUG Engine               - pixelsPerMeter: 50.0
15:07:52.244 [FXGL Background Thread 3 ] DEBUG Engine               - platform: WINDOWS
15:07:52.244 [FXGL Background Thread 3 ] DEBUG Engine               - prefHeightProperty: ReadOnlyDoubleProperty [value: 800.0]
15:07:52.244 [FXGL Background Thread 3 ] DEBUG Engine               - prefWidthProperty: ReadOnlyDoubleProperty [value: 800.0]
15:07:52.244 [FXGL Background Thread 3 ] DEBUG Engine               - profileDir: profiles/
15:07:52.244 [FXGL Background Thread 3 ] DEBUG Engine               - profileName: StringProperty [value: DEFAULT]
15:07:52.244 [FXGL Background Thread 3 ] DEBUG Engine               - randomSeed: -1
15:07:52.244 [FXGL Background Thread 3 ] DEBUG Engine               - runtimeInfo: RuntimeInfo(platform=WINDOWS, version=11.14, build=01.03.2021 16.59)
15:07:52.244 [FXGL Background Thread 3 ] DEBUG Engine               - saveFileExt: sav
15:07:52.244 [FXGL Background Thread 3 ] DEBUG Engine               - scaledHeightProp$fxgl: DoubleProperty [bound, value: 800.0]
15:07:52.244 [FXGL Background Thread 3 ] DEBUG Engine               - scaledWidthProp$fxgl: DoubleProperty [bound, value: 800.0]
15:07:52.244 [FXGL Background Thread 3 ] DEBUG Engine               - sceneFactory: com.almasb.fxgl.app.scene.SceneFactory@1d801e02
15:07:52.244 [FXGL Background Thread 3 ] DEBUG Engine               - secondsIn24h: 60
15:07:52.245 [FXGL Background Thread 3 ] DEBUG Engine               - soundMenuBack: menu/back.wav
15:07:52.245 [FXGL Background Thread 3 ] DEBUG Engine               - soundMenuPress: menu/press.wav
15:07:52.245 [FXGL Background Thread 3 ] DEBUG Engine               - soundMenuSelect: menu/select.wav
15:07:52.245 [FXGL Background Thread 3 ] DEBUG Engine               - soundNotification: core/notification.wav
15:07:52.245 [FXGL Background Thread 3 ] DEBUG Engine               - stageStyle: DECORATED
15:07:52.245 [FXGL Background Thread 3 ] DEBUG Engine               - supportedLanguages: [ENGLISH, FRENCH, GERMAN, HUNGARIAN, RUSSIAN]
15:07:52.245 [FXGL Background Thread 3 ] DEBUG Engine               - ticksPerSecond: -1
15:07:52.245 [FXGL Background Thread 3 ] DEBUG Engine               - title: Super Bug
15:07:52.245 [FXGL Background Thread 3 ] DEBUG Engine               - urlGithub: https://github.com/AlmasB/FXGL
15:07:52.245 [FXGL Background Thread 3 ] DEBUG Engine               - urlLeaderboard: http://fxgl-top.herokuapp.com/
15:07:52.245 [FXGL Background Thread 3 ] DEBUG Engine               - urlPOM: https://raw.githubusercontent.com/AlmasB/FXGL/release/README.md
15:07:52.245 [FXGL Background Thread 3 ] DEBUG Engine               - userAppClass: class SuperBug
15:07:52.245 [FXGL Background Thread 3 ] DEBUG Engine               - version: 1.0
15:07:52.245 [FXGL Background Thread 3 ] DEBUG Engine               - versionCheckDays: 7
15:07:52.245 [FXGL Background Thread 3 ] DEBUG Engine               - width: 800
15:07:52.245 [FXGL Background Thread 3 ] DEBUG Engine               - Logging services
15:07:52.246 [FXGL Background Thread 3 ] DEBUG Engine               - class com.almasb.fxgl.app.services.FXGLAssetLoaderService
15:07:52.246 [FXGL Background Thread 3 ] DEBUG Engine               - class com.almasb.fxgl.app.FXGLApplication$GameApplicationService
15:07:52.246 [FXGL Background Thread 3 ] DEBUG Engine               - class com.almasb.fxgl.app.services.FXGLDialogService
15:07:52.246 [FXGL Background Thread 3 ] DEBUG Engine               - class com.almasb.fxgl.app.services.IOTaskExecutorService
15:07:52.246 [FXGL Background Thread 3 ] DEBUG Engine               - class com.almasb.fxgl.event.EventBusService
15:07:52.246 [FXGL Background Thread 3 ] DEBUG Engine               - class com.almasb.fxgl.io.FileSystemService
15:07:52.246 [FXGL Background Thread 3 ] DEBUG Engine               - class com.almasb.fxgl.localization.LocalizationService
15:07:52.246 [FXGL Background Thread 3 ] DEBUG Engine               - class com.almasb.fxgl.app.services.SystemBundleService
15:07:52.246 [FXGL Background Thread 3 ] DEBUG Engine               - class com.almasb.fxgl.profile.SaveLoadService
15:07:52.246 [FXGL Background Thread 3 ] DEBUG Engine               - class com.almasb.fxgl.ui.FXGLUIFactoryServiceProvider
15:07:52.246 [FXGL Background Thread 3 ] DEBUG Engine               - class com.almasb.fxgl.ui.FXGLDialogFactoryServiceProvider
15:07:52.246 [FXGL Background Thread 3 ] DEBUG Engine               - class com.almasb.fxgl.audio.AudioPlayer
15:07:52.246 [FXGL Background Thread 3 ] DEBUG Engine               - class com.almasb.fxgl.notification.impl.NotificationServiceProvider
15:07:52.246 [FXGL Background Thread 3 ] DEBUG Engine               - class com.almasb.fxgl.achievement.AchievementService
15:07:52.246 [FXGL Background Thread 3 ] DEBUG Engine               - class com.almasb.fxgl.cutscene.CutsceneService
15:07:52.246 [FXGL Background Thread 3 ] DEBUG Engine               - class com.almasb.fxgl.minigames.MiniGameService
15:07:52.246 [FXGL Background Thread 3 ] DEBUG Engine               - class com.almasb.fxgl.net.NetService
15:07:52.246 [FXGL Background Thread 3 ] DEBUG Engine               - class com.almasb.fxgl.app.services.UpdaterService
15:07:52.246 [FXGL Background Thread 3 ] DEBUG Engine               - class com.almasb.fxgl.dev.DevService
15:07:56.825 [JavaFX Application Thread] DEBUG FXGLApplication      - Exiting FXGL
15:07:56.825 [JavaFX Application Thread] DEBUG LoopRunner           - Stopping loop
15:07:56.825 [JavaFX Application Thread] DEBUG SystemBundleService  - Saving FXGL system data
15:07:56.826 [JavaFX Application Thread] DEBUG FileSystemAccess     - Writing to: C:\Users\Sil\Documents\GitHub\SuperBug\system\fxgl.bundle
15:07:56.828 [JavaFX Application Thread] DEBUG Async                - Shutting down background threads
15:07:56.828 [JavaFX Application Thread] DEBUG PrimaryStageWindow   - Closing main window
15:07:56.845 [JavaFX Application Thread] DEBUG Logger               - Closing Logger
