16:08:58.791 [main                     ] DEBUG Logger               - Configured Logger
16:08:58.798 [main                     ] DEBUG GameApplication      - Logging settings
Title: Super Bug
Version: 1.0
Width: 800
Height: 800
Fullscreen: false
Intro: false
Profiling: false
Single step:false
App Mode: DEVELOPER
Menu Key: ESCAPE
Stage Style: DECORATED
Scene Factory: class com.almasb.fxgl.app.scene.SceneFactory

16:08:59.049 [JavaFX Application Thread] DEBUG FXGLApplication      - Initializing FXGL
16:08:59.050 [JavaFX Application Thread] INFO  Engine               - FXGL-11.14 (01.03.2021 16.59) on WINDOWS (J:17.0.1 FX:15)
16:08:59.054 [JavaFX Application Thread] DEBUG Engine               - JRE Vendor Name: Oracle Corporation
16:08:59.054 [JavaFX Application Thread] DEBUG Engine               - Running on OS: Windows 10 version 10.0
16:08:59.054 [JavaFX Application Thread] DEBUG Engine               - Architecture: amd64
16:08:59.054 [JavaFX Application Thread] INFO  Engine               - Source code and latest versions at: https://github.com/AlmasB/FXGL
16:08:59.055 [JavaFX Application Thread] INFO  Engine               -              Join the FXGL chat at: https://gitter.im/AlmasB/FXGL
16:08:59.138 [JavaFX Application Thread] DEBUG PrimaryStageWindow   - Creating a JavaFX scene
16:08:59.179 [JavaFX Application Thread] DEBUG PrimaryStageWindow   - Target settings size: 800.0 x 800.0
16:08:59.179 [JavaFX Application Thread] DEBUG PrimaryStageWindow   - Scaled scene size:    800.0 x 800.0
16:08:59.179 [JavaFX Application Thread] DEBUG PrimaryStageWindow   - Scaled ratio: (1.0, 1.0)
16:08:59.180 [JavaFX Application Thread] DEBUG PrimaryStageWindow   - Set initial scene to FXGLStartupScene
16:08:59.185 [JavaFX Application Thread] DEBUG PrimaryStageWindow   - Opening main window
16:08:59.247 [JavaFX Application Thread] DEBUG PrimaryStageWindow   - Window border size: (16.0, 39.0)
16:08:59.247 [JavaFX Application Thread] DEBUG PrimaryStageWindow   - Scaled size: 800.0 x 800.0
16:08:59.247 [JavaFX Application Thread] DEBUG PrimaryStageWindow   - Scaled ratio: (1.0, 1.0)
16:08:59.247 [JavaFX Application Thread] DEBUG PrimaryStageWindow   - Scene size: 800.0 x 800.0
16:08:59.247 [JavaFX Application Thread] DEBUG PrimaryStageWindow   - Stage size: 816.0 x 839.0
16:08:59.254 [FXGL Background Thread 1 ] DEBUG Engine               - Initializing environment variables
16:08:59.282 [FXGL Background Thread 1 ] DEBUG FXGLAssetLoaderServi - User app class for loading assets: class SuperBug
16:08:59.282 [FXGL Background Thread 1 ] DEBUG GameApplicationServi - Applying CSS: fxgl_dark.css
16:08:59.283 [FXGL Background Thread 1 ] DEBUG FXGLAssetLoaderServi - Loading from file system: jar:file:/C:/Users/lenovo/.m2/repository/com/github/almasb/fxgl/11.14/fxgl-11.14.jar!/fxglassets/ui/css/fxgl_dark.css
16:08:59.314 [FXGL Background Thread 1 ] DEBUG GameApplicationServi - Initializing application scenes
16:08:59.342 [FXGL Background Thread 1 ] DEBUG GameWorld            - Game world initialized
16:08:59.391 [FXGL Background Thread 1 ] DEBUG PhysicsWorld         - Physics world initialized: appHeight=800, physics.ppm=50.0
16:08:59.391 [FXGL Background Thread 1 ] DEBUG PhysicsWorld         - Using strategy: BRUTE_FORCE
16:08:59.395 [FXGL Background Thread 1 ] DEBUG GameScene            - Game scene initialized: 800x800
16:08:59.426 [FXGL Background Thread 1 ] DEBUG FXGLAssetLoaderServi - Loading from file system: jar:file:/C:/Users/lenovo/.m2/repository/com/github/almasb/fxgl/11.14/fxgl-11.14.jar!/fxglassets/textures/particles/trace_horizontal.png
16:08:59.468 [FXGL Background Thread 1 ] DEBUG FXGL.DefaultMenu     - createMenuBodyGameMenu()
16:08:59.478 [FXGL Background Thread 1 ] DEBUG FXGL.DefaultMenu     - createOptionsMenu()
16:08:59.481 [FXGL Background Thread 1 ] DEBUG FXGLAssetLoaderServi - Loading from file system: jar:file:/C:/Users/lenovo/.m2/repository/com/github/almasb/fxgl/11.14/fxgl-11.14.jar!/fxglassets/textures/particles/smoke.png
16:08:59.542 [FXGL Background Thread 1 ] DEBUG GameApplicationServi - Application scenes initialized
16:08:59.551 [FXGL Background Thread 1 ] DEBUG SystemBundleService  - Loading FXGL system data
16:08:59.554 [FXGL Background Thread 1 ] DEBUG FileSystemAccess     - Reading from: C:\Users\lenovo\My Drive\school\HBO bende\L1\P3\IPOSE Challengeweek\SuperBug\system\fxgl.bundle
16:08:59.557 [FXGL Background Thread 1 ] DEBUG SystemBundleService  - Bundle FXGL: {}
16:08:59.557 [FXGL Background Thread 1 ] DEBUG UpdaterService       - Checking for updates
16:08:59.560 [FXGL Background Thread 4 ] DEBUG FXGLApplication      - Loading fonts
16:08:59.561 [FXGL Background Thread 1 ] DEBUG FXGLApplication      - Loading default localization
16:08:59.561 [FXGL Background Thread 4 ] DEBUG FXGLAssetLoaderServi - Loading from file system: jar:file:/C:/Users/lenovo/.m2/repository/com/github/almasb/fxgl/11.14/fxgl-11.14.jar!/fxglassets/ui/fonts/VarelaRound-Regular.ttf
16:08:59.561 [FXGL Background Thread 1 ] DEBUG FXGLAssetLoaderServi - Loading from file system: jar:file:/C:/Users/lenovo/.m2/repository/com/github/almasb/fxgl/11.14/fxgl-11.14.jar!/fxglassets/languages/english.lang
16:08:59.575 [FXGL Background Thread 1 ] INFO  FXGLApplication      - FXGL initialization took: 0.322 sec
16:08:59.576 [JavaFX Application Thread] DEBUG FXGLAssetLoaderServi - Loading from file system: file:/C:/Users/lenovo/My%20Drive/school/HBO%20bende/L1/P3/IPOSE%20Challengeweek/SuperBug/target/classes/assets/textures/bug09.png
16:08:59.598 [FXGL Background Thread 4 ] DEBUG FXGLAssetLoaderServi - Loading from file system: jar:file:/C:/Users/lenovo/.m2/repository/com/github/almasb/fxgl/11.14/fxgl-11.14.jar!/fxglassets/ui/fonts/Abel-Regular.ttf
16:08:59.603 [FXGL Background Thread 4 ] DEBUG FXGLAssetLoaderServi - Loading from file system: jar:file:/C:/Users/lenovo/.m2/repository/com/github/almasb/fxgl/11.14/fxgl-11.14.jar!/fxglassets/ui/fonts/lucida_console.ttf
16:08:59.608 [FXGL Background Thread 4 ] DEBUG FXGLAssetLoaderServi - Loading from file system: jar:file:/C:/Users/lenovo/.m2/repository/com/github/almasb/fxgl/11.14/fxgl-11.14.jar!/fxglassets/ui/fonts/Courier-Prime.ttf
16:08:59.682 [JavaFX Application Thread] DEBUG FXGLAssetLoaderServi - Loading from file system: jar:file:/C:/Users/lenovo/.m2/repository/com/github/almasb/fxgl/11.14/fxgl-11.14.jar!/fxglassets/ui/cursors/fxgl_default.png
16:08:59.689 [JavaFX Application Thread] DEBUG Input                - Registered new binding: Screenshot - P
16:08:59.690 [JavaFX Application Thread] DEBUG Input                - Registered new binding: System info dump - CTRL+9
16:08:59.690 [JavaFX Application Thread] DEBUG Input                - Registered new binding: Restart - CTRL+R
16:08:59.690 [JavaFX Application Thread] DEBUG Input                - Registered new binding: Toggle Debug Camera - CTRL+C
16:08:59.692 [JavaFX Application Thread] DEBUG LoopRunner           - Starting loop
16:08:59.693 [JavaFX Application Thread] DEBUG LoopRunner           - Initializing JavaFX AnimationTimerLoop
16:08:59.694 [JavaFX Application Thread] DEBUG GameApplicationServi - Starting new game
16:08:59.694 [JavaFX Application Thread] DEBUG Input                - Clearing active input actions
16:08:59.704 [JavaFX Application Thread] DEBUG GameApplicationServi - Removing overlay from FXGLStartupScene and adding to FXGLLoadingScene
16:08:59.705 [JavaFX Application Thread] DEBUG PrimaryStageWindow   - FXGLStartupScene -> FXGLLoadingScene
16:08:59.705 [JavaFX Application Thread] DEBUG GameApplicationServi - Clearing previous game
16:08:59.705 [JavaFX Application Thread] DEBUG GameScene            - Clearing game scene
16:08:59.705 [JavaFX Application Thread] DEBUG GameWorld            - Clearing game world
16:08:59.705 [JavaFX Application Thread] DEBUG PhysicsWorld         - Clearing physics world
16:08:59.706 [JavaFX Application Thread] DEBUG FXGLApplication      - Registering font factories with UI factory
16:08:59.706 [FXGL Background Thread 4 ] DEBUG FXGLApplication      - Initializing game
16:08:59.707 [FXGL Background Thread 4 ] INFO  FXGLApplication      - Game initialization took: 0.001 sec
16:08:59.738 [JavaFX Application Thread] DEBUG Input                - Clearing active input actions
16:08:59.746 [JavaFX Application Thread] DEBUG GameApplicationServi - Removing overlay from FXGLLoadingScene and adding to GameScene
16:08:59.747 [JavaFX Application Thread] DEBUG PrimaryStageWindow   - FXGLLoadingScene -> GameScene
16:08:59.828 [FXGL Background Thread 2 ] INFO  UpdaterService       - Your current version:  11.14
16:08:59.828 [FXGL Background Thread 2 ] INFO  UpdaterService       - Latest stable version: 17.1
16:09:02.560 [FXGL Background Thread 3 ] DEBUG Engine               - Logging environment variables
16:09:02.561 [FXGL Background Thread 3 ] DEBUG Engine               - achievements: []
16:09:02.561 [FXGL Background Thread 3 ] DEBUG Engine               - actualHeight: 800.0
16:09:02.561 [FXGL Background Thread 3 ] DEBUG Engine               - actualHeightProperty: ReadOnlyDoubleProperty [value: 800.0]
16:09:02.561 [FXGL Background Thread 3 ] DEBUG Engine               - actualWidth: 800.0
16:09:02.561 [FXGL Background Thread 3 ] DEBUG Engine               - actualWidthProperty: ReadOnlyDoubleProperty [value: 800.0]
16:09:02.562 [FXGL Background Thread 3 ] DEBUG Engine               - appIcon: bug09.png
16:09:02.562 [FXGL Background Thread 3 ] DEBUG Engine               - applicationMode: DEVELOPER
16:09:02.562 [FXGL Background Thread 3 ] DEBUG Engine               - cSSList: [fxgl_dark.css]
16:09:02.562 [FXGL Background Thread 3 ] DEBUG Engine               - collisionDetectionStrategy: BRUTE_FORCE
16:09:02.562 [FXGL Background Thread 3 ] DEBUG Engine               - configClass: Optional.empty
16:09:02.562 [FXGL Background Thread 3 ] DEBUG Engine               - credits: []
16:09:02.563 [FXGL Background Thread 3 ] DEBUG Engine               - devBBoxColorProperty: ObjectProperty [value: 0xff0000ff]
16:09:02.563 [FXGL Background Thread 3 ] DEBUG Engine               - devEnableDebugCameraProperty: BooleanProperty [value: false]
16:09:02.563 [FXGL Background Thread 3 ] DEBUG Engine               - devSensorColorProperty: ObjectProperty [value: 0xffff00ff]
16:09:02.563 [FXGL Background Thread 3 ] DEBUG Engine               - devShowBBoxProperty: BooleanProperty [value: false]
16:09:02.564 [FXGL Background Thread 3 ] DEBUG Engine               - devShowPositionProperty: BooleanProperty [value: false]
16:09:02.564 [FXGL Background Thread 3 ] DEBUG Engine               - enabledMenuItems: []
16:09:02.564 [FXGL Background Thread 3 ] DEBUG Engine               - engineServices: [class com.almasb.fxgl.app.services.FXGLAssetLoaderService, class com.almasb.fxgl.app.FXGLApplication$GameApplicationService, class com.almasb.fxgl.app.services.FXGLDialogService, class com.almasb.fxgl.app.services.IOTaskExecutorService, class com.almasb.fxgl.event.EventBusService, class com.almasb.fxgl.io.FileSystemService, class com.almasb.fxgl.localization.LocalizationService, class com.almasb.fxgl.app.services.SystemBundleService, class com.almasb.fxgl.profile.SaveLoadService, class com.almasb.fxgl.ui.FXGLUIFactoryServiceProvider, class com.almasb.fxgl.ui.FXGLDialogFactoryServiceProvider, class com.almasb.fxgl.audio.AudioPlayer, class com.almasb.fxgl.notification.impl.NotificationServiceProvider, class com.almasb.fxgl.achievement.AchievementService, class com.almasb.fxgl.cutscene.CutsceneService, class com.almasb.fxgl.minigames.MiniGameService, class com.almasb.fxgl.net.NetService, class com.almasb.fxgl.app.services.UpdaterService, class com.almasb.fxgl.dev.DevService]
16:09:02.564 [FXGL Background Thread 3 ] DEBUG Engine               - fontGame: Abel-Regular.ttf
16:09:02.564 [FXGL Background Thread 3 ] DEBUG Engine               - fontMono: lucida_console.ttf
16:09:02.565 [FXGL Background Thread 3 ] DEBUG Engine               - fontText: Courier-Prime.ttf
16:09:02.565 [FXGL Background Thread 3 ] DEBUG Engine               - fontUI: VarelaRound-Regular.ttf
16:09:02.565 [FXGL Background Thread 3 ] DEBUG Engine               - fullScreen: BooleanProperty [value: false]
16:09:02.565 [FXGL Background Thread 3 ] DEBUG Engine               - gameDifficulty: MEDIUM
16:09:02.565 [FXGL Background Thread 3 ] DEBUG Engine               - gameDifficultyProperty: ObjectProperty [value: MEDIUM]
16:09:02.565 [FXGL Background Thread 3 ] DEBUG Engine               - globalMusicVolume: 0.5
16:09:02.566 [FXGL Background Thread 3 ] DEBUG Engine               - globalMusicVolumeProperty: DoubleProperty [value: 0.5]
16:09:02.566 [FXGL Background Thread 3 ] DEBUG Engine               - globalSoundVolume: 0.5
16:09:02.566 [FXGL Background Thread 3 ] DEBUG Engine               - globalSoundVolumeProperty: DoubleProperty [value: 0.5]
16:09:02.566 [FXGL Background Thread 3 ] DEBUG Engine               - height: 800
16:09:02.566 [FXGL Background Thread 3 ] DEBUG Engine               - isAndroid: false
16:09:02.566 [FXGL Background Thread 3 ] DEBUG Engine               - isBrowser: false
16:09:02.566 [FXGL Background Thread 3 ] DEBUG Engine               - isClickFeedbackEnabled: false
16:09:02.567 [FXGL Background Thread 3 ] DEBUG Engine               - isCloseConfirmation: false
16:09:02.567 [FXGL Background Thread 3 ] DEBUG Engine               - isDesktop: true
16:09:02.567 [FXGL Background Thread 3 ] DEBUG Engine               - isDeveloperMenuEnabled: false
16:09:02.567 [FXGL Background Thread 3 ] DEBUG Engine               - isEntityPreloadEnabled: true
16:09:02.567 [FXGL Background Thread 3 ] DEBUG Engine               - isExperimental3D: false
16:09:02.567 [FXGL Background Thread 3 ] DEBUG Engine               - isExperimentalNative: false
16:09:02.567 [FXGL Background Thread 3 ] DEBUG Engine               - isExperimentalTiledLargeMap: false
16:09:02.567 [FXGL Background Thread 3 ] DEBUG Engine               - isFileSystemWriteAllowed: true
16:09:02.567 [FXGL Background Thread 3 ] DEBUG Engine               - isFullScreenAllowed: false
16:09:02.567 [FXGL Background Thread 3 ] DEBUG Engine               - isFullScreenFromStart: false
16:09:02.567 [FXGL Background Thread 3 ] DEBUG Engine               - isGameMenuEnabled: true
16:09:02.568 [FXGL Background Thread 3 ] DEBUG Engine               - isIOS: false
16:09:02.568 [FXGL Background Thread 3 ] DEBUG Engine               - isIntroEnabled: false
16:09:02.568 [FXGL Background Thread 3 ] DEBUG Engine               - isLinux: false
16:09:02.568 [FXGL Background Thread 3 ] DEBUG Engine               - isMac: false
16:09:02.568 [FXGL Background Thread 3 ] DEBUG Engine               - isMainMenuEnabled: false
16:09:02.568 [FXGL Background Thread 3 ] DEBUG Engine               - isManualResizeEnabled: false
16:09:02.568 [FXGL Background Thread 3 ] DEBUG Engine               - isMobile: false
16:09:02.568 [FXGL Background Thread 3 ] DEBUG Engine               - isPreserveResizeRatio: false
16:09:02.568 [FXGL Background Thread 3 ] DEBUG Engine               - isProfilingEnabled: false
16:09:02.568 [FXGL Background Thread 3 ] DEBUG Engine               - isScaleAffectedOnResize: true
16:09:02.568 [FXGL Background Thread 3 ] DEBUG Engine               - isSingleStep: false
16:09:02.568 [FXGL Background Thread 3 ] DEBUG Engine               - isUserProfileEnabled: false
16:09:02.568 [FXGL Background Thread 3 ] DEBUG Engine               - isWindows: true
16:09:02.568 [FXGL Background Thread 3 ] DEBUG Engine               - language: ObjectProperty [value: ENGLISH]
16:09:02.568 [FXGL Background Thread 3 ] DEBUG Engine               - menuKey: ESCAPE
16:09:02.568 [FXGL Background Thread 3 ] DEBUG Engine               - notificationViewClass: class com.almasb.fxgl.notification.view.XboxNotificationView
16:09:02.569 [FXGL Background Thread 3 ] DEBUG Engine               - pixelsPerMeter: 50.0
16:09:02.569 [FXGL Background Thread 3 ] DEBUG Engine               - platform: WINDOWS
16:09:02.569 [FXGL Background Thread 3 ] DEBUG Engine               - prefHeightProperty: ReadOnlyDoubleProperty [value: 800.0]
16:09:02.569 [FXGL Background Thread 3 ] DEBUG Engine               - prefWidthProperty: ReadOnlyDoubleProperty [value: 800.0]
16:09:02.569 [FXGL Background Thread 3 ] DEBUG Engine               - profileDir: profiles/
16:09:02.569 [FXGL Background Thread 3 ] DEBUG Engine               - profileName: StringProperty [value: DEFAULT]
16:09:02.569 [FXGL Background Thread 3 ] DEBUG Engine               - randomSeed: -1
16:09:02.569 [FXGL Background Thread 3 ] DEBUG Engine               - runtimeInfo: RuntimeInfo(platform=WINDOWS, version=11.14, build=01.03.2021 16.59)
16:09:02.569 [FXGL Background Thread 3 ] DEBUG Engine               - saveFileExt: sav
16:09:02.569 [FXGL Background Thread 3 ] DEBUG Engine               - scaledHeightProp$fxgl: DoubleProperty [bound, value: 800.0]
16:09:02.569 [FXGL Background Thread 3 ] DEBUG Engine               - scaledWidthProp$fxgl: DoubleProperty [bound, value: 800.0]
16:09:02.569 [FXGL Background Thread 3 ] DEBUG Engine               - sceneFactory: com.almasb.fxgl.app.scene.SceneFactory@14a44bad
16:09:02.569 [FXGL Background Thread 3 ] DEBUG Engine               - secondsIn24h: 60
16:09:02.569 [FXGL Background Thread 3 ] DEBUG Engine               - soundMenuBack: menu/back.wav
16:09:02.569 [FXGL Background Thread 3 ] DEBUG Engine               - soundMenuPress: menu/press.wav
16:09:02.569 [FXGL Background Thread 3 ] DEBUG Engine               - soundMenuSelect: menu/select.wav
16:09:02.569 [FXGL Background Thread 3 ] DEBUG Engine               - soundNotification: core/notification.wav
16:09:02.569 [FXGL Background Thread 3 ] DEBUG Engine               - stageStyle: DECORATED
16:09:02.570 [FXGL Background Thread 3 ] DEBUG Engine               - supportedLanguages: [ENGLISH, FRENCH, GERMAN, HUNGARIAN, RUSSIAN]
16:09:02.570 [FXGL Background Thread 3 ] DEBUG Engine               - ticksPerSecond: -1
16:09:02.570 [FXGL Background Thread 3 ] DEBUG Engine               - title: Super Bug
16:09:02.570 [FXGL Background Thread 3 ] DEBUG Engine               - urlGithub: https://github.com/AlmasB/FXGL
16:09:02.570 [FXGL Background Thread 3 ] DEBUG Engine               - urlLeaderboard: http://fxgl-top.herokuapp.com/
16:09:02.570 [FXGL Background Thread 3 ] DEBUG Engine               - urlPOM: https://raw.githubusercontent.com/AlmasB/FXGL/release/README.md
16:09:02.570 [FXGL Background Thread 3 ] DEBUG Engine               - userAppClass: class SuperBug
16:09:02.570 [FXGL Background Thread 3 ] DEBUG Engine               - version: 1.0
16:09:02.570 [FXGL Background Thread 3 ] DEBUG Engine               - versionCheckDays: 7
16:09:02.570 [FXGL Background Thread 3 ] DEBUG Engine               - width: 800
16:09:02.570 [FXGL Background Thread 3 ] DEBUG Engine               - Logging services
16:09:02.570 [FXGL Background Thread 3 ] DEBUG Engine               - class com.almasb.fxgl.app.services.FXGLAssetLoaderService
16:09:02.570 [FXGL Background Thread 3 ] DEBUG Engine               - class com.almasb.fxgl.app.FXGLApplication$GameApplicationService
16:09:02.570 [FXGL Background Thread 3 ] DEBUG Engine               - class com.almasb.fxgl.app.services.FXGLDialogService
16:09:02.570 [FXGL Background Thread 3 ] DEBUG Engine               - class com.almasb.fxgl.app.services.IOTaskExecutorService
16:09:02.570 [FXGL Background Thread 3 ] DEBUG Engine               - class com.almasb.fxgl.event.EventBusService
16:09:02.570 [FXGL Background Thread 3 ] DEBUG Engine               - class com.almasb.fxgl.io.FileSystemService
16:09:02.570 [FXGL Background Thread 3 ] DEBUG Engine               - class com.almasb.fxgl.localization.LocalizationService
16:09:02.570 [FXGL Background Thread 3 ] DEBUG Engine               - class com.almasb.fxgl.app.services.SystemBundleService
16:09:02.570 [FXGL Background Thread 3 ] DEBUG Engine               - class com.almasb.fxgl.profile.SaveLoadService
16:09:02.571 [FXGL Background Thread 3 ] DEBUG Engine               - class com.almasb.fxgl.ui.FXGLUIFactoryServiceProvider
16:09:02.571 [FXGL Background Thread 3 ] DEBUG Engine               - class com.almasb.fxgl.ui.FXGLDialogFactoryServiceProvider
16:09:02.571 [FXGL Background Thread 3 ] DEBUG Engine               - class com.almasb.fxgl.audio.AudioPlayer
16:09:02.571 [FXGL Background Thread 3 ] DEBUG Engine               - class com.almasb.fxgl.notification.impl.NotificationServiceProvider
16:09:02.571 [FXGL Background Thread 3 ] DEBUG Engine               - class com.almasb.fxgl.achievement.AchievementService
16:09:02.571 [FXGL Background Thread 3 ] DEBUG Engine               - class com.almasb.fxgl.cutscene.CutsceneService
16:09:02.571 [FXGL Background Thread 3 ] DEBUG Engine               - class com.almasb.fxgl.minigames.MiniGameService
16:09:02.571 [FXGL Background Thread 3 ] DEBUG Engine               - class com.almasb.fxgl.net.NetService
16:09:02.571 [FXGL Background Thread 3 ] DEBUG Engine               - class com.almasb.fxgl.app.services.UpdaterService
16:09:02.571 [FXGL Background Thread 3 ] DEBUG Engine               - class com.almasb.fxgl.dev.DevService
16:09:04.054 [JavaFX Application Thread] DEBUG FXGLApplication      - Exiting FXGL
16:09:04.054 [JavaFX Application Thread] DEBUG LoopRunner           - Stopping loop
16:09:04.055 [JavaFX Application Thread] DEBUG SystemBundleService  - Saving FXGL system data
16:09:04.056 [JavaFX Application Thread] DEBUG FileSystemAccess     - Writing to: C:\Users\lenovo\My Drive\school\HBO bende\L1\P3\IPOSE Challengeweek\SuperBug\system\fxgl.bundle
16:09:04.057 [JavaFX Application Thread] DEBUG Async                - Shutting down background threads
16:09:04.057 [JavaFX Application Thread] DEBUG PrimaryStageWindow   - Closing main window
16:09:04.066 [JavaFX Application Thread] DEBUG Logger               - Closing Logger
