09:20:55.173 [main                     ] DEBUG Logger               - Configured Logger
09:20:55.176 [main                     ] DEBUG GameApplication      - Logging settings
Title: Super Bug
Version: 1.0
Width: 800
Height: 800
Fullscreen: false
Intro: false
Profiling: false
Single step:false
App Mode: DEVELOPER
Menu Key: ESCAPE
Stage Style: DECORATED
Scene Factory: class com.almasb.fxgl.app.scene.SceneFactory

09:20:55.422 [JavaFX Application Thread] DEBUG FXGLApplication      - Initializing FXGL
09:20:55.425 [JavaFX Application Thread] INFO  Engine               - FXGL-11.14 (01.03.2021 16.59) on WINDOWS (J:17.0.1 FX:15)
09:20:55.425 [JavaFX Application Thread] DEBUG Engine               - JRE Vendor Name: Oracle Corporation
09:20:55.425 [JavaFX Application Thread] DEBUG Engine               - Running on OS: Windows 10 version 10.0
09:20:55.425 [JavaFX Application Thread] DEBUG Engine               - Architecture: amd64
09:20:55.425 [JavaFX Application Thread] INFO  Engine               - Source code and latest versions at: https://github.com/AlmasB/FXGL
09:20:55.425 [JavaFX Application Thread] INFO  Engine               -              Join the FXGL chat at: https://gitter.im/AlmasB/FXGL
09:20:55.507 [JavaFX Application Thread] DEBUG PrimaryStageWindow   - Creating a JavaFX scene
09:20:55.544 [JavaFX Application Thread] DEBUG PrimaryStageWindow   - Target settings size: 800.0 x 800.0
09:20:55.544 [JavaFX Application Thread] DEBUG PrimaryStageWindow   - Scaled scene size:    800.0 x 800.0
09:20:55.544 [JavaFX Application Thread] DEBUG PrimaryStageWindow   - Scaled ratio: (1.0, 1.0)
09:20:55.546 [JavaFX Application Thread] DEBUG PrimaryStageWindow   - Set initial scene to FXGLStartupScene
09:20:55.550 [JavaFX Application Thread] DEBUG PrimaryStageWindow   - Opening main window
09:20:55.613 [JavaFX Application Thread] DEBUG PrimaryStageWindow   - Window border size: (16.0, 39.0)
09:20:55.614 [JavaFX Application Thread] DEBUG PrimaryStageWindow   - Scaled size: 800.0 x 800.0
09:20:55.614 [JavaFX Application Thread] DEBUG PrimaryStageWindow   - Scaled ratio: (1.0, 1.0)
09:20:55.614 [JavaFX Application Thread] DEBUG PrimaryStageWindow   - Scene size: 800.0 x 800.0
09:20:55.614 [JavaFX Application Thread] DEBUG PrimaryStageWindow   - Stage size: 816.0 x 839.0
09:20:55.620 [FXGL Background Thread 1 ] DEBUG Engine               - Initializing environment variables
09:20:55.650 [FXGL Background Thread 1 ] DEBUG FXGLAssetLoaderServi - User app class for loading assets: class SuperBug
09:20:55.650 [FXGL Background Thread 1 ] DEBUG GameApplicationServi - Applying CSS: fxgl_dark.css
09:20:55.651 [FXGL Background Thread 1 ] DEBUG FXGLAssetLoaderServi - Loading from file system: jar:file:/C:/Users/lenovo/.m2/repository/com/github/almasb/fxgl/11.14/fxgl-11.14.jar!/fxglassets/ui/css/fxgl_dark.css
09:20:55.688 [FXGL Background Thread 1 ] DEBUG GameApplicationServi - Initializing application scenes
09:20:55.714 [FXGL Background Thread 1 ] DEBUG GameWorld            - Game world initialized
09:20:55.757 [FXGL Background Thread 1 ] DEBUG PhysicsWorld         - Physics world initialized: appHeight=800, physics.ppm=50.0
09:20:55.758 [FXGL Background Thread 1 ] DEBUG PhysicsWorld         - Using strategy: BRUTE_FORCE
09:20:55.760 [FXGL Background Thread 1 ] DEBUG GameScene            - Game scene initialized: 800x800
09:20:55.783 [FXGL Background Thread 1 ] DEBUG FXGLAssetLoaderServi - Loading from file system: jar:file:/C:/Users/lenovo/.m2/repository/com/github/almasb/fxgl/11.14/fxgl-11.14.jar!/fxglassets/textures/particles/trace_horizontal.png
09:20:55.815 [FXGL Background Thread 1 ] DEBUG FXGL.DefaultMenu     - createMenuBodyGameMenu()
09:20:55.826 [FXGL Background Thread 1 ] DEBUG FXGL.DefaultMenu     - createOptionsMenu()
09:20:55.829 [FXGL Background Thread 1 ] DEBUG FXGLAssetLoaderServi - Loading from file system: jar:file:/C:/Users/lenovo/.m2/repository/com/github/almasb/fxgl/11.14/fxgl-11.14.jar!/fxglassets/textures/particles/smoke.png
09:20:55.871 [FXGL Background Thread 1 ] DEBUG GameApplicationServi - Application scenes initialized
09:20:55.878 [FXGL Background Thread 1 ] DEBUG SystemBundleService  - Loading FXGL system data
09:20:55.881 [FXGL Background Thread 1 ] DEBUG FileSystemAccess     - Reading from: C:\Users\lenovo\My Drive\school\HBO bende\L1\P3\IPOSE Challengeweek\SuperBug\system\fxgl.bundle
09:20:55.885 [FXGL Background Thread 1 ] DEBUG SystemBundleService  - Bundle FXGL: {}
09:20:55.885 [FXGL Background Thread 1 ] DEBUG UpdaterService       - Checking for updates
09:20:55.888 [FXGL Background Thread 4 ] DEBUG FXGLApplication      - Loading fonts
09:20:55.889 [FXGL Background Thread 4 ] DEBUG FXGLAssetLoaderServi - Loading from file system: jar:file:/C:/Users/lenovo/.m2/repository/com/github/almasb/fxgl/11.14/fxgl-11.14.jar!/fxglassets/ui/fonts/VarelaRound-Regular.ttf
09:20:55.889 [FXGL Background Thread 1 ] DEBUG FXGLApplication      - Loading default localization
09:20:55.889 [FXGL Background Thread 1 ] DEBUG FXGLAssetLoaderServi - Loading from file system: jar:file:/C:/Users/lenovo/.m2/repository/com/github/almasb/fxgl/11.14/fxgl-11.14.jar!/fxglassets/languages/english.lang
09:20:55.903 [FXGL Background Thread 1 ] INFO  FXGLApplication      - FXGL initialization took: 0.282 sec
09:20:55.913 [JavaFX Application Thread] DEBUG Input                - Registered new binding: action0 - W
09:20:55.913 [JavaFX Application Thread] DEBUG Input                - Registered new binding: action1 - A
09:20:55.914 [JavaFX Application Thread] DEBUG Input                - Registered new binding: action2 - S
09:20:55.914 [JavaFX Application Thread] DEBUG Input                - Registered new binding: action3 - D
09:20:55.914 [JavaFX Application Thread] DEBUG FXGLAssetLoaderServi - Loading from file system: file:/C:/Users/lenovo/My%20Drive/school/HBO%20bende/L1/P3/IPOSE%20Challengeweek/SuperBug/target/classes/assets/textures/bug09.png
09:20:55.935 [FXGL Background Thread 4 ] DEBUG FXGLAssetLoaderServi - Loading from file system: jar:file:/C:/Users/lenovo/.m2/repository/com/github/almasb/fxgl/11.14/fxgl-11.14.jar!/fxglassets/ui/fonts/Abel-Regular.ttf
09:20:55.938 [FXGL Background Thread 4 ] DEBUG FXGLAssetLoaderServi - Loading from file system: jar:file:/C:/Users/lenovo/.m2/repository/com/github/almasb/fxgl/11.14/fxgl-11.14.jar!/fxglassets/ui/fonts/lucida_console.ttf
09:20:55.943 [FXGL Background Thread 4 ] DEBUG FXGLAssetLoaderServi - Loading from file system: jar:file:/C:/Users/lenovo/.m2/repository/com/github/almasb/fxgl/11.14/fxgl-11.14.jar!/fxglassets/ui/fonts/Courier-Prime.ttf
09:20:56.021 [JavaFX Application Thread] DEBUG FXGLAssetLoaderServi - Loading from file system: jar:file:/C:/Users/lenovo/.m2/repository/com/github/almasb/fxgl/11.14/fxgl-11.14.jar!/fxglassets/ui/cursors/fxgl_default.png
09:20:56.022 [JavaFX Application Thread] DEBUG Input                - Registered new binding: Screenshot - P
09:20:56.022 [JavaFX Application Thread] DEBUG Input                - Registered new binding: System info dump - CTRL+9
09:20:56.022 [JavaFX Application Thread] DEBUG Input                - Registered new binding: Restart - CTRL+R
09:20:56.023 [JavaFX Application Thread] DEBUG Input                - Registered new binding: Toggle Debug Camera - CTRL+C
09:20:56.024 [JavaFX Application Thread] DEBUG LoopRunner           - Starting loop
09:20:56.024 [JavaFX Application Thread] DEBUG LoopRunner           - Initializing JavaFX AnimationTimerLoop
09:20:56.026 [JavaFX Application Thread] DEBUG GameApplicationServi - Starting new game
09:20:56.026 [JavaFX Application Thread] DEBUG Input                - Clearing active input actions
09:20:56.033 [JavaFX Application Thread] DEBUG GameApplicationServi - Removing overlay from FXGLStartupScene and adding to FXGLLoadingScene
09:20:56.034 [JavaFX Application Thread] DEBUG PrimaryStageWindow   - FXGLStartupScene -> FXGLLoadingScene
09:20:56.034 [JavaFX Application Thread] DEBUG GameApplicationServi - Clearing previous game
09:20:56.034 [JavaFX Application Thread] DEBUG GameScene            - Clearing game scene
09:20:56.034 [JavaFX Application Thread] DEBUG GameWorld            - Clearing game world
09:20:56.034 [JavaFX Application Thread] DEBUG PhysicsWorld         - Clearing physics world
09:20:56.035 [JavaFX Application Thread] DEBUG FXGLApplication      - Registering font factories with UI factory
09:20:56.036 [FXGL Background Thread 4 ] DEBUG FXGLApplication      - Initializing game
09:20:56.040 [FXGL Background Thread 4 ] DEBUG FXGLAssetLoaderServi - Loading from file system: file:/C:/Users/lenovo/My%20Drive/school/HBO%20bende/L1/P3/IPOSE%20Challengeweek/SuperBug/target/classes/assets/textures/bug01.png
09:20:56.089 [FXGL Background Thread 4 ] INFO  FXGLApplication      - Game initialization took: 0.053 sec
09:20:56.144 [FXGL Background Thread 2 ] INFO  UpdaterService       - Your current version:  11.14
09:20:56.144 [FXGL Background Thread 2 ] INFO  UpdaterService       - Latest stable version: 17.1
09:20:56.163 [JavaFX Application Thread] DEBUG Input                - Clearing active input actions
09:20:56.170 [JavaFX Application Thread] DEBUG GameApplicationServi - Removing overlay from FXGLLoadingScene and adding to GameScene
09:20:56.171 [JavaFX Application Thread] DEBUG PrimaryStageWindow   - FXGLLoadingScene -> GameScene
09:20:58.888 [FXGL Background Thread 3 ] DEBUG Engine               - Logging environment variables
09:20:58.888 [FXGL Background Thread 3 ] DEBUG Engine               - achievements: []
09:20:58.888 [FXGL Background Thread 3 ] DEBUG Engine               - actualHeight: 800.0
09:20:58.888 [FXGL Background Thread 3 ] DEBUG Engine               - actualHeightProperty: ReadOnlyDoubleProperty [value: 800.0]
09:20:58.888 [FXGL Background Thread 3 ] DEBUG Engine               - actualWidth: 800.0
09:20:58.888 [FXGL Background Thread 3 ] DEBUG Engine               - actualWidthProperty: ReadOnlyDoubleProperty [value: 800.0]
09:20:58.888 [FXGL Background Thread 3 ] DEBUG Engine               - appIcon: bug09.png
09:20:58.888 [FXGL Background Thread 3 ] DEBUG Engine               - applicationMode: DEVELOPER
09:20:58.888 [FXGL Background Thread 3 ] DEBUG Engine               - cSSList: [fxgl_dark.css]
09:20:58.888 [FXGL Background Thread 3 ] DEBUG Engine               - collisionDetectionStrategy: BRUTE_FORCE
09:20:58.888 [FXGL Background Thread 3 ] DEBUG Engine               - configClass: Optional.empty
09:20:58.888 [FXGL Background Thread 3 ] DEBUG Engine               - credits: []
09:20:58.889 [FXGL Background Thread 3 ] DEBUG Engine               - devBBoxColorProperty: ObjectProperty [value: 0xff0000ff]
09:20:58.889 [FXGL Background Thread 3 ] DEBUG Engine               - devEnableDebugCameraProperty: BooleanProperty [value: false]
09:20:58.889 [FXGL Background Thread 3 ] DEBUG Engine               - devSensorColorProperty: ObjectProperty [value: 0xffff00ff]
09:20:58.889 [FXGL Background Thread 3 ] DEBUG Engine               - devShowBBoxProperty: BooleanProperty [value: false]
09:20:58.889 [FXGL Background Thread 3 ] DEBUG Engine               - devShowPositionProperty: BooleanProperty [value: false]
09:20:58.889 [FXGL Background Thread 3 ] DEBUG Engine               - enabledMenuItems: []
09:20:58.889 [FXGL Background Thread 3 ] DEBUG Engine               - engineServices: [class com.almasb.fxgl.app.services.FXGLAssetLoaderService, class com.almasb.fxgl.app.FXGLApplication$GameApplicationService, class com.almasb.fxgl.app.services.FXGLDialogService, class com.almasb.fxgl.app.services.IOTaskExecutorService, class com.almasb.fxgl.event.EventBusService, class com.almasb.fxgl.io.FileSystemService, class com.almasb.fxgl.localization.LocalizationService, class com.almasb.fxgl.app.services.SystemBundleService, class com.almasb.fxgl.profile.SaveLoadService, class com.almasb.fxgl.ui.FXGLUIFactoryServiceProvider, class com.almasb.fxgl.ui.FXGLDialogFactoryServiceProvider, class com.almasb.fxgl.audio.AudioPlayer, class com.almasb.fxgl.notification.impl.NotificationServiceProvider, class com.almasb.fxgl.achievement.AchievementService, class com.almasb.fxgl.cutscene.CutsceneService, class com.almasb.fxgl.minigames.MiniGameService, class com.almasb.fxgl.net.NetService, class com.almasb.fxgl.app.services.UpdaterService, class com.almasb.fxgl.dev.DevService]
09:20:58.889 [FXGL Background Thread 3 ] DEBUG Engine               - fontGame: Abel-Regular.ttf
09:20:58.889 [FXGL Background Thread 3 ] DEBUG Engine               - fontMono: lucida_console.ttf
09:20:58.889 [FXGL Background Thread 3 ] DEBUG Engine               - fontText: Courier-Prime.ttf
09:20:58.889 [FXGL Background Thread 3 ] DEBUG Engine               - fontUI: VarelaRound-Regular.ttf
09:20:58.889 [FXGL Background Thread 3 ] DEBUG Engine               - fullScreen: BooleanProperty [value: false]
09:20:58.889 [FXGL Background Thread 3 ] DEBUG Engine               - gameDifficulty: MEDIUM
09:20:58.889 [FXGL Background Thread 3 ] DEBUG Engine               - gameDifficultyProperty: ObjectProperty [value: MEDIUM]
09:20:58.890 [FXGL Background Thread 3 ] DEBUG Engine               - globalMusicVolume: 0.5
09:20:58.890 [FXGL Background Thread 3 ] DEBUG Engine               - globalMusicVolumeProperty: DoubleProperty [value: 0.5]
09:20:58.890 [FXGL Background Thread 3 ] DEBUG Engine               - globalSoundVolume: 0.5
09:20:58.890 [FXGL Background Thread 3 ] DEBUG Engine               - globalSoundVolumeProperty: DoubleProperty [value: 0.5]
09:20:58.890 [FXGL Background Thread 3 ] DEBUG Engine               - height: 800
09:20:58.890 [FXGL Background Thread 3 ] DEBUG Engine               - isAndroid: false
09:20:58.890 [FXGL Background Thread 3 ] DEBUG Engine               - isBrowser: false
09:20:58.890 [FXGL Background Thread 3 ] DEBUG Engine               - isClickFeedbackEnabled: false
09:20:58.890 [FXGL Background Thread 3 ] DEBUG Engine               - isCloseConfirmation: false
09:20:58.890 [FXGL Background Thread 3 ] DEBUG Engine               - isDesktop: true
09:20:58.891 [FXGL Background Thread 3 ] DEBUG Engine               - isDeveloperMenuEnabled: false
09:20:58.891 [FXGL Background Thread 3 ] DEBUG Engine               - isEntityPreloadEnabled: true
09:20:58.891 [FXGL Background Thread 3 ] DEBUG Engine               - isExperimental3D: false
09:20:58.891 [FXGL Background Thread 3 ] DEBUG Engine               - isExperimentalNative: false
09:20:58.891 [FXGL Background Thread 3 ] DEBUG Engine               - isExperimentalTiledLargeMap: false
09:20:58.891 [FXGL Background Thread 3 ] DEBUG Engine               - isFileSystemWriteAllowed: true
09:20:58.891 [FXGL Background Thread 3 ] DEBUG Engine               - isFullScreenAllowed: false
09:20:58.891 [FXGL Background Thread 3 ] DEBUG Engine               - isFullScreenFromStart: false
09:20:58.891 [FXGL Background Thread 3 ] DEBUG Engine               - isGameMenuEnabled: true
09:20:58.891 [FXGL Background Thread 3 ] DEBUG Engine               - isIOS: false
09:20:58.891 [FXGL Background Thread 3 ] DEBUG Engine               - isIntroEnabled: false
09:20:58.891 [FXGL Background Thread 3 ] DEBUG Engine               - isLinux: false
09:20:58.891 [FXGL Background Thread 3 ] DEBUG Engine               - isMac: false
09:20:58.891 [FXGL Background Thread 3 ] DEBUG Engine               - isMainMenuEnabled: false
09:20:58.891 [FXGL Background Thread 3 ] DEBUG Engine               - isManualResizeEnabled: false
09:20:58.891 [FXGL Background Thread 3 ] DEBUG Engine               - isMobile: false
09:20:58.891 [FXGL Background Thread 3 ] DEBUG Engine               - isPreserveResizeRatio: false
09:20:58.891 [FXGL Background Thread 3 ] DEBUG Engine               - isProfilingEnabled: false
09:20:58.891 [FXGL Background Thread 3 ] DEBUG Engine               - isScaleAffectedOnResize: true
09:20:58.891 [FXGL Background Thread 3 ] DEBUG Engine               - isSingleStep: false
09:20:58.892 [FXGL Background Thread 3 ] DEBUG Engine               - isUserProfileEnabled: false
09:20:58.892 [FXGL Background Thread 3 ] DEBUG Engine               - isWindows: true
09:20:58.892 [FXGL Background Thread 3 ] DEBUG Engine               - language: ObjectProperty [value: ENGLISH]
09:20:58.892 [FXGL Background Thread 3 ] DEBUG Engine               - menuKey: ESCAPE
09:20:58.892 [FXGL Background Thread 3 ] DEBUG Engine               - notificationViewClass: class com.almasb.fxgl.notification.view.XboxNotificationView
09:20:58.892 [FXGL Background Thread 3 ] DEBUG Engine               - pixelsPerMeter: 50.0
09:20:58.892 [FXGL Background Thread 3 ] DEBUG Engine               - platform: WINDOWS
09:20:58.892 [FXGL Background Thread 3 ] DEBUG Engine               - prefHeightProperty: ReadOnlyDoubleProperty [value: 800.0]
09:20:58.892 [FXGL Background Thread 3 ] DEBUG Engine               - prefWidthProperty: ReadOnlyDoubleProperty [value: 800.0]
09:20:58.892 [FXGL Background Thread 3 ] DEBUG Engine               - profileDir: profiles/
09:20:58.892 [FXGL Background Thread 3 ] DEBUG Engine               - profileName: StringProperty [value: DEFAULT]
09:20:58.893 [FXGL Background Thread 3 ] DEBUG Engine               - randomSeed: -1
09:20:58.893 [FXGL Background Thread 3 ] DEBUG Engine               - runtimeInfo: RuntimeInfo(platform=WINDOWS, version=11.14, build=01.03.2021 16.59)
09:20:58.893 [FXGL Background Thread 3 ] DEBUG Engine               - saveFileExt: sav
09:20:58.893 [FXGL Background Thread 3 ] DEBUG Engine               - scaledHeightProp$fxgl: DoubleProperty [bound, value: 800.0]
09:20:58.893 [FXGL Background Thread 3 ] DEBUG Engine               - scaledWidthProp$fxgl: DoubleProperty [bound, value: 800.0]
09:20:58.893 [FXGL Background Thread 3 ] DEBUG Engine               - sceneFactory: com.almasb.fxgl.app.scene.SceneFactory@1c848acb
09:20:58.893 [FXGL Background Thread 3 ] DEBUG Engine               - secondsIn24h: 60
09:20:58.893 [FXGL Background Thread 3 ] DEBUG Engine               - soundMenuBack: menu/back.wav
09:20:58.893 [FXGL Background Thread 3 ] DEBUG Engine               - soundMenuPress: menu/press.wav
09:20:58.893 [FXGL Background Thread 3 ] DEBUG Engine               - soundMenuSelect: menu/select.wav
09:20:58.893 [FXGL Background Thread 3 ] DEBUG Engine               - soundNotification: core/notification.wav
09:20:58.893 [FXGL Background Thread 3 ] DEBUG Engine               - stageStyle: DECORATED
09:20:58.893 [FXGL Background Thread 3 ] DEBUG Engine               - supportedLanguages: [ENGLISH, FRENCH, GERMAN, HUNGARIAN, RUSSIAN]
09:20:58.893 [FXGL Background Thread 3 ] DEBUG Engine               - ticksPerSecond: -1
09:20:58.894 [FXGL Background Thread 3 ] DEBUG Engine               - title: Super Bug
09:20:58.894 [FXGL Background Thread 3 ] DEBUG Engine               - urlGithub: https://github.com/AlmasB/FXGL
09:20:58.894 [FXGL Background Thread 3 ] DEBUG Engine               - urlLeaderboard: http://fxgl-top.herokuapp.com/
09:20:58.894 [FXGL Background Thread 3 ] DEBUG Engine               - urlPOM: https://raw.githubusercontent.com/AlmasB/FXGL/release/README.md
09:20:58.894 [FXGL Background Thread 3 ] DEBUG Engine               - userAppClass: class SuperBug
09:20:58.894 [FXGL Background Thread 3 ] DEBUG Engine               - version: 1.0
09:20:58.894 [FXGL Background Thread 3 ] DEBUG Engine               - versionCheckDays: 7
09:20:58.894 [FXGL Background Thread 3 ] DEBUG Engine               - width: 800
09:20:58.894 [FXGL Background Thread 3 ] DEBUG Engine               - Logging services
09:20:58.894 [FXGL Background Thread 3 ] DEBUG Engine               - class com.almasb.fxgl.app.services.FXGLAssetLoaderService
09:20:58.894 [FXGL Background Thread 3 ] DEBUG Engine               - class com.almasb.fxgl.app.FXGLApplication$GameApplicationService
09:20:58.894 [FXGL Background Thread 3 ] DEBUG Engine               - class com.almasb.fxgl.app.services.FXGLDialogService
09:20:58.894 [FXGL Background Thread 3 ] DEBUG Engine               - class com.almasb.fxgl.app.services.IOTaskExecutorService
09:20:58.894 [FXGL Background Thread 3 ] DEBUG Engine               - class com.almasb.fxgl.event.EventBusService
09:20:58.895 [FXGL Background Thread 3 ] DEBUG Engine               - class com.almasb.fxgl.io.FileSystemService
09:20:58.895 [FXGL Background Thread 3 ] DEBUG Engine               - class com.almasb.fxgl.localization.LocalizationService
09:20:58.895 [FXGL Background Thread 3 ] DEBUG Engine               - class com.almasb.fxgl.app.services.SystemBundleService
09:20:58.895 [FXGL Background Thread 3 ] DEBUG Engine               - class com.almasb.fxgl.profile.SaveLoadService
09:20:58.895 [FXGL Background Thread 3 ] DEBUG Engine               - class com.almasb.fxgl.ui.FXGLUIFactoryServiceProvider
09:20:58.895 [FXGL Background Thread 3 ] DEBUG Engine               - class com.almasb.fxgl.ui.FXGLDialogFactoryServiceProvider
09:20:58.895 [FXGL Background Thread 3 ] DEBUG Engine               - class com.almasb.fxgl.audio.AudioPlayer
09:20:58.895 [FXGL Background Thread 3 ] DEBUG Engine               - class com.almasb.fxgl.notification.impl.NotificationServiceProvider
09:20:58.895 [FXGL Background Thread 3 ] DEBUG Engine               - class com.almasb.fxgl.achievement.AchievementService
09:20:58.895 [FXGL Background Thread 3 ] DEBUG Engine               - class com.almasb.fxgl.cutscene.CutsceneService
09:20:58.895 [FXGL Background Thread 3 ] DEBUG Engine               - class com.almasb.fxgl.minigames.MiniGameService
09:20:58.895 [FXGL Background Thread 3 ] DEBUG Engine               - class com.almasb.fxgl.net.NetService
09:20:58.895 [FXGL Background Thread 3 ] DEBUG Engine               - class com.almasb.fxgl.app.services.UpdaterService
09:20:58.895 [FXGL Background Thread 3 ] DEBUG Engine               - class com.almasb.fxgl.dev.DevService
09:21:35.442 [JavaFX Application Thread] DEBUG FXGLApplication      - Exiting FXGL
09:21:35.442 [JavaFX Application Thread] DEBUG LoopRunner           - Stopping loop
09:21:35.442 [JavaFX Application Thread] DEBUG SystemBundleService  - Saving FXGL system data
09:21:35.444 [JavaFX Application Thread] DEBUG FileSystemAccess     - Writing to: C:\Users\lenovo\My Drive\school\HBO bende\L1\P3\IPOSE Challengeweek\SuperBug\system\fxgl.bundle
09:21:35.446 [JavaFX Application Thread] DEBUG Async                - Shutting down background threads
09:21:35.446 [JavaFX Application Thread] DEBUG PrimaryStageWindow   - Closing main window
09:21:35.456 [JavaFX Application Thread] DEBUG Logger               - Closing Logger
