15:28:23.071 [main                     ] DEBUG Logger               - Configured Logger
15:28:23.077 [main                     ] DEBUG GameApplication      - Logging settings
Title: Super Bug
Version: 1.0
Width: 800
Height: 800
Fullscreen: false
Intro: false
Profiling: false
Single step:false
App Mode: DEVELOPER
Menu Key: ESCAPE
Stage Style: DECORATED
Scene Factory: class com.almasb.fxgl.app.scene.SceneFactory

15:28:23.489 [JavaFX Application Thread] DEBUG FXGLApplication      - Initializing FXGL
15:28:23.492 [JavaFX Application Thread] INFO  Engine               - FXGL-11.14 (01.03.2021 16.59) on WINDOWS (J:17.0.1 FX:15)
15:28:23.492 [JavaFX Application Thread] DEBUG Engine               - JRE Vendor Name: Oracle Corporation
15:28:23.492 [JavaFX Application Thread] DEBUG Engine               - Running on OS: Windows 10 version 10.0
15:28:23.492 [JavaFX Application Thread] DEBUG Engine               - Architecture: amd64
15:28:23.492 [JavaFX Application Thread] INFO  Engine               - Source code and latest versions at: https://github.com/AlmasB/FXGL
15:28:23.492 [JavaFX Application Thread] INFO  Engine               -              Join the FXGL chat at: https://gitter.im/AlmasB/FXGL
15:28:23.636 [JavaFX Application Thread] DEBUG PrimaryStageWindow   - Creating a JavaFX scene
15:28:23.692 [JavaFX Application Thread] DEBUG PrimaryStageWindow   - Target settings size: 800.0 x 800.0
15:28:23.692 [JavaFX Application Thread] DEBUG PrimaryStageWindow   - Scaled scene size:    800.0 x 800.0
15:28:23.692 [JavaFX Application Thread] DEBUG PrimaryStageWindow   - Scaled ratio: (1.0, 1.0)
15:28:23.693 [JavaFX Application Thread] DEBUG PrimaryStageWindow   - Set initial scene to FXGLStartupScene
15:28:23.701 [JavaFX Application Thread] DEBUG PrimaryStageWindow   - Opening main window
15:28:23.802 [JavaFX Application Thread] DEBUG PrimaryStageWindow   - Window border size: (14.4000244140625, 37.5999755859375)
15:28:23.803 [JavaFX Application Thread] DEBUG PrimaryStageWindow   - Scaled size: 800.0 x 800.0
15:28:23.803 [JavaFX Application Thread] DEBUG PrimaryStageWindow   - Scaled ratio: (1.0, 1.0)
15:28:23.803 [JavaFX Application Thread] DEBUG PrimaryStageWindow   - Scene size: 800.0 x 800.0
15:28:23.803 [JavaFX Application Thread] DEBUG PrimaryStageWindow   - Stage size: 814.4000244140625 x 837.5999755859375
15:28:23.813 [FXGL Background Thread 1 ] DEBUG Engine               - Initializing environment variables
15:28:23.860 [FXGL Background Thread 1 ] DEBUG FXGLAssetLoaderServi - User app class for loading assets: class SuperBug
15:28:23.860 [FXGL Background Thread 1 ] DEBUG GameApplicationServi - Applying CSS: fxgl_dark.css
15:28:23.861 [FXGL Background Thread 1 ] DEBUG FXGLAssetLoaderServi - Loading from file system: jar:file:/C:/Users/Sil/.m2/repository/com/github/almasb/fxgl/11.14/fxgl-11.14.jar!/fxglassets/ui/css/fxgl_dark.css
15:28:23.910 [FXGL Background Thread 1 ] DEBUG GameApplicationServi - Initializing application scenes
15:28:23.957 [FXGL Background Thread 1 ] DEBUG GameWorld            - Game world initialized
15:28:24.025 [FXGL Background Thread 1 ] DEBUG PhysicsWorld         - Physics world initialized: appHeight=800, physics.ppm=50,0
15:28:24.026 [FXGL Background Thread 1 ] DEBUG PhysicsWorld         - Using strategy: BRUTE_FORCE
15:28:24.029 [FXGL Background Thread 1 ] DEBUG GameScene            - Game scene initialized: 800x800
15:28:24.069 [FXGL Background Thread 1 ] DEBUG FXGLAssetLoaderServi - Loading from file system: jar:file:/C:/Users/Sil/.m2/repository/com/github/almasb/fxgl/11.14/fxgl-11.14.jar!/fxglassets/textures/particles/trace_horizontal.png
15:28:24.116 [FXGL Background Thread 1 ] DEBUG FXGL.DefaultMenu     - createMenuBodyGameMenu()
15:28:24.148 [FXGL Background Thread 1 ] DEBUG FXGL.DefaultMenu     - createOptionsMenu()
15:28:24.154 [FXGL Background Thread 1 ] DEBUG FXGLAssetLoaderServi - Loading from file system: jar:file:/C:/Users/Sil/.m2/repository/com/github/almasb/fxgl/11.14/fxgl-11.14.jar!/fxglassets/textures/particles/smoke.png
15:28:24.211 [FXGL Background Thread 1 ] DEBUG GameApplicationServi - Application scenes initialized
15:28:24.239 [FXGL Background Thread 1 ] DEBUG SystemBundleService  - Loading FXGL system data
15:28:24.245 [FXGL Background Thread 1 ] DEBUG FileSystemAccess     - Reading from: C:\Users\Sil\Documents\GitHub\SuperBug\system\fxgl.bundle
15:28:24.252 [FXGL Background Thread 1 ] DEBUG SystemBundleService  - Bundle FXGL: {}
15:28:24.252 [FXGL Background Thread 1 ] DEBUG UpdaterService       - Checking for updates
15:28:24.258 [FXGL Background Thread 4 ] DEBUG FXGLApplication      - Loading fonts
15:28:24.259 [FXGL Background Thread 4 ] DEBUG FXGLAssetLoaderServi - Loading from file system: jar:file:/C:/Users/Sil/.m2/repository/com/github/almasb/fxgl/11.14/fxgl-11.14.jar!/fxglassets/ui/fonts/VarelaRound-Regular.ttf
15:28:24.259 [FXGL Background Thread 1 ] DEBUG FXGLApplication      - Loading default localization
15:28:24.260 [FXGL Background Thread 1 ] DEBUG FXGLAssetLoaderServi - Loading from file system: jar:file:/C:/Users/Sil/.m2/repository/com/github/almasb/fxgl/11.14/fxgl-11.14.jar!/fxglassets/languages/english.lang
15:28:24.288 [FXGL Background Thread 1 ] INFO  FXGLApplication      - FXGL initialization took: 0,476 sec
15:28:24.299 [JavaFX Application Thread] DEBUG Input                - Registered new binding: action0 - A
15:28:24.300 [JavaFX Application Thread] DEBUG Input                - Registered new binding: action1 - D
15:28:24.300 [JavaFX Application Thread] DEBUG Input                - Registered new binding: action2 - W
15:28:24.301 [JavaFX Application Thread] DEBUG Input                - Registered new binding: action3 - Space
15:28:24.301 [JavaFX Application Thread] DEBUG FXGLAssetLoaderServi - Loading from file system: file:/C:/Users/Sil/Documents/GitHub/SuperBug/target/classes/assets/textures/bug09.png
15:28:24.345 [FXGL Background Thread 4 ] DEBUG FXGLAssetLoaderServi - Loading from file system: jar:file:/C:/Users/Sil/.m2/repository/com/github/almasb/fxgl/11.14/fxgl-11.14.jar!/fxglassets/ui/fonts/Abel-Regular.ttf
15:28:24.354 [FXGL Background Thread 4 ] DEBUG FXGLAssetLoaderServi - Loading from file system: jar:file:/C:/Users/Sil/.m2/repository/com/github/almasb/fxgl/11.14/fxgl-11.14.jar!/fxglassets/ui/fonts/lucida_console.ttf
15:28:24.365 [FXGL Background Thread 4 ] DEBUG FXGLAssetLoaderServi - Loading from file system: jar:file:/C:/Users/Sil/.m2/repository/com/github/almasb/fxgl/11.14/fxgl-11.14.jar!/fxglassets/ui/fonts/Courier-Prime.ttf
15:28:24.400 [JavaFX Application Thread] DEBUG FXGLAssetLoaderServi - Loading from file system: jar:file:/C:/Users/Sil/.m2/repository/com/github/almasb/fxgl/11.14/fxgl-11.14.jar!/fxglassets/ui/cursors/fxgl_default.png
15:28:24.406 [JavaFX Application Thread] DEBUG Input                - Registered new binding: Screenshot - P
15:28:24.406 [JavaFX Application Thread] DEBUG Input                - Registered new binding: System info dump - CTRL+9
15:28:24.408 [JavaFX Application Thread] DEBUG Input                - Registered new binding: Restart - CTRL+R
15:28:24.410 [JavaFX Application Thread] DEBUG Input                - Registered new binding: Toggle Debug Camera - CTRL+C
15:28:24.419 [JavaFX Application Thread] DEBUG LoopRunner           - Starting loop
15:28:24.419 [JavaFX Application Thread] DEBUG LoopRunner           - Initializing JavaFX AnimationTimerLoop
15:28:24.427 [JavaFX Application Thread] DEBUG GameApplicationServi - Starting new game
15:28:24.427 [JavaFX Application Thread] DEBUG Input                - Clearing active input actions
15:28:24.444 [JavaFX Application Thread] DEBUG GameApplicationServi - Removing overlay from FXGLStartupScene and adding to FXGLLoadingScene
15:28:24.444 [JavaFX Application Thread] DEBUG PrimaryStageWindow   - FXGLStartupScene -> FXGLLoadingScene
15:28:24.444 [JavaFX Application Thread] DEBUG GameApplicationServi - Clearing previous game
15:28:24.444 [JavaFX Application Thread] DEBUG GameScene            - Clearing game scene
15:28:24.444 [JavaFX Application Thread] DEBUG GameWorld            - Clearing game world
15:28:24.445 [JavaFX Application Thread] DEBUG PhysicsWorld         - Clearing physics world
15:28:24.448 [FXGL Background Thread 4 ] DEBUG FXGLApplication      - Initializing game
15:28:24.451 [JavaFX Application Thread] DEBUG FXGLApplication      - Registering font factories with UI factory
15:28:24.475 [FXGL Background Thread 4 ] DEBUG FXGLAssetLoaderServi - Loading from file system: file:/C:/Users/Sil/Documents/GitHub/SuperBug/target/classes/assets/textures/bug01.png
15:28:24.551 [FXGL Background Thread 4 ] DEBUG FXGLAssetLoaderServi - Loading from file system: file:/C:/Users/Sil/Documents/GitHub/SuperBug/target/classes/assets/textures/enemy01.png
15:28:24.579 [FXGL Background Thread 4 ] INFO  FXGLApplication      - Game initialization took: 0,131 sec
15:28:24.602 [JavaFX Application Thread] DEBUG Input                - Clearing active input actions
15:28:24.610 [JavaFX Application Thread] DEBUG GameApplicationServi - Removing overlay from FXGLLoadingScene and adding to GameScene
15:28:24.611 [JavaFX Application Thread] DEBUG PrimaryStageWindow   - FXGLLoadingScene -> GameScene
15:28:24.729 [FXGL Background Thread 2 ] INFO  UpdaterService       - Your current version:  11.14
15:28:24.729 [FXGL Background Thread 2 ] INFO  UpdaterService       - Latest stable version: 17.1
15:28:27.258 [FXGL Background Thread 3 ] DEBUG Engine               - Logging environment variables
15:28:27.258 [FXGL Background Thread 3 ] DEBUG Engine               - achievements: []
15:28:27.259 [FXGL Background Thread 3 ] DEBUG Engine               - actualHeight: 800.0
15:28:27.259 [FXGL Background Thread 3 ] DEBUG Engine               - actualHeightProperty: ReadOnlyDoubleProperty [value: 800.0]
15:28:27.259 [FXGL Background Thread 3 ] DEBUG Engine               - actualWidth: 800.0
15:28:27.259 [FXGL Background Thread 3 ] DEBUG Engine               - actualWidthProperty: ReadOnlyDoubleProperty [value: 800.0]
15:28:27.259 [FXGL Background Thread 3 ] DEBUG Engine               - appIcon: bug09.png
15:28:27.259 [FXGL Background Thread 3 ] DEBUG Engine               - applicationMode: DEVELOPER
15:28:27.260 [FXGL Background Thread 3 ] DEBUG Engine               - cSSList: [fxgl_dark.css]
15:28:27.260 [FXGL Background Thread 3 ] DEBUG Engine               - collisionDetectionStrategy: BRUTE_FORCE
15:28:27.260 [FXGL Background Thread 3 ] DEBUG Engine               - configClass: Optional.empty
15:28:27.260 [FXGL Background Thread 3 ] DEBUG Engine               - credits: []
15:28:27.260 [FXGL Background Thread 3 ] DEBUG Engine               - devBBoxColorProperty: ObjectProperty [value: 0xff0000ff]
15:28:27.260 [FXGL Background Thread 3 ] DEBUG Engine               - devEnableDebugCameraProperty: BooleanProperty [value: false]
15:28:27.260 [FXGL Background Thread 3 ] DEBUG Engine               - devSensorColorProperty: ObjectProperty [value: 0xffff00ff]
15:28:27.261 [FXGL Background Thread 3 ] DEBUG Engine               - devShowBBoxProperty: BooleanProperty [value: false]
15:28:27.261 [FXGL Background Thread 3 ] DEBUG Engine               - devShowPositionProperty: BooleanProperty [value: false]
15:28:27.261 [FXGL Background Thread 3 ] DEBUG Engine               - enabledMenuItems: []
15:28:27.261 [FXGL Background Thread 3 ] DEBUG Engine               - engineServices: [class com.almasb.fxgl.app.services.FXGLAssetLoaderService, class com.almasb.fxgl.app.FXGLApplication$GameApplicationService, class com.almasb.fxgl.app.services.FXGLDialogService, class com.almasb.fxgl.app.services.IOTaskExecutorService, class com.almasb.fxgl.event.EventBusService, class com.almasb.fxgl.io.FileSystemService, class com.almasb.fxgl.localization.LocalizationService, class com.almasb.fxgl.app.services.SystemBundleService, class com.almasb.fxgl.profile.SaveLoadService, class com.almasb.fxgl.ui.FXGLUIFactoryServiceProvider, class com.almasb.fxgl.ui.FXGLDialogFactoryServiceProvider, class com.almasb.fxgl.audio.AudioPlayer, class com.almasb.fxgl.notification.impl.NotificationServiceProvider, class com.almasb.fxgl.achievement.AchievementService, class com.almasb.fxgl.cutscene.CutsceneService, class com.almasb.fxgl.minigames.MiniGameService, class com.almasb.fxgl.net.NetService, class com.almasb.fxgl.app.services.UpdaterService, class com.almasb.fxgl.dev.DevService]
15:28:27.261 [FXGL Background Thread 3 ] DEBUG Engine               - fontGame: Abel-Regular.ttf
15:28:27.261 [FXGL Background Thread 3 ] DEBUG Engine               - fontMono: lucida_console.ttf
15:28:27.261 [FXGL Background Thread 3 ] DEBUG Engine               - fontText: Courier-Prime.ttf
15:28:27.261 [FXGL Background Thread 3 ] DEBUG Engine               - fontUI: VarelaRound-Regular.ttf
15:28:27.261 [FXGL Background Thread 3 ] DEBUG Engine               - fullScreen: BooleanProperty [value: false]
15:28:27.261 [FXGL Background Thread 3 ] DEBUG Engine               - gameDifficulty: MEDIUM
15:28:27.262 [FXGL Background Thread 3 ] DEBUG Engine               - gameDifficultyProperty: ObjectProperty [value: MEDIUM]
15:28:27.262 [FXGL Background Thread 3 ] DEBUG Engine               - globalMusicVolume: 0.5
15:28:27.262 [FXGL Background Thread 3 ] DEBUG Engine               - globalMusicVolumeProperty: DoubleProperty [value: 0.5]
15:28:27.262 [FXGL Background Thread 3 ] DEBUG Engine               - globalSoundVolume: 0.5
15:28:27.262 [FXGL Background Thread 3 ] DEBUG Engine               - globalSoundVolumeProperty: DoubleProperty [value: 0.1]
15:28:27.262 [FXGL Background Thread 3 ] DEBUG Engine               - height: 800
15:28:27.262 [FXGL Background Thread 3 ] DEBUG Engine               - isAndroid: false
15:28:27.262 [FXGL Background Thread 3 ] DEBUG Engine               - isBrowser: false
15:28:27.262 [FXGL Background Thread 3 ] DEBUG Engine               - isClickFeedbackEnabled: false
15:28:27.262 [FXGL Background Thread 3 ] DEBUG Engine               - isCloseConfirmation: false
15:28:27.262 [FXGL Background Thread 3 ] DEBUG Engine               - isDesktop: true
15:28:27.262 [FXGL Background Thread 3 ] DEBUG Engine               - isDeveloperMenuEnabled: false
15:28:27.262 [FXGL Background Thread 3 ] DEBUG Engine               - isEntityPreloadEnabled: true
15:28:27.262 [FXGL Background Thread 3 ] DEBUG Engine               - isExperimental3D: false
15:28:27.262 [FXGL Background Thread 3 ] DEBUG Engine               - isExperimentalNative: false
15:28:27.263 [FXGL Background Thread 3 ] DEBUG Engine               - isExperimentalTiledLargeMap: false
15:28:27.263 [FXGL Background Thread 3 ] DEBUG Engine               - isFileSystemWriteAllowed: true
15:28:27.263 [FXGL Background Thread 3 ] DEBUG Engine               - isFullScreenAllowed: false
15:28:27.263 [FXGL Background Thread 3 ] DEBUG Engine               - isFullScreenFromStart: false
15:28:27.263 [FXGL Background Thread 3 ] DEBUG Engine               - isGameMenuEnabled: true
15:28:27.263 [FXGL Background Thread 3 ] DEBUG Engine               - isIOS: false
15:28:27.263 [FXGL Background Thread 3 ] DEBUG Engine               - isIntroEnabled: false
15:28:27.263 [FXGL Background Thread 3 ] DEBUG Engine               - isLinux: false
15:28:27.263 [FXGL Background Thread 3 ] DEBUG Engine               - isMac: false
15:28:27.263 [FXGL Background Thread 3 ] DEBUG Engine               - isMainMenuEnabled: false
15:28:27.263 [FXGL Background Thread 3 ] DEBUG Engine               - isManualResizeEnabled: false
15:28:27.263 [FXGL Background Thread 3 ] DEBUG Engine               - isMobile: false
15:28:27.264 [FXGL Background Thread 3 ] DEBUG Engine               - isPreserveResizeRatio: false
15:28:27.264 [FXGL Background Thread 3 ] DEBUG Engine               - isProfilingEnabled: false
15:28:27.264 [FXGL Background Thread 3 ] DEBUG Engine               - isScaleAffectedOnResize: true
15:28:27.264 [FXGL Background Thread 3 ] DEBUG Engine               - isSingleStep: false
15:28:27.264 [FXGL Background Thread 3 ] DEBUG Engine               - isUserProfileEnabled: false
15:28:27.264 [FXGL Background Thread 3 ] DEBUG Engine               - isWindows: true
15:28:27.264 [FXGL Background Thread 3 ] DEBUG Engine               - language: ObjectProperty [value: ENGLISH]
15:28:27.264 [FXGL Background Thread 3 ] DEBUG Engine               - menuKey: ESCAPE
15:28:27.265 [FXGL Background Thread 3 ] DEBUG Engine               - notificationViewClass: class com.almasb.fxgl.notification.view.XboxNotificationView
15:28:27.265 [FXGL Background Thread 3 ] DEBUG Engine               - pixelsPerMeter: 50.0
15:28:27.265 [FXGL Background Thread 3 ] DEBUG Engine               - platform: WINDOWS
15:28:27.265 [FXGL Background Thread 3 ] DEBUG Engine               - prefHeightProperty: ReadOnlyDoubleProperty [value: 800.0]
15:28:27.265 [FXGL Background Thread 3 ] DEBUG Engine               - prefWidthProperty: ReadOnlyDoubleProperty [value: 800.0]
15:28:27.265 [FXGL Background Thread 3 ] DEBUG Engine               - profileDir: profiles/
15:28:27.265 [FXGL Background Thread 3 ] DEBUG Engine               - profileName: StringProperty [value: DEFAULT]
15:28:27.265 [FXGL Background Thread 3 ] DEBUG Engine               - randomSeed: -1
15:28:27.265 [FXGL Background Thread 3 ] DEBUG Engine               - runtimeInfo: RuntimeInfo(platform=WINDOWS, version=11.14, build=01.03.2021 16.59)
15:28:27.265 [FXGL Background Thread 3 ] DEBUG Engine               - saveFileExt: sav
15:28:27.265 [FXGL Background Thread 3 ] DEBUG Engine               - scaledHeightProp$fxgl: DoubleProperty [bound, value: 800.0]
15:28:27.265 [FXGL Background Thread 3 ] DEBUG Engine               - scaledWidthProp$fxgl: DoubleProperty [bound, value: 800.0]
15:28:27.265 [FXGL Background Thread 3 ] DEBUG Engine               - sceneFactory: com.almasb.fxgl.app.scene.SceneFactory@7a349423
15:28:27.265 [FXGL Background Thread 3 ] DEBUG Engine               - secondsIn24h: 60
15:28:27.266 [FXGL Background Thread 3 ] DEBUG Engine               - soundMenuBack: menu/back.wav
15:28:27.266 [FXGL Background Thread 3 ] DEBUG Engine               - soundMenuPress: menu/press.wav
15:28:27.266 [FXGL Background Thread 3 ] DEBUG Engine               - soundMenuSelect: menu/select.wav
15:28:27.266 [FXGL Background Thread 3 ] DEBUG Engine               - soundNotification: core/notification.wav
15:28:27.266 [FXGL Background Thread 3 ] DEBUG Engine               - stageStyle: DECORATED
15:28:27.266 [FXGL Background Thread 3 ] DEBUG Engine               - supportedLanguages: [ENGLISH, FRENCH, GERMAN, HUNGARIAN, RUSSIAN]
15:28:27.266 [FXGL Background Thread 3 ] DEBUG Engine               - ticksPerSecond: -1
15:28:27.266 [FXGL Background Thread 3 ] DEBUG Engine               - title: Super Bug
15:28:27.266 [FXGL Background Thread 3 ] DEBUG Engine               - urlGithub: https://github.com/AlmasB/FXGL
15:28:27.266 [FXGL Background Thread 3 ] DEBUG Engine               - urlLeaderboard: http://fxgl-top.herokuapp.com/
15:28:27.266 [FXGL Background Thread 3 ] DEBUG Engine               - urlPOM: https://raw.githubusercontent.com/AlmasB/FXGL/release/README.md
15:28:27.267 [FXGL Background Thread 3 ] DEBUG Engine               - userAppClass: class SuperBug
15:28:27.267 [FXGL Background Thread 3 ] DEBUG Engine               - version: 1.0
15:28:27.267 [FXGL Background Thread 3 ] DEBUG Engine               - versionCheckDays: 7
15:28:27.267 [FXGL Background Thread 3 ] DEBUG Engine               - width: 800
15:28:27.267 [FXGL Background Thread 3 ] DEBUG Engine               - Logging services
15:28:27.267 [FXGL Background Thread 3 ] DEBUG Engine               - class com.almasb.fxgl.app.services.FXGLAssetLoaderService
15:28:27.267 [FXGL Background Thread 3 ] DEBUG Engine               - class com.almasb.fxgl.app.FXGLApplication$GameApplicationService
15:28:27.267 [FXGL Background Thread 3 ] DEBUG Engine               - class com.almasb.fxgl.app.services.FXGLDialogService
15:28:27.267 [FXGL Background Thread 3 ] DEBUG Engine               - class com.almasb.fxgl.app.services.IOTaskExecutorService
15:28:27.267 [FXGL Background Thread 3 ] DEBUG Engine               - class com.almasb.fxgl.event.EventBusService
15:28:27.267 [FXGL Background Thread 3 ] DEBUG Engine               - class com.almasb.fxgl.io.FileSystemService
15:28:27.267 [FXGL Background Thread 3 ] DEBUG Engine               - class com.almasb.fxgl.localization.LocalizationService
15:28:27.267 [FXGL Background Thread 3 ] DEBUG Engine               - class com.almasb.fxgl.app.services.SystemBundleService
15:28:27.267 [FXGL Background Thread 3 ] DEBUG Engine               - class com.almasb.fxgl.profile.SaveLoadService
15:28:27.267 [FXGL Background Thread 3 ] DEBUG Engine               - class com.almasb.fxgl.ui.FXGLUIFactoryServiceProvider
15:28:27.267 [FXGL Background Thread 3 ] DEBUG Engine               - class com.almasb.fxgl.ui.FXGLDialogFactoryServiceProvider
15:28:27.267 [FXGL Background Thread 3 ] DEBUG Engine               - class com.almasb.fxgl.audio.AudioPlayer
15:28:27.268 [FXGL Background Thread 3 ] DEBUG Engine               - class com.almasb.fxgl.notification.impl.NotificationServiceProvider
15:28:27.268 [FXGL Background Thread 3 ] DEBUG Engine               - class com.almasb.fxgl.achievement.AchievementService
15:28:27.268 [FXGL Background Thread 3 ] DEBUG Engine               - class com.almasb.fxgl.cutscene.CutsceneService
15:28:27.268 [FXGL Background Thread 3 ] DEBUG Engine               - class com.almasb.fxgl.minigames.MiniGameService
15:28:27.268 [FXGL Background Thread 3 ] DEBUG Engine               - class com.almasb.fxgl.net.NetService
15:28:27.268 [FXGL Background Thread 3 ] DEBUG Engine               - class com.almasb.fxgl.app.services.UpdaterService
15:28:27.268 [FXGL Background Thread 3 ] DEBUG Engine               - class com.almasb.fxgl.dev.DevService
15:29:33.867 [JavaFX Application Thread] DEBUG FXGLApplication      - Exiting FXGL
15:29:33.867 [JavaFX Application Thread] DEBUG LoopRunner           - Stopping loop
15:29:33.867 [JavaFX Application Thread] DEBUG SystemBundleService  - Saving FXGL system data
15:29:33.869 [JavaFX Application Thread] DEBUG FileSystemAccess     - Writing to: C:\Users\Sil\Documents\GitHub\SuperBug\system\fxgl.bundle
15:29:33.871 [JavaFX Application Thread] DEBUG Async                - Shutting down background threads
15:29:33.871 [JavaFX Application Thread] DEBUG PrimaryStageWindow   - Closing main window
15:29:33.892 [JavaFX Application Thread] DEBUG Logger               - Closing Logger
