13:33:30.208 [main                     ] DEBUG Logger               - Configured Logger
13:33:30.211 [main                     ] DEBUG GameApplication      - Logging settings
Title: Super Bug
Version: 1.0
Width: 800
Height: 800
Fullscreen: false
Intro: false
Profiling: false
Single step:false
App Mode: DEVELOPER
Menu Key: ESCAPE
Stage Style: DECORATED
Scene Factory: class com.almasb.fxgl.app.scene.SceneFactory

13:33:30.449 [JavaFX Application Thread] DEBUG FXGLApplication      - Initializing FXGL
13:33:30.450 [JavaFX Application Thread] INFO  Engine               - FXGL-11.14 (01.03.2021 16.59) on WINDOWS (J:17.0.1 FX:15)
13:33:30.450 [JavaFX Application Thread] DEBUG Engine               - JRE Vendor Name: Oracle Corporation
13:33:30.450 [JavaFX Application Thread] DEBUG Engine               - Running on OS: Windows 10 version 10.0
13:33:30.450 [JavaFX Application Thread] DEBUG Engine               - Architecture: amd64
13:33:30.450 [JavaFX Application Thread] INFO  Engine               - Source code and latest versions at: https://github.com/AlmasB/FXGL
13:33:30.451 [JavaFX Application Thread] INFO  Engine               -              Join the FXGL chat at: https://gitter.im/AlmasB/FXGL
13:33:30.534 [JavaFX Application Thread] DEBUG PrimaryStageWindow   - Creating a JavaFX scene
13:33:30.568 [JavaFX Application Thread] DEBUG PrimaryStageWindow   - Target settings size: 800.0 x 800.0
13:33:30.568 [JavaFX Application Thread] DEBUG PrimaryStageWindow   - Scaled scene size:    800.0 x 800.0
13:33:30.568 [JavaFX Application Thread] DEBUG PrimaryStageWindow   - Scaled ratio: (1.0, 1.0)
13:33:30.569 [JavaFX Application Thread] DEBUG PrimaryStageWindow   - Set initial scene to FXGLStartupScene
13:33:30.577 [JavaFX Application Thread] DEBUG PrimaryStageWindow   - Opening main window
13:33:30.637 [JavaFX Application Thread] DEBUG PrimaryStageWindow   - Window border size: (16.0, 39.0)
13:33:30.637 [JavaFX Application Thread] DEBUG PrimaryStageWindow   - Scaled size: 800.0 x 800.0
13:33:30.637 [JavaFX Application Thread] DEBUG PrimaryStageWindow   - Scaled ratio: (1.0, 1.0)
13:33:30.638 [JavaFX Application Thread] DEBUG PrimaryStageWindow   - Scene size: 800.0 x 800.0
13:33:30.638 [JavaFX Application Thread] DEBUG PrimaryStageWindow   - Stage size: 816.0 x 839.0
13:33:30.643 [FXGL Background Thread 1 ] DEBUG Engine               - Initializing environment variables
13:33:30.671 [FXGL Background Thread 1 ] DEBUG FXGLAssetLoaderServi - User app class for loading assets: class SuperBug
13:33:30.671 [FXGL Background Thread 1 ] DEBUG GameApplicationServi - Applying CSS: fxgl_dark.css
13:33:30.672 [FXGL Background Thread 1 ] DEBUG FXGLAssetLoaderServi - Loading from file system: jar:file:/C:/Users/lenovo/.m2/repository/com/github/almasb/fxgl/11.14/fxgl-11.14.jar!/fxglassets/ui/css/fxgl_dark.css
13:33:30.706 [FXGL Background Thread 1 ] DEBUG GameApplicationServi - Initializing application scenes
13:33:30.735 [FXGL Background Thread 1 ] DEBUG GameWorld            - Game world initialized
13:33:30.782 [FXGL Background Thread 1 ] DEBUG PhysicsWorld         - Physics world initialized: appHeight=800, physics.ppm=50.0
13:33:30.782 [FXGL Background Thread 1 ] DEBUG PhysicsWorld         - Using strategy: BRUTE_FORCE
13:33:30.784 [FXGL Background Thread 1 ] DEBUG GameScene            - Game scene initialized: 800x800
13:33:30.810 [FXGL Background Thread 1 ] DEBUG FXGLAssetLoaderServi - Loading from file system: jar:file:/C:/Users/lenovo/.m2/repository/com/github/almasb/fxgl/11.14/fxgl-11.14.jar!/fxglassets/textures/particles/trace_horizontal.png
13:33:30.845 [FXGL Background Thread 1 ] DEBUG FXGL.DefaultMenu     - createMenuBodyGameMenu()
13:33:30.855 [FXGL Background Thread 1 ] DEBUG FXGL.DefaultMenu     - createOptionsMenu()
13:33:30.858 [FXGL Background Thread 1 ] DEBUG FXGLAssetLoaderServi - Loading from file system: jar:file:/C:/Users/lenovo/.m2/repository/com/github/almasb/fxgl/11.14/fxgl-11.14.jar!/fxglassets/textures/particles/smoke.png
13:33:30.897 [FXGL Background Thread 1 ] DEBUG GameApplicationServi - Application scenes initialized
13:33:30.905 [FXGL Background Thread 1 ] DEBUG SystemBundleService  - Loading FXGL system data
13:33:30.907 [FXGL Background Thread 1 ] DEBUG FileSystemAccess     - Reading from: C:\Users\lenovo\My Drive\school\HBO bende\L1\P3\IPOSE Challengeweek\SuperBug\system\fxgl.bundle
13:33:30.912 [FXGL Background Thread 1 ] DEBUG SystemBundleService  - Bundle FXGL: {}
13:33:30.912 [FXGL Background Thread 1 ] DEBUG UpdaterService       - Checking for updates
13:33:30.915 [FXGL Background Thread 4 ] DEBUG FXGLApplication      - Loading fonts
13:33:30.915 [FXGL Background Thread 1 ] DEBUG FXGLApplication      - Loading default localization
13:33:30.915 [FXGL Background Thread 4 ] DEBUG FXGLAssetLoaderServi - Loading from file system: jar:file:/C:/Users/lenovo/.m2/repository/com/github/almasb/fxgl/11.14/fxgl-11.14.jar!/fxglassets/ui/fonts/VarelaRound-Regular.ttf
13:33:30.915 [FXGL Background Thread 1 ] DEBUG FXGLAssetLoaderServi - Loading from file system: jar:file:/C:/Users/lenovo/.m2/repository/com/github/almasb/fxgl/11.14/fxgl-11.14.jar!/fxglassets/languages/english.lang
13:33:30.926 [FXGL Background Thread 1 ] INFO  FXGLApplication      - FXGL initialization took: 0.283 sec
13:33:30.933 [JavaFX Application Thread] DEBUG Input                - Registered new binding: action0 - A
13:33:30.934 [JavaFX Application Thread] DEBUG Input                - Registered new binding: action1 - D
13:33:30.934 [JavaFX Application Thread] DEBUG Input                - Registered new binding: action2 - W
13:33:30.934 [JavaFX Application Thread] DEBUG Input                - Registered new binding: action3 - Space
13:33:30.935 [JavaFX Application Thread] DEBUG FXGLAssetLoaderServi - Loading from file system: file:/C:/Users/lenovo/My%20Drive/school/HBO%20bende/L1/P3/IPOSE%20Challengeweek/SuperBug/target/classes/assets/textures/bug09.png
13:33:30.950 [FXGL Background Thread 4 ] DEBUG FXGLAssetLoaderServi - Loading from file system: jar:file:/C:/Users/lenovo/.m2/repository/com/github/almasb/fxgl/11.14/fxgl-11.14.jar!/fxglassets/ui/fonts/Abel-Regular.ttf
13:33:30.952 [FXGL Background Thread 4 ] DEBUG FXGLAssetLoaderServi - Loading from file system: jar:file:/C:/Users/lenovo/.m2/repository/com/github/almasb/fxgl/11.14/fxgl-11.14.jar!/fxglassets/ui/fonts/lucida_console.ttf
13:33:30.955 [FXGL Background Thread 4 ] DEBUG FXGLAssetLoaderServi - Loading from file system: jar:file:/C:/Users/lenovo/.m2/repository/com/github/almasb/fxgl/11.14/fxgl-11.14.jar!/fxglassets/ui/fonts/Courier-Prime.ttf
13:33:31.007 [JavaFX Application Thread] DEBUG FXGLAssetLoaderServi - Loading from file system: jar:file:/C:/Users/lenovo/.m2/repository/com/github/almasb/fxgl/11.14/fxgl-11.14.jar!/fxglassets/ui/cursors/fxgl_default.png
13:33:31.008 [JavaFX Application Thread] DEBUG Input                - Registered new binding: Screenshot - P
13:33:31.008 [JavaFX Application Thread] DEBUG Input                - Registered new binding: System info dump - CTRL+9
13:33:31.009 [JavaFX Application Thread] DEBUG Input                - Registered new binding: Restart - CTRL+R
13:33:31.009 [JavaFX Application Thread] DEBUG Input                - Registered new binding: Toggle Debug Camera - CTRL+C
13:33:31.010 [JavaFX Application Thread] DEBUG LoopRunner           - Starting loop
13:33:31.010 [JavaFX Application Thread] DEBUG LoopRunner           - Initializing JavaFX AnimationTimerLoop
13:33:31.012 [JavaFX Application Thread] DEBUG GameApplicationServi - Starting new game
13:33:31.012 [JavaFX Application Thread] DEBUG Input                - Clearing active input actions
13:33:31.019 [JavaFX Application Thread] DEBUG GameApplicationServi - Removing overlay from FXGLStartupScene and adding to FXGLLoadingScene
13:33:31.020 [JavaFX Application Thread] DEBUG PrimaryStageWindow   - FXGLStartupScene -> FXGLLoadingScene
13:33:31.020 [JavaFX Application Thread] DEBUG GameApplicationServi - Clearing previous game
13:33:31.020 [JavaFX Application Thread] DEBUG GameScene            - Clearing game scene
13:33:31.020 [JavaFX Application Thread] DEBUG GameWorld            - Clearing game world
13:33:31.020 [JavaFX Application Thread] DEBUG PhysicsWorld         - Clearing physics world
13:33:31.021 [JavaFX Application Thread] DEBUG FXGLApplication      - Registering font factories with UI factory
13:33:31.021 [FXGL Background Thread 4 ] DEBUG FXGLApplication      - Initializing game
13:33:31.028 [FXGL Background Thread 4 ] DEBUG FXGLAssetLoaderServi - Loading from file system: file:/C:/Users/lenovo/My%20Drive/school/HBO%20bende/L1/P3/IPOSE%20Challengeweek/SuperBug/target/classes/assets/textures/bug01.png
13:33:31.099 [FXGL Background Thread 4 ] INFO  FXGLApplication      - Game initialization took: 0.078 sec
13:33:31.128 [JavaFX Application Thread] DEBUG Input                - Clearing active input actions
13:33:31.133 [JavaFX Application Thread] DEBUG GameApplicationServi - Removing overlay from FXGLLoadingScene and adding to GameScene
13:33:31.134 [JavaFX Application Thread] DEBUG PrimaryStageWindow   - FXGLLoadingScene -> GameScene
13:33:31.161 [FXGL Background Thread 2 ] INFO  UpdaterService       - Your current version:  11.14
13:33:31.161 [FXGL Background Thread 2 ] INFO  UpdaterService       - Latest stable version: 17.1
13:33:33.915 [FXGL Background Thread 3 ] DEBUG Engine               - Logging environment variables
13:33:33.916 [FXGL Background Thread 3 ] DEBUG Engine               - achievements: []
13:33:33.916 [FXGL Background Thread 3 ] DEBUG Engine               - actualHeight: 800.0
13:33:33.916 [FXGL Background Thread 3 ] DEBUG Engine               - actualHeightProperty: ReadOnlyDoubleProperty [value: 800.0]
13:33:33.916 [FXGL Background Thread 3 ] DEBUG Engine               - actualWidth: 800.0
13:33:33.916 [FXGL Background Thread 3 ] DEBUG Engine               - actualWidthProperty: ReadOnlyDoubleProperty [value: 800.0]
13:33:33.916 [FXGL Background Thread 3 ] DEBUG Engine               - appIcon: bug09.png
13:33:33.916 [FXGL Background Thread 3 ] DEBUG Engine               - applicationMode: DEVELOPER
13:33:33.916 [FXGL Background Thread 3 ] DEBUG Engine               - cSSList: [fxgl_dark.css]
13:33:33.916 [FXGL Background Thread 3 ] DEBUG Engine               - collisionDetectionStrategy: BRUTE_FORCE
13:33:33.917 [FXGL Background Thread 3 ] DEBUG Engine               - configClass: Optional.empty
13:33:33.917 [FXGL Background Thread 3 ] DEBUG Engine               - credits: []
13:33:33.917 [FXGL Background Thread 3 ] DEBUG Engine               - devBBoxColorProperty: ObjectProperty [value: 0xff0000ff]
13:33:33.917 [FXGL Background Thread 3 ] DEBUG Engine               - devEnableDebugCameraProperty: BooleanProperty [value: false]
13:33:33.917 [FXGL Background Thread 3 ] DEBUG Engine               - devSensorColorProperty: ObjectProperty [value: 0xffff00ff]
13:33:33.917 [FXGL Background Thread 3 ] DEBUG Engine               - devShowBBoxProperty: BooleanProperty [value: false]
13:33:33.917 [FXGL Background Thread 3 ] DEBUG Engine               - devShowPositionProperty: BooleanProperty [value: false]
13:33:33.917 [FXGL Background Thread 3 ] DEBUG Engine               - enabledMenuItems: []
13:33:33.918 [FXGL Background Thread 3 ] DEBUG Engine               - engineServices: [class com.almasb.fxgl.app.services.FXGLAssetLoaderService, class com.almasb.fxgl.app.FXGLApplication$GameApplicationService, class com.almasb.fxgl.app.services.FXGLDialogService, class com.almasb.fxgl.app.services.IOTaskExecutorService, class com.almasb.fxgl.event.EventBusService, class com.almasb.fxgl.io.FileSystemService, class com.almasb.fxgl.localization.LocalizationService, class com.almasb.fxgl.app.services.SystemBundleService, class com.almasb.fxgl.profile.SaveLoadService, class com.almasb.fxgl.ui.FXGLUIFactoryServiceProvider, class com.almasb.fxgl.ui.FXGLDialogFactoryServiceProvider, class com.almasb.fxgl.audio.AudioPlayer, class com.almasb.fxgl.notification.impl.NotificationServiceProvider, class com.almasb.fxgl.achievement.AchievementService, class com.almasb.fxgl.cutscene.CutsceneService, class com.almasb.fxgl.minigames.MiniGameService, class com.almasb.fxgl.net.NetService, class com.almasb.fxgl.app.services.UpdaterService, class com.almasb.fxgl.dev.DevService]
13:33:33.918 [FXGL Background Thread 3 ] DEBUG Engine               - fontGame: Abel-Regular.ttf
13:33:33.918 [FXGL Background Thread 3 ] DEBUG Engine               - fontMono: lucida_console.ttf
13:33:33.918 [FXGL Background Thread 3 ] DEBUG Engine               - fontText: Courier-Prime.ttf
13:33:33.918 [FXGL Background Thread 3 ] DEBUG Engine               - fontUI: VarelaRound-Regular.ttf
13:33:33.918 [FXGL Background Thread 3 ] DEBUG Engine               - fullScreen: BooleanProperty [value: false]
13:33:33.918 [FXGL Background Thread 3 ] DEBUG Engine               - gameDifficulty: MEDIUM
13:33:33.918 [FXGL Background Thread 3 ] DEBUG Engine               - gameDifficultyProperty: ObjectProperty [value: MEDIUM]
13:33:33.918 [FXGL Background Thread 3 ] DEBUG Engine               - globalMusicVolume: 0.5
13:33:33.918 [FXGL Background Thread 3 ] DEBUG Engine               - globalMusicVolumeProperty: DoubleProperty [value: 0.5]
13:33:33.918 [FXGL Background Thread 3 ] DEBUG Engine               - globalSoundVolume: 0.5
13:33:33.918 [FXGL Background Thread 3 ] DEBUG Engine               - globalSoundVolumeProperty: DoubleProperty [value: 0.1]
13:33:33.918 [FXGL Background Thread 3 ] DEBUG Engine               - height: 800
13:33:33.918 [FXGL Background Thread 3 ] DEBUG Engine               - isAndroid: false
13:33:33.918 [FXGL Background Thread 3 ] DEBUG Engine               - isBrowser: false
13:33:33.918 [FXGL Background Thread 3 ] DEBUG Engine               - isClickFeedbackEnabled: false
13:33:33.918 [FXGL Background Thread 3 ] DEBUG Engine               - isCloseConfirmation: false
13:33:33.918 [FXGL Background Thread 3 ] DEBUG Engine               - isDesktop: true
13:33:33.920 [FXGL Background Thread 3 ] DEBUG Engine               - isDeveloperMenuEnabled: false
13:33:33.920 [FXGL Background Thread 3 ] DEBUG Engine               - isEntityPreloadEnabled: true
13:33:33.920 [FXGL Background Thread 3 ] DEBUG Engine               - isExperimental3D: false
13:33:33.920 [FXGL Background Thread 3 ] DEBUG Engine               - isExperimentalNative: false
13:33:33.920 [FXGL Background Thread 3 ] DEBUG Engine               - isExperimentalTiledLargeMap: false
13:33:33.920 [FXGL Background Thread 3 ] DEBUG Engine               - isFileSystemWriteAllowed: true
13:33:33.921 [FXGL Background Thread 3 ] DEBUG Engine               - isFullScreenAllowed: false
13:33:33.921 [FXGL Background Thread 3 ] DEBUG Engine               - isFullScreenFromStart: false
13:33:33.921 [FXGL Background Thread 3 ] DEBUG Engine               - isGameMenuEnabled: true
13:33:33.921 [FXGL Background Thread 3 ] DEBUG Engine               - isIOS: false
13:33:33.921 [FXGL Background Thread 3 ] DEBUG Engine               - isIntroEnabled: false
13:33:33.921 [FXGL Background Thread 3 ] DEBUG Engine               - isLinux: false
13:33:33.921 [FXGL Background Thread 3 ] DEBUG Engine               - isMac: false
13:33:33.921 [FXGL Background Thread 3 ] DEBUG Engine               - isMainMenuEnabled: false
13:33:33.921 [FXGL Background Thread 3 ] DEBUG Engine               - isManualResizeEnabled: false
13:33:33.921 [FXGL Background Thread 3 ] DEBUG Engine               - isMobile: false
13:33:33.921 [FXGL Background Thread 3 ] DEBUG Engine               - isPreserveResizeRatio: false
13:33:33.921 [FXGL Background Thread 3 ] DEBUG Engine               - isProfilingEnabled: false
13:33:33.922 [FXGL Background Thread 3 ] DEBUG Engine               - isScaleAffectedOnResize: true
13:33:33.922 [FXGL Background Thread 3 ] DEBUG Engine               - isSingleStep: false
13:33:33.922 [FXGL Background Thread 3 ] DEBUG Engine               - isUserProfileEnabled: false
13:33:33.922 [FXGL Background Thread 3 ] DEBUG Engine               - isWindows: true
13:33:33.922 [FXGL Background Thread 3 ] DEBUG Engine               - language: ObjectProperty [value: ENGLISH]
13:33:33.922 [FXGL Background Thread 3 ] DEBUG Engine               - menuKey: ESCAPE
13:33:33.922 [FXGL Background Thread 3 ] DEBUG Engine               - notificationViewClass: class com.almasb.fxgl.notification.view.XboxNotificationView
13:33:33.922 [FXGL Background Thread 3 ] DEBUG Engine               - pixelsPerMeter: 50.0
13:33:33.922 [FXGL Background Thread 3 ] DEBUG Engine               - platform: WINDOWS
13:33:33.922 [FXGL Background Thread 3 ] DEBUG Engine               - prefHeightProperty: ReadOnlyDoubleProperty [value: 800.0]
13:33:33.922 [FXGL Background Thread 3 ] DEBUG Engine               - prefWidthProperty: ReadOnlyDoubleProperty [value: 800.0]
13:33:33.922 [FXGL Background Thread 3 ] DEBUG Engine               - profileDir: profiles/
13:33:33.923 [FXGL Background Thread 3 ] DEBUG Engine               - profileName: StringProperty [value: DEFAULT]
13:33:33.923 [FXGL Background Thread 3 ] DEBUG Engine               - randomSeed: -1
13:33:33.923 [FXGL Background Thread 3 ] DEBUG Engine               - runtimeInfo: RuntimeInfo(platform=WINDOWS, version=11.14, build=01.03.2021 16.59)
13:33:33.923 [FXGL Background Thread 3 ] DEBUG Engine               - saveFileExt: sav
13:33:33.923 [FXGL Background Thread 3 ] DEBUG Engine               - scaledHeightProp$fxgl: DoubleProperty [bound, value: 800.0]
13:33:33.923 [FXGL Background Thread 3 ] DEBUG Engine               - scaledWidthProp$fxgl: DoubleProperty [bound, value: 800.0]
13:33:33.923 [FXGL Background Thread 3 ] DEBUG Engine               - sceneFactory: com.almasb.fxgl.app.scene.SceneFactory@72b557f6
13:33:33.923 [FXGL Background Thread 3 ] DEBUG Engine               - secondsIn24h: 60
13:33:33.923 [FXGL Background Thread 3 ] DEBUG Engine               - soundMenuBack: menu/back.wav
13:33:33.923 [FXGL Background Thread 3 ] DEBUG Engine               - soundMenuPress: menu/press.wav
13:33:33.923 [FXGL Background Thread 3 ] DEBUG Engine               - soundMenuSelect: menu/select.wav
13:33:33.923 [FXGL Background Thread 3 ] DEBUG Engine               - soundNotification: core/notification.wav
13:33:33.924 [FXGL Background Thread 3 ] DEBUG Engine               - stageStyle: DECORATED
13:33:33.924 [FXGL Background Thread 3 ] DEBUG Engine               - supportedLanguages: [ENGLISH, FRENCH, GERMAN, HUNGARIAN, RUSSIAN]
13:33:33.924 [FXGL Background Thread 3 ] DEBUG Engine               - ticksPerSecond: -1
13:33:33.924 [FXGL Background Thread 3 ] DEBUG Engine               - title: Super Bug
13:33:33.924 [FXGL Background Thread 3 ] DEBUG Engine               - urlGithub: https://github.com/AlmasB/FXGL
13:33:33.924 [FXGL Background Thread 3 ] DEBUG Engine               - urlLeaderboard: http://fxgl-top.herokuapp.com/
13:33:33.924 [FXGL Background Thread 3 ] DEBUG Engine               - urlPOM: https://raw.githubusercontent.com/AlmasB/FXGL/release/README.md
13:33:33.924 [FXGL Background Thread 3 ] DEBUG Engine               - userAppClass: class SuperBug
13:33:33.924 [FXGL Background Thread 3 ] DEBUG Engine               - version: 1.0
13:33:33.924 [FXGL Background Thread 3 ] DEBUG Engine               - versionCheckDays: 7
13:33:33.924 [FXGL Background Thread 3 ] DEBUG Engine               - width: 800
13:33:33.924 [FXGL Background Thread 3 ] DEBUG Engine               - Logging services
13:33:33.924 [FXGL Background Thread 3 ] DEBUG Engine               - class com.almasb.fxgl.app.services.FXGLAssetLoaderService
13:33:33.924 [FXGL Background Thread 3 ] DEBUG Engine               - class com.almasb.fxgl.app.FXGLApplication$GameApplicationService
13:33:33.925 [FXGL Background Thread 3 ] DEBUG Engine               - class com.almasb.fxgl.app.services.FXGLDialogService
13:33:33.925 [FXGL Background Thread 3 ] DEBUG Engine               - class com.almasb.fxgl.app.services.IOTaskExecutorService
13:33:33.925 [FXGL Background Thread 3 ] DEBUG Engine               - class com.almasb.fxgl.event.EventBusService
13:33:33.925 [FXGL Background Thread 3 ] DEBUG Engine               - class com.almasb.fxgl.io.FileSystemService
13:33:33.925 [FXGL Background Thread 3 ] DEBUG Engine               - class com.almasb.fxgl.localization.LocalizationService
13:33:33.925 [FXGL Background Thread 3 ] DEBUG Engine               - class com.almasb.fxgl.app.services.SystemBundleService
13:33:33.925 [FXGL Background Thread 3 ] DEBUG Engine               - class com.almasb.fxgl.profile.SaveLoadService
13:33:33.925 [FXGL Background Thread 3 ] DEBUG Engine               - class com.almasb.fxgl.ui.FXGLUIFactoryServiceProvider
13:33:33.925 [FXGL Background Thread 3 ] DEBUG Engine               - class com.almasb.fxgl.ui.FXGLDialogFactoryServiceProvider
13:33:33.925 [FXGL Background Thread 3 ] DEBUG Engine               - class com.almasb.fxgl.audio.AudioPlayer
13:33:33.925 [FXGL Background Thread 3 ] DEBUG Engine               - class com.almasb.fxgl.notification.impl.NotificationServiceProvider
13:33:33.925 [FXGL Background Thread 3 ] DEBUG Engine               - class com.almasb.fxgl.achievement.AchievementService
13:33:33.925 [FXGL Background Thread 3 ] DEBUG Engine               - class com.almasb.fxgl.cutscene.CutsceneService
13:33:33.925 [FXGL Background Thread 3 ] DEBUG Engine               - class com.almasb.fxgl.minigames.MiniGameService
13:33:33.926 [FXGL Background Thread 3 ] DEBUG Engine               - class com.almasb.fxgl.net.NetService
13:33:33.926 [FXGL Background Thread 3 ] DEBUG Engine               - class com.almasb.fxgl.app.services.UpdaterService
13:33:33.926 [FXGL Background Thread 3 ] DEBUG Engine               - class com.almasb.fxgl.dev.DevService
13:33:44.297 [JavaFX Application Thread] DEBUG FXGLApplication      - Exiting FXGL
13:33:44.297 [JavaFX Application Thread] DEBUG LoopRunner           - Stopping loop
13:33:44.297 [JavaFX Application Thread] DEBUG SystemBundleService  - Saving FXGL system data
13:33:44.300 [JavaFX Application Thread] DEBUG FileSystemAccess     - Writing to: C:\Users\lenovo\My Drive\school\HBO bende\L1\P3\IPOSE Challengeweek\SuperBug\system\fxgl.bundle
13:33:44.302 [JavaFX Application Thread] DEBUG Async                - Shutting down background threads
13:33:44.303 [JavaFX Application Thread] DEBUG PrimaryStageWindow   - Closing main window
13:33:44.312 [JavaFX Application Thread] DEBUG Logger               - Closing Logger
