13:20:04.166 [main                     ] DEBUG Logger               - Configured Logger
13:20:04.169 [main                     ] DEBUG GameApplication      - Logging settings
Title: Super Bug
Version: 1.0
Width: 800
Height: 800
Fullscreen: false
Intro: false
Profiling: false
Single step:false
App Mode: DEVELOPER
Menu Key: ESCAPE
Stage Style: DECORATED
Scene Factory: class com.almasb.fxgl.app.scene.SceneFactory

13:20:04.416 [JavaFX Application Thread] DEBUG FXGLApplication      - Initializing FXGL
13:20:04.417 [JavaFX Application Thread] INFO  Engine               - FXGL-11.14 (01.03.2021 16.59) on WINDOWS (J:17.0.1 FX:15)
13:20:04.417 [JavaFX Application Thread] DEBUG Engine               - JRE Vendor Name: Oracle Corporation
13:20:04.417 [JavaFX Application Thread] DEBUG Engine               - Running on OS: Windows 10 version 10.0
13:20:04.417 [JavaFX Application Thread] DEBUG Engine               - Architecture: amd64
13:20:04.418 [JavaFX Application Thread] INFO  Engine               - Source code and latest versions at: https://github.com/AlmasB/FXGL
13:20:04.418 [JavaFX Application Thread] INFO  Engine               -              Join the FXGL chat at: https://gitter.im/AlmasB/FXGL
13:20:04.502 [JavaFX Application Thread] DEBUG PrimaryStageWindow   - Creating a JavaFX scene
13:20:04.536 [JavaFX Application Thread] DEBUG PrimaryStageWindow   - Target settings size: 800.0 x 800.0
13:20:04.537 [JavaFX Application Thread] DEBUG PrimaryStageWindow   - Scaled scene size:    800.0 x 800.0
13:20:04.537 [JavaFX Application Thread] DEBUG PrimaryStageWindow   - Scaled ratio: (1.0, 1.0)
13:20:04.537 [JavaFX Application Thread] DEBUG PrimaryStageWindow   - Set initial scene to FXGLStartupScene
13:20:04.543 [JavaFX Application Thread] DEBUG PrimaryStageWindow   - Opening main window
13:20:04.600 [JavaFX Application Thread] DEBUG PrimaryStageWindow   - Window border size: (16.0, 39.0)
13:20:04.600 [JavaFX Application Thread] DEBUG PrimaryStageWindow   - Scaled size: 800.0 x 800.0
13:20:04.600 [JavaFX Application Thread] DEBUG PrimaryStageWindow   - Scaled ratio: (1.0, 1.0)
13:20:04.601 [JavaFX Application Thread] DEBUG PrimaryStageWindow   - Scene size: 800.0 x 800.0
13:20:04.601 [JavaFX Application Thread] DEBUG PrimaryStageWindow   - Stage size: 816.0 x 839.0
13:20:04.606 [FXGL Background Thread 1 ] DEBUG Engine               - Initializing environment variables
13:20:04.633 [FXGL Background Thread 1 ] DEBUG FXGLAssetLoaderServi - User app class for loading assets: class SuperBug
13:20:04.633 [FXGL Background Thread 1 ] DEBUG GameApplicationServi - Applying CSS: fxgl_dark.css
13:20:04.634 [FXGL Background Thread 1 ] DEBUG FXGLAssetLoaderServi - Loading from file system: jar:file:/C:/Users/lenovo/.m2/repository/com/github/almasb/fxgl/11.14/fxgl-11.14.jar!/fxglassets/ui/css/fxgl_dark.css
13:20:04.665 [FXGL Background Thread 1 ] DEBUG GameApplicationServi - Initializing application scenes
13:20:04.687 [FXGL Background Thread 1 ] DEBUG GameWorld            - Game world initialized
13:20:04.738 [FXGL Background Thread 1 ] DEBUG PhysicsWorld         - Physics world initialized: appHeight=800, physics.ppm=50.0
13:20:04.740 [FXGL Background Thread 1 ] DEBUG PhysicsWorld         - Using strategy: BRUTE_FORCE
13:20:04.742 [FXGL Background Thread 1 ] DEBUG GameScene            - Game scene initialized: 800x800
13:20:04.766 [FXGL Background Thread 1 ] DEBUG FXGLAssetLoaderServi - Loading from file system: jar:file:/C:/Users/lenovo/.m2/repository/com/github/almasb/fxgl/11.14/fxgl-11.14.jar!/fxglassets/textures/particles/trace_horizontal.png
13:20:04.799 [FXGL Background Thread 1 ] DEBUG FXGL.DefaultMenu     - createMenuBodyGameMenu()
13:20:04.809 [FXGL Background Thread 1 ] DEBUG FXGL.DefaultMenu     - createOptionsMenu()
13:20:04.813 [FXGL Background Thread 1 ] DEBUG FXGLAssetLoaderServi - Loading from file system: jar:file:/C:/Users/lenovo/.m2/repository/com/github/almasb/fxgl/11.14/fxgl-11.14.jar!/fxglassets/textures/particles/smoke.png
13:20:04.857 [FXGL Background Thread 1 ] DEBUG GameApplicationServi - Application scenes initialized
13:20:04.865 [FXGL Background Thread 1 ] DEBUG SystemBundleService  - Loading FXGL system data
13:20:04.868 [FXGL Background Thread 1 ] DEBUG FileSystemAccess     - Reading from: C:\Users\lenovo\My Drive\school\HBO bende\L1\P3\IPOSE Challengeweek\SuperBug\system\fxgl.bundle
13:20:04.872 [FXGL Background Thread 1 ] DEBUG SystemBundleService  - Bundle FXGL: {}
13:20:04.872 [FXGL Background Thread 1 ] DEBUG UpdaterService       - Checking for updates
13:20:04.876 [FXGL Background Thread 4 ] DEBUG FXGLApplication      - Loading fonts
13:20:04.876 [FXGL Background Thread 1 ] DEBUG FXGLApplication      - Loading default localization
13:20:04.877 [FXGL Background Thread 4 ] DEBUG FXGLAssetLoaderServi - Loading from file system: jar:file:/C:/Users/lenovo/.m2/repository/com/github/almasb/fxgl/11.14/fxgl-11.14.jar!/fxglassets/ui/fonts/VarelaRound-Regular.ttf
13:20:04.877 [FXGL Background Thread 1 ] DEBUG FXGLAssetLoaderServi - Loading from file system: jar:file:/C:/Users/lenovo/.m2/repository/com/github/almasb/fxgl/11.14/fxgl-11.14.jar!/fxglassets/languages/english.lang
13:20:04.889 [FXGL Background Thread 1 ] INFO  FXGLApplication      - FXGL initialization took: 0.283 sec
13:20:04.898 [JavaFX Application Thread] DEBUG Input                - Registered new binding: action0 - A
13:20:04.899 [JavaFX Application Thread] DEBUG Input                - Registered new binding: action1 - D
13:20:04.899 [JavaFX Application Thread] DEBUG Input                - Registered new binding: action2 - W
13:20:04.900 [JavaFX Application Thread] DEBUG Input                - Registered new binding: action3 - Space
13:20:04.900 [JavaFX Application Thread] DEBUG FXGLAssetLoaderServi - Loading from file system: file:/C:/Users/lenovo/My%20Drive/school/HBO%20bende/L1/P3/IPOSE%20Challengeweek/SuperBug/target/classes/assets/textures/bug09.png
13:20:04.922 [FXGL Background Thread 4 ] DEBUG FXGLAssetLoaderServi - Loading from file system: jar:file:/C:/Users/lenovo/.m2/repository/com/github/almasb/fxgl/11.14/fxgl-11.14.jar!/fxglassets/ui/fonts/Abel-Regular.ttf
13:20:04.927 [FXGL Background Thread 4 ] DEBUG FXGLAssetLoaderServi - Loading from file system: jar:file:/C:/Users/lenovo/.m2/repository/com/github/almasb/fxgl/11.14/fxgl-11.14.jar!/fxglassets/ui/fonts/lucida_console.ttf
13:20:04.933 [FXGL Background Thread 4 ] DEBUG FXGLAssetLoaderServi - Loading from file system: jar:file:/C:/Users/lenovo/.m2/repository/com/github/almasb/fxgl/11.14/fxgl-11.14.jar!/fxglassets/ui/fonts/Courier-Prime.ttf
13:20:05.013 [JavaFX Application Thread] DEBUG FXGLAssetLoaderServi - Loading from file system: jar:file:/C:/Users/lenovo/.m2/repository/com/github/almasb/fxgl/11.14/fxgl-11.14.jar!/fxglassets/ui/cursors/fxgl_default.png
13:20:05.015 [JavaFX Application Thread] DEBUG Input                - Registered new binding: Screenshot - P
13:20:05.016 [JavaFX Application Thread] DEBUG Input                - Registered new binding: System info dump - CTRL+9
13:20:05.016 [JavaFX Application Thread] DEBUG Input                - Registered new binding: Restart - CTRL+R
13:20:05.016 [JavaFX Application Thread] DEBUG Input                - Registered new binding: Toggle Debug Camera - CTRL+C
13:20:05.017 [JavaFX Application Thread] DEBUG LoopRunner           - Starting loop
13:20:05.019 [JavaFX Application Thread] DEBUG LoopRunner           - Initializing JavaFX AnimationTimerLoop
13:20:05.020 [JavaFX Application Thread] DEBUG GameApplicationServi - Starting new game
13:20:05.021 [JavaFX Application Thread] DEBUG Input                - Clearing active input actions
13:20:05.029 [JavaFX Application Thread] DEBUG GameApplicationServi - Removing overlay from FXGLStartupScene and adding to FXGLLoadingScene
13:20:05.030 [JavaFX Application Thread] DEBUG PrimaryStageWindow   - FXGLStartupScene -> FXGLLoadingScene
13:20:05.030 [JavaFX Application Thread] DEBUG GameApplicationServi - Clearing previous game
13:20:05.030 [JavaFX Application Thread] DEBUG GameScene            - Clearing game scene
13:20:05.030 [JavaFX Application Thread] DEBUG GameWorld            - Clearing game world
13:20:05.030 [JavaFX Application Thread] DEBUG PhysicsWorld         - Clearing physics world
13:20:05.031 [JavaFX Application Thread] DEBUG FXGLApplication      - Registering font factories with UI factory
13:20:05.035 [FXGL Background Thread 4 ] DEBUG FXGLApplication      - Initializing game
13:20:05.061 [FXGL Background Thread 4 ] DEBUG FXGLAssetLoaderServi - Loading from file system: file:/C:/Users/lenovo/My%20Drive/school/HBO%20bende/L1/P3/IPOSE%20Challengeweek/SuperBug/target/classes/assets/textures/bug01.png
13:20:05.124 [FXGL Background Thread 4 ] INFO  FXGLApplication      - Game initialization took: 0.089 sec
13:20:05.133 [FXGL Background Thread 2 ] INFO  UpdaterService       - Your current version:  11.14
13:20:05.133 [FXGL Background Thread 2 ] INFO  UpdaterService       - Latest stable version: 17.1
13:20:05.133 [JavaFX Application Thread] DEBUG Input                - Clearing active input actions
13:20:05.138 [JavaFX Application Thread] DEBUG GameApplicationServi - Removing overlay from FXGLLoadingScene and adding to GameScene
13:20:05.138 [JavaFX Application Thread] DEBUG PrimaryStageWindow   - FXGLLoadingScene -> GameScene
13:20:07.876 [FXGL Background Thread 3 ] DEBUG Engine               - Logging environment variables
13:20:07.877 [FXGL Background Thread 3 ] DEBUG Engine               - achievements: []
13:20:07.877 [FXGL Background Thread 3 ] DEBUG Engine               - actualHeight: 800.0
13:20:07.877 [FXGL Background Thread 3 ] DEBUG Engine               - actualHeightProperty: ReadOnlyDoubleProperty [value: 800.0]
13:20:07.877 [FXGL Background Thread 3 ] DEBUG Engine               - actualWidth: 800.0
13:20:07.877 [FXGL Background Thread 3 ] DEBUG Engine               - actualWidthProperty: ReadOnlyDoubleProperty [value: 800.0]
13:20:07.877 [FXGL Background Thread 3 ] DEBUG Engine               - appIcon: bug09.png
13:20:07.877 [FXGL Background Thread 3 ] DEBUG Engine               - applicationMode: DEVELOPER
13:20:07.877 [FXGL Background Thread 3 ] DEBUG Engine               - cSSList: [fxgl_dark.css]
13:20:07.878 [FXGL Background Thread 3 ] DEBUG Engine               - collisionDetectionStrategy: BRUTE_FORCE
13:20:07.878 [FXGL Background Thread 3 ] DEBUG Engine               - configClass: Optional.empty
13:20:07.878 [FXGL Background Thread 3 ] DEBUG Engine               - credits: []
13:20:07.878 [FXGL Background Thread 3 ] DEBUG Engine               - devBBoxColorProperty: ObjectProperty [value: 0xff0000ff]
13:20:07.878 [FXGL Background Thread 3 ] DEBUG Engine               - devEnableDebugCameraProperty: BooleanProperty [value: false]
13:20:07.878 [FXGL Background Thread 3 ] DEBUG Engine               - devSensorColorProperty: ObjectProperty [value: 0xffff00ff]
13:20:07.878 [FXGL Background Thread 3 ] DEBUG Engine               - devShowBBoxProperty: BooleanProperty [value: false]
13:20:07.878 [FXGL Background Thread 3 ] DEBUG Engine               - devShowPositionProperty: BooleanProperty [value: false]
13:20:07.878 [FXGL Background Thread 3 ] DEBUG Engine               - enabledMenuItems: []
13:20:07.878 [FXGL Background Thread 3 ] DEBUG Engine               - engineServices: [class com.almasb.fxgl.app.services.FXGLAssetLoaderService, class com.almasb.fxgl.app.FXGLApplication$GameApplicationService, class com.almasb.fxgl.app.services.FXGLDialogService, class com.almasb.fxgl.app.services.IOTaskExecutorService, class com.almasb.fxgl.event.EventBusService, class com.almasb.fxgl.io.FileSystemService, class com.almasb.fxgl.localization.LocalizationService, class com.almasb.fxgl.app.services.SystemBundleService, class com.almasb.fxgl.profile.SaveLoadService, class com.almasb.fxgl.ui.FXGLUIFactoryServiceProvider, class com.almasb.fxgl.ui.FXGLDialogFactoryServiceProvider, class com.almasb.fxgl.audio.AudioPlayer, class com.almasb.fxgl.notification.impl.NotificationServiceProvider, class com.almasb.fxgl.achievement.AchievementService, class com.almasb.fxgl.cutscene.CutsceneService, class com.almasb.fxgl.minigames.MiniGameService, class com.almasb.fxgl.net.NetService, class com.almasb.fxgl.app.services.UpdaterService, class com.almasb.fxgl.dev.DevService]
13:20:07.878 [FXGL Background Thread 3 ] DEBUG Engine               - fontGame: Abel-Regular.ttf
13:20:07.879 [FXGL Background Thread 3 ] DEBUG Engine               - fontMono: lucida_console.ttf
13:20:07.879 [FXGL Background Thread 3 ] DEBUG Engine               - fontText: Courier-Prime.ttf
13:20:07.879 [FXGL Background Thread 3 ] DEBUG Engine               - fontUI: VarelaRound-Regular.ttf
13:20:07.879 [FXGL Background Thread 3 ] DEBUG Engine               - fullScreen: BooleanProperty [value: false]
13:20:07.879 [FXGL Background Thread 3 ] DEBUG Engine               - gameDifficulty: MEDIUM
13:20:07.879 [FXGL Background Thread 3 ] DEBUG Engine               - gameDifficultyProperty: ObjectProperty [value: MEDIUM]
13:20:07.879 [FXGL Background Thread 3 ] DEBUG Engine               - globalMusicVolume: 0.5
13:20:07.879 [FXGL Background Thread 3 ] DEBUG Engine               - globalMusicVolumeProperty: DoubleProperty [value: 0.5]
13:20:07.879 [FXGL Background Thread 3 ] DEBUG Engine               - globalSoundVolume: 0.5
13:20:07.879 [FXGL Background Thread 3 ] DEBUG Engine               - globalSoundVolumeProperty: DoubleProperty [value: 0.1]
13:20:07.879 [FXGL Background Thread 3 ] DEBUG Engine               - height: 800
13:20:07.880 [FXGL Background Thread 3 ] DEBUG Engine               - isAndroid: false
13:20:07.880 [FXGL Background Thread 3 ] DEBUG Engine               - isBrowser: false
13:20:07.880 [FXGL Background Thread 3 ] DEBUG Engine               - isClickFeedbackEnabled: false
13:20:07.880 [FXGL Background Thread 3 ] DEBUG Engine               - isCloseConfirmation: false
13:20:07.880 [FXGL Background Thread 3 ] DEBUG Engine               - isDesktop: true
13:20:07.880 [FXGL Background Thread 3 ] DEBUG Engine               - isDeveloperMenuEnabled: false
13:20:07.880 [FXGL Background Thread 3 ] DEBUG Engine               - isEntityPreloadEnabled: true
13:20:07.880 [FXGL Background Thread 3 ] DEBUG Engine               - isExperimental3D: false
13:20:07.880 [FXGL Background Thread 3 ] DEBUG Engine               - isExperimentalNative: false
13:20:07.880 [FXGL Background Thread 3 ] DEBUG Engine               - isExperimentalTiledLargeMap: false
13:20:07.880 [FXGL Background Thread 3 ] DEBUG Engine               - isFileSystemWriteAllowed: true
13:20:07.881 [FXGL Background Thread 3 ] DEBUG Engine               - isFullScreenAllowed: false
13:20:07.881 [FXGL Background Thread 3 ] DEBUG Engine               - isFullScreenFromStart: false
13:20:07.881 [FXGL Background Thread 3 ] DEBUG Engine               - isGameMenuEnabled: true
13:20:07.881 [FXGL Background Thread 3 ] DEBUG Engine               - isIOS: false
13:20:07.881 [FXGL Background Thread 3 ] DEBUG Engine               - isIntroEnabled: false
13:20:07.881 [FXGL Background Thread 3 ] DEBUG Engine               - isLinux: false
13:20:07.881 [FXGL Background Thread 3 ] DEBUG Engine               - isMac: false
13:20:07.882 [FXGL Background Thread 3 ] DEBUG Engine               - isMainMenuEnabled: false
13:20:07.882 [FXGL Background Thread 3 ] DEBUG Engine               - isManualResizeEnabled: false
13:20:07.882 [FXGL Background Thread 3 ] DEBUG Engine               - isMobile: false
13:20:07.882 [FXGL Background Thread 3 ] DEBUG Engine               - isPreserveResizeRatio: false
13:20:07.882 [FXGL Background Thread 3 ] DEBUG Engine               - isProfilingEnabled: false
13:20:07.882 [FXGL Background Thread 3 ] DEBUG Engine               - isScaleAffectedOnResize: true
13:20:07.882 [FXGL Background Thread 3 ] DEBUG Engine               - isSingleStep: false
13:20:07.882 [FXGL Background Thread 3 ] DEBUG Engine               - isUserProfileEnabled: false
13:20:07.882 [FXGL Background Thread 3 ] DEBUG Engine               - isWindows: true
13:20:07.882 [FXGL Background Thread 3 ] DEBUG Engine               - language: ObjectProperty [value: ENGLISH]
13:20:07.882 [FXGL Background Thread 3 ] DEBUG Engine               - menuKey: ESCAPE
13:20:07.882 [FXGL Background Thread 3 ] DEBUG Engine               - notificationViewClass: class com.almasb.fxgl.notification.view.XboxNotificationView
13:20:07.882 [FXGL Background Thread 3 ] DEBUG Engine               - pixelsPerMeter: 50.0
13:20:07.882 [FXGL Background Thread 3 ] DEBUG Engine               - platform: WINDOWS
13:20:07.882 [FXGL Background Thread 3 ] DEBUG Engine               - prefHeightProperty: ReadOnlyDoubleProperty [value: 800.0]
13:20:07.882 [FXGL Background Thread 3 ] DEBUG Engine               - prefWidthProperty: ReadOnlyDoubleProperty [value: 800.0]
13:20:07.883 [FXGL Background Thread 3 ] DEBUG Engine               - profileDir: profiles/
13:20:07.883 [FXGL Background Thread 3 ] DEBUG Engine               - profileName: StringProperty [value: DEFAULT]
13:20:07.883 [FXGL Background Thread 3 ] DEBUG Engine               - randomSeed: -1
13:20:07.883 [FXGL Background Thread 3 ] DEBUG Engine               - runtimeInfo: RuntimeInfo(platform=WINDOWS, version=11.14, build=01.03.2021 16.59)
13:20:07.883 [FXGL Background Thread 3 ] DEBUG Engine               - saveFileExt: sav
13:20:07.883 [FXGL Background Thread 3 ] DEBUG Engine               - scaledHeightProp$fxgl: DoubleProperty [bound, value: 800.0]
13:20:07.883 [FXGL Background Thread 3 ] DEBUG Engine               - scaledWidthProp$fxgl: DoubleProperty [bound, value: 800.0]
13:20:07.883 [FXGL Background Thread 3 ] DEBUG Engine               - sceneFactory: com.almasb.fxgl.app.scene.SceneFactory@7d67b32f
13:20:07.883 [FXGL Background Thread 3 ] DEBUG Engine               - secondsIn24h: 60
13:20:07.883 [FXGL Background Thread 3 ] DEBUG Engine               - soundMenuBack: menu/back.wav
13:20:07.884 [FXGL Background Thread 3 ] DEBUG Engine               - soundMenuPress: menu/press.wav
13:20:07.884 [FXGL Background Thread 3 ] DEBUG Engine               - soundMenuSelect: menu/select.wav
13:20:07.884 [FXGL Background Thread 3 ] DEBUG Engine               - soundNotification: core/notification.wav
13:20:07.884 [FXGL Background Thread 3 ] DEBUG Engine               - stageStyle: DECORATED
13:20:07.884 [FXGL Background Thread 3 ] DEBUG Engine               - supportedLanguages: [ENGLISH, FRENCH, GERMAN, HUNGARIAN, RUSSIAN]
13:20:07.884 [FXGL Background Thread 3 ] DEBUG Engine               - ticksPerSecond: -1
13:20:07.884 [FXGL Background Thread 3 ] DEBUG Engine               - title: Super Bug
13:20:07.884 [FXGL Background Thread 3 ] DEBUG Engine               - urlGithub: https://github.com/AlmasB/FXGL
13:20:07.884 [FXGL Background Thread 3 ] DEBUG Engine               - urlLeaderboard: http://fxgl-top.herokuapp.com/
13:20:07.884 [FXGL Background Thread 3 ] DEBUG Engine               - urlPOM: https://raw.githubusercontent.com/AlmasB/FXGL/release/README.md
13:20:07.884 [FXGL Background Thread 3 ] DEBUG Engine               - userAppClass: class SuperBug
13:20:07.884 [FXGL Background Thread 3 ] DEBUG Engine               - version: 1.0
13:20:07.884 [FXGL Background Thread 3 ] DEBUG Engine               - versionCheckDays: 7
13:20:07.884 [FXGL Background Thread 3 ] DEBUG Engine               - width: 800
13:20:07.884 [FXGL Background Thread 3 ] DEBUG Engine               - Logging services
13:20:07.885 [FXGL Background Thread 3 ] DEBUG Engine               - class com.almasb.fxgl.app.services.FXGLAssetLoaderService
13:20:07.885 [FXGL Background Thread 3 ] DEBUG Engine               - class com.almasb.fxgl.app.FXGLApplication$GameApplicationService
13:20:07.885 [FXGL Background Thread 3 ] DEBUG Engine               - class com.almasb.fxgl.app.services.FXGLDialogService
13:20:07.885 [FXGL Background Thread 3 ] DEBUG Engine               - class com.almasb.fxgl.app.services.IOTaskExecutorService
13:20:07.885 [FXGL Background Thread 3 ] DEBUG Engine               - class com.almasb.fxgl.event.EventBusService
13:20:07.885 [FXGL Background Thread 3 ] DEBUG Engine               - class com.almasb.fxgl.io.FileSystemService
13:20:07.885 [FXGL Background Thread 3 ] DEBUG Engine               - class com.almasb.fxgl.localization.LocalizationService
13:20:07.885 [FXGL Background Thread 3 ] DEBUG Engine               - class com.almasb.fxgl.app.services.SystemBundleService
13:20:07.885 [FXGL Background Thread 3 ] DEBUG Engine               - class com.almasb.fxgl.profile.SaveLoadService
13:20:07.885 [FXGL Background Thread 3 ] DEBUG Engine               - class com.almasb.fxgl.ui.FXGLUIFactoryServiceProvider
13:20:07.885 [FXGL Background Thread 3 ] DEBUG Engine               - class com.almasb.fxgl.ui.FXGLDialogFactoryServiceProvider
13:20:07.885 [FXGL Background Thread 3 ] DEBUG Engine               - class com.almasb.fxgl.audio.AudioPlayer
13:20:07.885 [FXGL Background Thread 3 ] DEBUG Engine               - class com.almasb.fxgl.notification.impl.NotificationServiceProvider
13:20:07.885 [FXGL Background Thread 3 ] DEBUG Engine               - class com.almasb.fxgl.achievement.AchievementService
13:20:07.885 [FXGL Background Thread 3 ] DEBUG Engine               - class com.almasb.fxgl.cutscene.CutsceneService
13:20:07.885 [FXGL Background Thread 3 ] DEBUG Engine               - class com.almasb.fxgl.minigames.MiniGameService
13:20:07.885 [FXGL Background Thread 3 ] DEBUG Engine               - class com.almasb.fxgl.net.NetService
13:20:07.885 [FXGL Background Thread 3 ] DEBUG Engine               - class com.almasb.fxgl.app.services.UpdaterService
13:20:07.885 [FXGL Background Thread 3 ] DEBUG Engine               - class com.almasb.fxgl.dev.DevService
13:20:10.148 [JavaFX Application Thread] DEBUG FXGLApplication      - Exiting FXGL
13:20:10.149 [JavaFX Application Thread] DEBUG LoopRunner           - Stopping loop
13:20:10.149 [JavaFX Application Thread] DEBUG SystemBundleService  - Saving FXGL system data
13:20:10.151 [JavaFX Application Thread] DEBUG FileSystemAccess     - Writing to: C:\Users\lenovo\My Drive\school\HBO bende\L1\P3\IPOSE Challengeweek\SuperBug\system\fxgl.bundle
13:20:10.153 [JavaFX Application Thread] DEBUG Async                - Shutting down background threads
13:20:10.153 [JavaFX Application Thread] DEBUG PrimaryStageWindow   - Closing main window
13:20:10.162 [JavaFX Application Thread] DEBUG Logger               - Closing Logger
