15:42:07.062 [main                     ] DEBUG Logger               - Configured Logger
15:42:07.067 [main                     ] DEBUG GameApplication      - Logging settings
Title: Super Bug
Version: 1.0
Width: 800
Height: 600
Fullscreen: false
Intro: false
Profiling: false
Single step:false
App Mode: DEVELOPER
Menu Key: ESCAPE
Stage Style: DECORATED
Scene Factory: class com.almasb.fxgl.app.scene.SceneFactory

15:42:07.470 [JavaFX Application Thread] DEBUG FXGLApplication      - Initializing FXGL
15:42:07.472 [JavaFX Application Thread] INFO  Engine               - FXGL-11.14 (01.03.2021 16.59) on WINDOWS (J:17.0.1 FX:15)
15:42:07.472 [JavaFX Application Thread] DEBUG Engine               - JRE Vendor Name: Oracle Corporation
15:42:07.472 [JavaFX Application Thread] DEBUG Engine               - Running on OS: Windows 10 version 10.0
15:42:07.473 [JavaFX Application Thread] DEBUG Engine               - Architecture: amd64
15:42:07.473 [JavaFX Application Thread] INFO  Engine               - Source code and latest versions at: https://github.com/AlmasB/FXGL
15:42:07.473 [JavaFX Application Thread] INFO  Engine               -              Join the FXGL chat at: https://gitter.im/AlmasB/FXGL
15:42:07.595 [JavaFX Application Thread] DEBUG PrimaryStageWindow   - Creating a JavaFX scene
15:42:07.651 [JavaFX Application Thread] DEBUG PrimaryStageWindow   - Target settings size: 800.0 x 600.0
15:42:07.652 [JavaFX Application Thread] DEBUG PrimaryStageWindow   - Scaled scene size:    800.0 x 600.0
15:42:07.652 [JavaFX Application Thread] DEBUG PrimaryStageWindow   - Scaled ratio: (1.0, 1.0)
15:42:07.653 [JavaFX Application Thread] DEBUG PrimaryStageWindow   - Set initial scene to FXGLStartupScene
15:42:07.662 [JavaFX Application Thread] DEBUG PrimaryStageWindow   - Opening main window
15:42:07.760 [JavaFX Application Thread] DEBUG PrimaryStageWindow   - Window border size: (14.4000244140625, 37.5999755859375)
15:42:07.760 [JavaFX Application Thread] DEBUG PrimaryStageWindow   - Scaled size: 800.0 x 600.0
15:42:07.760 [JavaFX Application Thread] DEBUG PrimaryStageWindow   - Scaled ratio: (1.0, 1.0)
15:42:07.760 [JavaFX Application Thread] DEBUG PrimaryStageWindow   - Scene size: 800.0 x 600.0
15:42:07.761 [JavaFX Application Thread] DEBUG PrimaryStageWindow   - Stage size: 814.4000244140625 x 637.5999755859375
15:42:07.771 [FXGL Background Thread 1 ] DEBUG Engine               - Initializing environment variables
15:42:07.817 [FXGL Background Thread 1 ] DEBUG FXGLAssetLoaderServi - User app class for loading assets: class SuperBug
15:42:07.817 [FXGL Background Thread 1 ] DEBUG GameApplicationServi - Applying CSS: fxgl_dark.css
15:42:07.818 [FXGL Background Thread 1 ] DEBUG FXGLAssetLoaderServi - Loading from file system: jar:file:/C:/Users/Sil/.m2/repository/com/github/almasb/fxgl/11.14/fxgl-11.14.jar!/fxglassets/ui/css/fxgl_dark.css
15:42:07.864 [FXGL Background Thread 1 ] DEBUG GameApplicationServi - Initializing application scenes
15:42:07.920 [FXGL Background Thread 1 ] DEBUG GameWorld            - Game world initialized
15:42:07.986 [FXGL Background Thread 1 ] DEBUG PhysicsWorld         - Physics world initialized: appHeight=600, physics.ppm=50,0
15:42:07.986 [FXGL Background Thread 1 ] DEBUG PhysicsWorld         - Using strategy: BRUTE_FORCE
15:42:07.989 [FXGL Background Thread 1 ] DEBUG GameScene            - Game scene initialized: 800x600
15:42:08.033 [FXGL Background Thread 1 ] DEBUG FXGLAssetLoaderServi - Loading from file system: jar:file:/C:/Users/Sil/.m2/repository/com/github/almasb/fxgl/11.14/fxgl-11.14.jar!/fxglassets/textures/particles/trace_horizontal.png
15:42:08.081 [FXGL Background Thread 1 ] DEBUG FXGL.DefaultMenu     - createMenuBodyGameMenu()
15:42:08.097 [FXGL Background Thread 1 ] DEBUG FXGL.DefaultMenu     - createOptionsMenu()
15:42:08.105 [FXGL Background Thread 1 ] DEBUG FXGLAssetLoaderServi - Loading from file system: jar:file:/C:/Users/Sil/.m2/repository/com/github/almasb/fxgl/11.14/fxgl-11.14.jar!/fxglassets/textures/particles/smoke.png
15:42:08.166 [FXGL Background Thread 1 ] DEBUG GameApplicationServi - Application scenes initialized
15:42:08.180 [FXGL Background Thread 1 ] DEBUG SystemBundleService  - Loading FXGL system data
15:42:08.185 [FXGL Background Thread 1 ] DEBUG FileSystemAccess     - Reading from: C:\Users\Sil\Documents\GitHub\SuperBug\system\fxgl.bundle
15:42:08.193 [FXGL Background Thread 1 ] DEBUG SystemBundleService  - Bundle FXGL: {}
15:42:08.193 [FXGL Background Thread 1 ] DEBUG UpdaterService       - Checking for updates
15:42:08.199 [FXGL Background Thread 4 ] DEBUG FXGLApplication      - Loading fonts
15:42:08.199 [FXGL Background Thread 4 ] DEBUG FXGLAssetLoaderServi - Loading from file system: jar:file:/C:/Users/Sil/.m2/repository/com/github/almasb/fxgl/11.14/fxgl-11.14.jar!/fxglassets/ui/fonts/VarelaRound-Regular.ttf
15:42:08.199 [FXGL Background Thread 1 ] DEBUG FXGLApplication      - Loading default localization
15:42:08.200 [FXGL Background Thread 1 ] DEBUG FXGLAssetLoaderServi - Loading from file system: jar:file:/C:/Users/Sil/.m2/repository/com/github/almasb/fxgl/11.14/fxgl-11.14.jar!/fxglassets/languages/english.lang
15:42:08.238 [FXGL Background Thread 1 ] INFO  FXGLApplication      - FXGL initialization took: 0,466 sec
15:42:08.248 [JavaFX Application Thread] DEBUG Input                - Registered new binding: action0 - A
15:42:08.249 [JavaFX Application Thread] DEBUG Input                - Registered new binding: action1 - D
15:42:08.249 [JavaFX Application Thread] DEBUG Input                - Registered new binding: action2 - W
15:42:08.250 [JavaFX Application Thread] DEBUG Input                - Registered new binding: action3 - Space
15:42:08.250 [JavaFX Application Thread] DEBUG FXGLAssetLoaderServi - Loading from file system: file:/C:/Users/Sil/Documents/GitHub/SuperBug/target/classes/assets/textures/bug09.png
15:42:08.284 [FXGL Background Thread 4 ] DEBUG FXGLAssetLoaderServi - Loading from file system: jar:file:/C:/Users/Sil/.m2/repository/com/github/almasb/fxgl/11.14/fxgl-11.14.jar!/fxglassets/ui/fonts/Abel-Regular.ttf
15:42:08.293 [FXGL Background Thread 4 ] DEBUG FXGLAssetLoaderServi - Loading from file system: jar:file:/C:/Users/Sil/.m2/repository/com/github/almasb/fxgl/11.14/fxgl-11.14.jar!/fxglassets/ui/fonts/lucida_console.ttf
15:42:08.303 [FXGL Background Thread 4 ] DEBUG FXGLAssetLoaderServi - Loading from file system: jar:file:/C:/Users/Sil/.m2/repository/com/github/almasb/fxgl/11.14/fxgl-11.14.jar!/fxglassets/ui/fonts/Courier-Prime.ttf
15:42:08.348 [JavaFX Application Thread] DEBUG FXGLAssetLoaderServi - Loading from file system: jar:file:/C:/Users/Sil/.m2/repository/com/github/almasb/fxgl/11.14/fxgl-11.14.jar!/fxglassets/ui/cursors/fxgl_default.png
15:42:08.352 [JavaFX Application Thread] DEBUG Input                - Registered new binding: Screenshot - P
15:42:08.353 [JavaFX Application Thread] DEBUG Input                - Registered new binding: System info dump - CTRL+9
15:42:08.353 [JavaFX Application Thread] DEBUG Input                - Registered new binding: Restart - CTRL+R
15:42:08.356 [JavaFX Application Thread] DEBUG Input                - Registered new binding: Toggle Debug Camera - CTRL+C
15:42:08.364 [JavaFX Application Thread] DEBUG LoopRunner           - Starting loop
15:42:08.365 [JavaFX Application Thread] DEBUG LoopRunner           - Initializing JavaFX AnimationTimerLoop
15:42:08.368 [JavaFX Application Thread] DEBUG GameApplicationServi - Starting new game
15:42:08.369 [JavaFX Application Thread] DEBUG Input                - Clearing active input actions
15:42:08.385 [JavaFX Application Thread] DEBUG GameApplicationServi - Removing overlay from FXGLStartupScene and adding to FXGLLoadingScene
15:42:08.385 [JavaFX Application Thread] DEBUG PrimaryStageWindow   - FXGLStartupScene -> FXGLLoadingScene
15:42:08.385 [JavaFX Application Thread] DEBUG GameApplicationServi - Clearing previous game
15:42:08.385 [JavaFX Application Thread] DEBUG GameScene            - Clearing game scene
15:42:08.385 [JavaFX Application Thread] DEBUG GameWorld            - Clearing game world
15:42:08.385 [JavaFX Application Thread] DEBUG PhysicsWorld         - Clearing physics world
15:42:08.389 [JavaFX Application Thread] DEBUG FXGLApplication      - Registering font factories with UI factory
15:42:08.389 [FXGL Background Thread 4 ] DEBUG FXGLApplication      - Initializing game
15:42:08.416 [FXGL Background Thread 4 ] DEBUG FXGLAssetLoaderServi - Loading from file system: file:/C:/Users/Sil/Documents/GitHub/SuperBug/target/classes/assets/textures/bug01.png
15:42:08.497 [FXGL Background Thread 4 ] DEBUG FXGLAssetLoaderServi - Loading from file system: file:/C:/Users/Sil/Documents/GitHub/SuperBug/target/classes/assets/textures/enemy01.png
15:42:08.527 [FXGL Background Thread 4 ] INFO  FXGLApplication      - Game initialization took: 0,137 sec
15:42:08.547 [JavaFX Application Thread] DEBUG Input                - Clearing active input actions
15:42:08.555 [JavaFX Application Thread] DEBUG GameApplicationServi - Removing overlay from FXGLLoadingScene and adding to GameScene
15:42:08.556 [JavaFX Application Thread] DEBUG PrimaryStageWindow   - FXGLLoadingScene -> GameScene
15:42:08.685 [FXGL Background Thread 2 ] INFO  UpdaterService       - Your current version:  11.14
15:42:08.685 [FXGL Background Thread 2 ] INFO  UpdaterService       - Latest stable version: 17.1
15:42:11.198 [FXGL Background Thread 3 ] DEBUG Engine               - Logging environment variables
15:42:11.198 [FXGL Background Thread 3 ] DEBUG Engine               - achievements: []
15:42:11.198 [FXGL Background Thread 3 ] DEBUG Engine               - actualHeight: 600.0
15:42:11.198 [FXGL Background Thread 3 ] DEBUG Engine               - actualHeightProperty: ReadOnlyDoubleProperty [value: 600.0]
15:42:11.198 [FXGL Background Thread 3 ] DEBUG Engine               - actualWidth: 800.0
15:42:11.199 [FXGL Background Thread 3 ] DEBUG Engine               - actualWidthProperty: ReadOnlyDoubleProperty [value: 800.0]
15:42:11.199 [FXGL Background Thread 3 ] DEBUG Engine               - appIcon: bug09.png
15:42:11.199 [FXGL Background Thread 3 ] DEBUG Engine               - applicationMode: DEVELOPER
15:42:11.199 [FXGL Background Thread 3 ] DEBUG Engine               - cSSList: [fxgl_dark.css]
15:42:11.199 [FXGL Background Thread 3 ] DEBUG Engine               - collisionDetectionStrategy: BRUTE_FORCE
15:42:11.200 [FXGL Background Thread 3 ] DEBUG Engine               - configClass: Optional.empty
15:42:11.200 [FXGL Background Thread 3 ] DEBUG Engine               - credits: []
15:42:11.200 [FXGL Background Thread 3 ] DEBUG Engine               - devBBoxColorProperty: ObjectProperty [value: 0xff0000ff]
15:42:11.200 [FXGL Background Thread 3 ] DEBUG Engine               - devEnableDebugCameraProperty: BooleanProperty [value: false]
15:42:11.200 [FXGL Background Thread 3 ] DEBUG Engine               - devSensorColorProperty: ObjectProperty [value: 0xffff00ff]
15:42:11.200 [FXGL Background Thread 3 ] DEBUG Engine               - devShowBBoxProperty: BooleanProperty [value: false]
15:42:11.200 [FXGL Background Thread 3 ] DEBUG Engine               - devShowPositionProperty: BooleanProperty [value: false]
15:42:11.200 [FXGL Background Thread 3 ] DEBUG Engine               - enabledMenuItems: []
15:42:11.201 [FXGL Background Thread 3 ] DEBUG Engine               - engineServices: [class com.almasb.fxgl.app.services.FXGLAssetLoaderService, class com.almasb.fxgl.app.FXGLApplication$GameApplicationService, class com.almasb.fxgl.app.services.FXGLDialogService, class com.almasb.fxgl.app.services.IOTaskExecutorService, class com.almasb.fxgl.event.EventBusService, class com.almasb.fxgl.io.FileSystemService, class com.almasb.fxgl.localization.LocalizationService, class com.almasb.fxgl.app.services.SystemBundleService, class com.almasb.fxgl.profile.SaveLoadService, class com.almasb.fxgl.ui.FXGLUIFactoryServiceProvider, class com.almasb.fxgl.ui.FXGLDialogFactoryServiceProvider, class com.almasb.fxgl.audio.AudioPlayer, class com.almasb.fxgl.notification.impl.NotificationServiceProvider, class com.almasb.fxgl.achievement.AchievementService, class com.almasb.fxgl.cutscene.CutsceneService, class com.almasb.fxgl.minigames.MiniGameService, class com.almasb.fxgl.net.NetService, class com.almasb.fxgl.app.services.UpdaterService, class com.almasb.fxgl.dev.DevService]
15:42:11.201 [FXGL Background Thread 3 ] DEBUG Engine               - fontGame: Abel-Regular.ttf
15:42:11.201 [FXGL Background Thread 3 ] DEBUG Engine               - fontMono: lucida_console.ttf
15:42:11.201 [FXGL Background Thread 3 ] DEBUG Engine               - fontText: Courier-Prime.ttf
15:42:11.201 [FXGL Background Thread 3 ] DEBUG Engine               - fontUI: VarelaRound-Regular.ttf
15:42:11.201 [FXGL Background Thread 3 ] DEBUG Engine               - fullScreen: BooleanProperty [value: false]
15:42:11.202 [FXGL Background Thread 3 ] DEBUG Engine               - gameDifficulty: MEDIUM
15:42:11.202 [FXGL Background Thread 3 ] DEBUG Engine               - gameDifficultyProperty: ObjectProperty [value: MEDIUM]
15:42:11.202 [FXGL Background Thread 3 ] DEBUG Engine               - globalMusicVolume: 0.5
15:42:11.202 [FXGL Background Thread 3 ] DEBUG Engine               - globalMusicVolumeProperty: DoubleProperty [value: 0.5]
15:42:11.202 [FXGL Background Thread 3 ] DEBUG Engine               - globalSoundVolume: 0.5
15:42:11.202 [FXGL Background Thread 3 ] DEBUG Engine               - globalSoundVolumeProperty: DoubleProperty [value: 0.1]
15:42:11.202 [FXGL Background Thread 3 ] DEBUG Engine               - height: 600
15:42:11.202 [FXGL Background Thread 3 ] DEBUG Engine               - isAndroid: false
15:42:11.202 [FXGL Background Thread 3 ] DEBUG Engine               - isBrowser: false
15:42:11.202 [FXGL Background Thread 3 ] DEBUG Engine               - isClickFeedbackEnabled: false
15:42:11.202 [FXGL Background Thread 3 ] DEBUG Engine               - isCloseConfirmation: false
15:42:11.203 [FXGL Background Thread 3 ] DEBUG Engine               - isDesktop: true
15:42:11.203 [FXGL Background Thread 3 ] DEBUG Engine               - isDeveloperMenuEnabled: false
15:42:11.203 [FXGL Background Thread 3 ] DEBUG Engine               - isEntityPreloadEnabled: true
15:42:11.203 [FXGL Background Thread 3 ] DEBUG Engine               - isExperimental3D: false
15:42:11.203 [FXGL Background Thread 3 ] DEBUG Engine               - isExperimentalNative: false
15:42:11.203 [FXGL Background Thread 3 ] DEBUG Engine               - isExperimentalTiledLargeMap: false
15:42:11.203 [FXGL Background Thread 3 ] DEBUG Engine               - isFileSystemWriteAllowed: true
15:42:11.204 [FXGL Background Thread 3 ] DEBUG Engine               - isFullScreenAllowed: false
15:42:11.204 [FXGL Background Thread 3 ] DEBUG Engine               - isFullScreenFromStart: false
15:42:11.204 [FXGL Background Thread 3 ] DEBUG Engine               - isGameMenuEnabled: true
15:42:11.204 [FXGL Background Thread 3 ] DEBUG Engine               - isIOS: false
15:42:11.204 [FXGL Background Thread 3 ] DEBUG Engine               - isIntroEnabled: false
15:42:11.204 [FXGL Background Thread 3 ] DEBUG Engine               - isLinux: false
15:42:11.204 [FXGL Background Thread 3 ] DEBUG Engine               - isMac: false
15:42:11.204 [FXGL Background Thread 3 ] DEBUG Engine               - isMainMenuEnabled: false
15:42:11.205 [FXGL Background Thread 3 ] DEBUG Engine               - isManualResizeEnabled: false
15:42:11.205 [FXGL Background Thread 3 ] DEBUG Engine               - isMobile: false
15:42:11.205 [FXGL Background Thread 3 ] DEBUG Engine               - isPreserveResizeRatio: false
15:42:11.205 [FXGL Background Thread 3 ] DEBUG Engine               - isProfilingEnabled: false
15:42:11.205 [FXGL Background Thread 3 ] DEBUG Engine               - isScaleAffectedOnResize: true
15:42:11.205 [FXGL Background Thread 3 ] DEBUG Engine               - isSingleStep: false
15:42:11.205 [FXGL Background Thread 3 ] DEBUG Engine               - isUserProfileEnabled: false
15:42:11.206 [FXGL Background Thread 3 ] DEBUG Engine               - isWindows: true
15:42:11.206 [FXGL Background Thread 3 ] DEBUG Engine               - language: ObjectProperty [value: ENGLISH]
15:42:11.206 [FXGL Background Thread 3 ] DEBUG Engine               - menuKey: ESCAPE
15:42:11.206 [FXGL Background Thread 3 ] DEBUG Engine               - notificationViewClass: class com.almasb.fxgl.notification.view.XboxNotificationView
15:42:11.206 [FXGL Background Thread 3 ] DEBUG Engine               - pixelsPerMeter: 50.0
15:42:11.206 [FXGL Background Thread 3 ] DEBUG Engine               - platform: WINDOWS
15:42:11.206 [FXGL Background Thread 3 ] DEBUG Engine               - prefHeightProperty: ReadOnlyDoubleProperty [value: 600.0]
15:42:11.206 [FXGL Background Thread 3 ] DEBUG Engine               - prefWidthProperty: ReadOnlyDoubleProperty [value: 800.0]
15:42:11.206 [FXGL Background Thread 3 ] DEBUG Engine               - profileDir: profiles/
15:42:11.206 [FXGL Background Thread 3 ] DEBUG Engine               - profileName: StringProperty [value: DEFAULT]
15:42:11.206 [FXGL Background Thread 3 ] DEBUG Engine               - randomSeed: -1
15:42:11.207 [FXGL Background Thread 3 ] DEBUG Engine               - runtimeInfo: RuntimeInfo(platform=WINDOWS, version=11.14, build=01.03.2021 16.59)
15:42:11.207 [FXGL Background Thread 3 ] DEBUG Engine               - saveFileExt: sav
15:42:11.207 [FXGL Background Thread 3 ] DEBUG Engine               - scaledHeightProp$fxgl: DoubleProperty [bound, value: 600.0]
15:42:11.207 [FXGL Background Thread 3 ] DEBUG Engine               - scaledWidthProp$fxgl: DoubleProperty [bound, value: 800.0]
15:42:11.207 [FXGL Background Thread 3 ] DEBUG Engine               - sceneFactory: com.almasb.fxgl.app.scene.SceneFactory@1f19290
15:42:11.207 [FXGL Background Thread 3 ] DEBUG Engine               - secondsIn24h: 60
15:42:11.207 [FXGL Background Thread 3 ] DEBUG Engine               - soundMenuBack: menu/back.wav
15:42:11.207 [FXGL Background Thread 3 ] DEBUG Engine               - soundMenuPress: menu/press.wav
15:42:11.207 [FXGL Background Thread 3 ] DEBUG Engine               - soundMenuSelect: menu/select.wav
15:42:11.207 [FXGL Background Thread 3 ] DEBUG Engine               - soundNotification: core/notification.wav
15:42:11.208 [FXGL Background Thread 3 ] DEBUG Engine               - stageStyle: DECORATED
15:42:11.208 [FXGL Background Thread 3 ] DEBUG Engine               - supportedLanguages: [ENGLISH, FRENCH, GERMAN, HUNGARIAN, RUSSIAN]
15:42:11.208 [FXGL Background Thread 3 ] DEBUG Engine               - ticksPerSecond: -1
15:42:11.208 [FXGL Background Thread 3 ] DEBUG Engine               - title: Super Bug
15:42:11.208 [FXGL Background Thread 3 ] DEBUG Engine               - urlGithub: https://github.com/AlmasB/FXGL
15:42:11.208 [FXGL Background Thread 3 ] DEBUG Engine               - urlLeaderboard: http://fxgl-top.herokuapp.com/
15:42:11.208 [FXGL Background Thread 3 ] DEBUG Engine               - urlPOM: https://raw.githubusercontent.com/AlmasB/FXGL/release/README.md
15:42:11.208 [FXGL Background Thread 3 ] DEBUG Engine               - userAppClass: class SuperBug
15:42:11.208 [FXGL Background Thread 3 ] DEBUG Engine               - version: 1.0
15:42:11.208 [FXGL Background Thread 3 ] DEBUG Engine               - versionCheckDays: 7
15:42:11.208 [FXGL Background Thread 3 ] DEBUG Engine               - width: 800
15:42:11.208 [FXGL Background Thread 3 ] DEBUG Engine               - Logging services
15:42:11.208 [FXGL Background Thread 3 ] DEBUG Engine               - class com.almasb.fxgl.app.services.FXGLAssetLoaderService
15:42:11.208 [FXGL Background Thread 3 ] DEBUG Engine               - class com.almasb.fxgl.app.FXGLApplication$GameApplicationService
15:42:11.208 [FXGL Background Thread 3 ] DEBUG Engine               - class com.almasb.fxgl.app.services.FXGLDialogService
15:42:11.208 [FXGL Background Thread 3 ] DEBUG Engine               - class com.almasb.fxgl.app.services.IOTaskExecutorService
15:42:11.208 [FXGL Background Thread 3 ] DEBUG Engine               - class com.almasb.fxgl.event.EventBusService
15:42:11.208 [FXGL Background Thread 3 ] DEBUG Engine               - class com.almasb.fxgl.io.FileSystemService
15:42:11.209 [FXGL Background Thread 3 ] DEBUG Engine               - class com.almasb.fxgl.localization.LocalizationService
15:42:11.209 [FXGL Background Thread 3 ] DEBUG Engine               - class com.almasb.fxgl.app.services.SystemBundleService
15:42:11.209 [FXGL Background Thread 3 ] DEBUG Engine               - class com.almasb.fxgl.profile.SaveLoadService
15:42:11.209 [FXGL Background Thread 3 ] DEBUG Engine               - class com.almasb.fxgl.ui.FXGLUIFactoryServiceProvider
15:42:11.209 [FXGL Background Thread 3 ] DEBUG Engine               - class com.almasb.fxgl.ui.FXGLDialogFactoryServiceProvider
15:42:11.209 [FXGL Background Thread 3 ] DEBUG Engine               - class com.almasb.fxgl.audio.AudioPlayer
15:42:11.209 [FXGL Background Thread 3 ] DEBUG Engine               - class com.almasb.fxgl.notification.impl.NotificationServiceProvider
15:42:11.209 [FXGL Background Thread 3 ] DEBUG Engine               - class com.almasb.fxgl.achievement.AchievementService
15:42:11.209 [FXGL Background Thread 3 ] DEBUG Engine               - class com.almasb.fxgl.cutscene.CutsceneService
15:42:11.209 [FXGL Background Thread 3 ] DEBUG Engine               - class com.almasb.fxgl.minigames.MiniGameService
15:42:11.209 [FXGL Background Thread 3 ] DEBUG Engine               - class com.almasb.fxgl.net.NetService
15:42:11.209 [FXGL Background Thread 3 ] DEBUG Engine               - class com.almasb.fxgl.app.services.UpdaterService
15:42:11.209 [FXGL Background Thread 3 ] DEBUG Engine               - class com.almasb.fxgl.dev.DevService
15:42:26.859 [JavaFX Application Thread] DEBUG FXGLApplication      - Exiting FXGL
15:42:26.859 [JavaFX Application Thread] DEBUG LoopRunner           - Stopping loop
15:42:26.860 [JavaFX Application Thread] DEBUG SystemBundleService  - Saving FXGL system data
15:42:26.861 [JavaFX Application Thread] DEBUG FileSystemAccess     - Writing to: C:\Users\Sil\Documents\GitHub\SuperBug\system\fxgl.bundle
15:42:26.862 [JavaFX Application Thread] DEBUG Async                - Shutting down background threads
15:42:26.863 [JavaFX Application Thread] DEBUG PrimaryStageWindow   - Closing main window
15:42:26.877 [JavaFX Application Thread] DEBUG Logger               - Closing Logger
