15:30:42.211 [main                     ] DEBUG Logger               - Configured Logger
15:30:42.216 [main                     ] DEBUG GameApplication      - Logging settings
Title: Super Bug
Version: 1.0
Width: 800
Height: 800
Fullscreen: false
Intro: false
Profiling: false
Single step:false
App Mode: DEVELOPER
Menu Key: ESCAPE
Stage Style: DECORATED
Scene Factory: class com.almasb.fxgl.app.scene.SceneFactory

15:30:42.639 [JavaFX Application Thread] DEBUG FXGLApplication      - Initializing FXGL
15:30:42.642 [JavaFX Application Thread] INFO  Engine               - FXGL-11.14 (01.03.2021 16.59) on WINDOWS (J:17.0.1 FX:15)
15:30:42.642 [JavaFX Application Thread] DEBUG Engine               - JRE Vendor Name: Oracle Corporation
15:30:42.642 [JavaFX Application Thread] DEBUG Engine               - Running on OS: Windows 10 version 10.0
15:30:42.642 [JavaFX Application Thread] DEBUG Engine               - Architecture: amd64
15:30:42.642 [JavaFX Application Thread] INFO  Engine               - Source code and latest versions at: https://github.com/AlmasB/FXGL
15:30:42.643 [JavaFX Application Thread] INFO  Engine               -              Join the FXGL chat at: https://gitter.im/AlmasB/FXGL
15:30:42.772 [JavaFX Application Thread] DEBUG PrimaryStageWindow   - Creating a JavaFX scene
15:30:42.828 [JavaFX Application Thread] DEBUG PrimaryStageWindow   - Target settings size: 800.0 x 800.0
15:30:42.829 [JavaFX Application Thread] DEBUG PrimaryStageWindow   - Scaled scene size:    800.0 x 800.0
15:30:42.829 [JavaFX Application Thread] DEBUG PrimaryStageWindow   - Scaled ratio: (1.0, 1.0)
15:30:42.830 [JavaFX Application Thread] DEBUG PrimaryStageWindow   - Set initial scene to FXGLStartupScene
15:30:42.838 [JavaFX Application Thread] DEBUG PrimaryStageWindow   - Opening main window
15:30:42.937 [JavaFX Application Thread] DEBUG PrimaryStageWindow   - Window border size: (14.4000244140625, 37.5999755859375)
15:30:42.937 [JavaFX Application Thread] DEBUG PrimaryStageWindow   - Scaled size: 800.0 x 800.0
15:30:42.937 [JavaFX Application Thread] DEBUG PrimaryStageWindow   - Scaled ratio: (1.0, 1.0)
15:30:42.937 [JavaFX Application Thread] DEBUG PrimaryStageWindow   - Scene size: 800.0 x 800.0
15:30:42.937 [JavaFX Application Thread] DEBUG PrimaryStageWindow   - Stage size: 814.4000244140625 x 837.5999755859375
15:30:42.948 [FXGL Background Thread 1 ] DEBUG Engine               - Initializing environment variables
15:30:42.991 [FXGL Background Thread 1 ] DEBUG FXGLAssetLoaderServi - User app class for loading assets: class SuperBug
15:30:42.991 [FXGL Background Thread 1 ] DEBUG GameApplicationServi - Applying CSS: fxgl_dark.css
15:30:42.992 [FXGL Background Thread 1 ] DEBUG FXGLAssetLoaderServi - Loading from file system: jar:file:/C:/Users/Sil/.m2/repository/com/github/almasb/fxgl/11.14/fxgl-11.14.jar!/fxglassets/ui/css/fxgl_dark.css
15:30:43.049 [FXGL Background Thread 1 ] DEBUG GameApplicationServi - Initializing application scenes
15:30:43.102 [FXGL Background Thread 1 ] DEBUG GameWorld            - Game world initialized
15:30:43.171 [FXGL Background Thread 1 ] DEBUG PhysicsWorld         - Physics world initialized: appHeight=800, physics.ppm=50,0
15:30:43.171 [FXGL Background Thread 1 ] DEBUG PhysicsWorld         - Using strategy: BRUTE_FORCE
15:30:43.174 [FXGL Background Thread 1 ] DEBUG GameScene            - Game scene initialized: 800x800
15:30:43.212 [FXGL Background Thread 1 ] DEBUG FXGLAssetLoaderServi - Loading from file system: jar:file:/C:/Users/Sil/.m2/repository/com/github/almasb/fxgl/11.14/fxgl-11.14.jar!/fxglassets/textures/particles/trace_horizontal.png
15:30:43.262 [FXGL Background Thread 1 ] DEBUG FXGL.DefaultMenu     - createMenuBodyGameMenu()
15:30:43.280 [FXGL Background Thread 1 ] DEBUG FXGL.DefaultMenu     - createOptionsMenu()
15:30:43.287 [FXGL Background Thread 1 ] DEBUG FXGLAssetLoaderServi - Loading from file system: jar:file:/C:/Users/Sil/.m2/repository/com/github/almasb/fxgl/11.14/fxgl-11.14.jar!/fxglassets/textures/particles/smoke.png
15:30:43.355 [FXGL Background Thread 1 ] DEBUG GameApplicationServi - Application scenes initialized
15:30:43.374 [FXGL Background Thread 1 ] DEBUG SystemBundleService  - Loading FXGL system data
15:30:43.379 [FXGL Background Thread 1 ] DEBUG FileSystemAccess     - Reading from: C:\Users\Sil\Documents\GitHub\SuperBug\system\fxgl.bundle
15:30:43.387 [FXGL Background Thread 1 ] DEBUG SystemBundleService  - Bundle FXGL: {}
15:30:43.388 [FXGL Background Thread 1 ] DEBUG UpdaterService       - Checking for updates
15:30:43.392 [FXGL Background Thread 4 ] DEBUG FXGLApplication      - Loading fonts
15:30:43.393 [FXGL Background Thread 4 ] DEBUG FXGLAssetLoaderServi - Loading from file system: jar:file:/C:/Users/Sil/.m2/repository/com/github/almasb/fxgl/11.14/fxgl-11.14.jar!/fxglassets/ui/fonts/VarelaRound-Regular.ttf
15:30:43.393 [FXGL Background Thread 1 ] DEBUG FXGLApplication      - Loading default localization
15:30:43.394 [FXGL Background Thread 1 ] DEBUG FXGLAssetLoaderServi - Loading from file system: jar:file:/C:/Users/Sil/.m2/repository/com/github/almasb/fxgl/11.14/fxgl-11.14.jar!/fxglassets/languages/english.lang
15:30:43.428 [FXGL Background Thread 1 ] INFO  FXGLApplication      - FXGL initialization took: 0,479 sec
15:30:43.439 [JavaFX Application Thread] DEBUG Input                - Registered new binding: action0 - A
15:30:43.440 [JavaFX Application Thread] DEBUG Input                - Registered new binding: action1 - D
15:30:43.440 [JavaFX Application Thread] DEBUG Input                - Registered new binding: action2 - W
15:30:43.441 [JavaFX Application Thread] DEBUG Input                - Registered new binding: action3 - Space
15:30:43.442 [JavaFX Application Thread] DEBUG FXGLAssetLoaderServi - Loading from file system: file:/C:/Users/Sil/Documents/GitHub/SuperBug/target/classes/assets/textures/bug09.png
15:30:43.484 [FXGL Background Thread 4 ] DEBUG FXGLAssetLoaderServi - Loading from file system: jar:file:/C:/Users/Sil/.m2/repository/com/github/almasb/fxgl/11.14/fxgl-11.14.jar!/fxglassets/ui/fonts/Abel-Regular.ttf
15:30:43.492 [FXGL Background Thread 4 ] DEBUG FXGLAssetLoaderServi - Loading from file system: jar:file:/C:/Users/Sil/.m2/repository/com/github/almasb/fxgl/11.14/fxgl-11.14.jar!/fxglassets/ui/fonts/lucida_console.ttf
15:30:43.502 [FXGL Background Thread 4 ] DEBUG FXGLAssetLoaderServi - Loading from file system: jar:file:/C:/Users/Sil/.m2/repository/com/github/almasb/fxgl/11.14/fxgl-11.14.jar!/fxglassets/ui/fonts/Courier-Prime.ttf
15:30:43.581 [JavaFX Application Thread] DEBUG FXGLAssetLoaderServi - Loading from file system: jar:file:/C:/Users/Sil/.m2/repository/com/github/almasb/fxgl/11.14/fxgl-11.14.jar!/fxglassets/ui/cursors/fxgl_default.png
15:30:43.583 [JavaFX Application Thread] DEBUG Input                - Registered new binding: Screenshot - P
15:30:43.583 [JavaFX Application Thread] DEBUG Input                - Registered new binding: System info dump - CTRL+9
15:30:43.584 [JavaFX Application Thread] DEBUG Input                - Registered new binding: Restart - CTRL+R
15:30:43.585 [JavaFX Application Thread] DEBUG Input                - Registered new binding: Toggle Debug Camera - CTRL+C
15:30:43.587 [JavaFX Application Thread] DEBUG LoopRunner           - Starting loop
15:30:43.587 [JavaFX Application Thread] DEBUG LoopRunner           - Initializing JavaFX AnimationTimerLoop
15:30:43.588 [JavaFX Application Thread] DEBUG GameApplicationServi - Starting new game
15:30:43.589 [JavaFX Application Thread] DEBUG Input                - Clearing active input actions
15:30:43.604 [JavaFX Application Thread] DEBUG GameApplicationServi - Removing overlay from FXGLStartupScene and adding to FXGLLoadingScene
15:30:43.604 [JavaFX Application Thread] DEBUG PrimaryStageWindow   - FXGLStartupScene -> FXGLLoadingScene
15:30:43.604 [JavaFX Application Thread] DEBUG GameApplicationServi - Clearing previous game
15:30:43.604 [JavaFX Application Thread] DEBUG GameScene            - Clearing game scene
15:30:43.605 [JavaFX Application Thread] DEBUG GameWorld            - Clearing game world
15:30:43.605 [JavaFX Application Thread] DEBUG PhysicsWorld         - Clearing physics world
15:30:43.607 [JavaFX Application Thread] DEBUG FXGLApplication      - Registering font factories with UI factory
15:30:43.607 [FXGL Background Thread 4 ] DEBUG FXGLApplication      - Initializing game
15:30:43.621 [FXGL Background Thread 4 ] DEBUG FXGLAssetLoaderServi - Loading from file system: file:/C:/Users/Sil/Documents/GitHub/SuperBug/target/classes/assets/textures/bug01.png
15:30:43.708 [FXGL Background Thread 4 ] DEBUG FXGLAssetLoaderServi - Loading from file system: file:/C:/Users/Sil/Documents/GitHub/SuperBug/target/classes/assets/textures/enemy01.png
15:30:43.735 [FXGL Background Thread 4 ] INFO  FXGLApplication      - Game initialization took: 0,128 sec
15:30:43.753 [JavaFX Application Thread] DEBUG Input                - Clearing active input actions
15:30:43.761 [JavaFX Application Thread] DEBUG GameApplicationServi - Removing overlay from FXGLLoadingScene and adding to GameScene
15:30:43.762 [JavaFX Application Thread] DEBUG PrimaryStageWindow   - FXGLLoadingScene -> GameScene
15:30:43.824 [FXGL Background Thread 2 ] INFO  UpdaterService       - Your current version:  11.14
15:30:43.824 [FXGL Background Thread 2 ] INFO  UpdaterService       - Latest stable version: 17.1
15:30:46.393 [FXGL Background Thread 3 ] DEBUG Engine               - Logging environment variables
15:30:46.393 [FXGL Background Thread 3 ] DEBUG Engine               - achievements: []
15:30:46.393 [FXGL Background Thread 3 ] DEBUG Engine               - actualHeight: 800.0
15:30:46.393 [FXGL Background Thread 3 ] DEBUG Engine               - actualHeightProperty: ReadOnlyDoubleProperty [value: 800.0]
15:30:46.394 [FXGL Background Thread 3 ] DEBUG Engine               - actualWidth: 800.0
15:30:46.394 [FXGL Background Thread 3 ] DEBUG Engine               - actualWidthProperty: ReadOnlyDoubleProperty [value: 800.0]
15:30:46.394 [FXGL Background Thread 3 ] DEBUG Engine               - appIcon: bug09.png
15:30:46.394 [FXGL Background Thread 3 ] DEBUG Engine               - applicationMode: DEVELOPER
15:30:46.394 [FXGL Background Thread 3 ] DEBUG Engine               - cSSList: [fxgl_dark.css]
15:30:46.394 [FXGL Background Thread 3 ] DEBUG Engine               - collisionDetectionStrategy: BRUTE_FORCE
15:30:46.394 [FXGL Background Thread 3 ] DEBUG Engine               - configClass: Optional.empty
15:30:46.395 [FXGL Background Thread 3 ] DEBUG Engine               - credits: []
15:30:46.395 [FXGL Background Thread 3 ] DEBUG Engine               - devBBoxColorProperty: ObjectProperty [value: 0xff0000ff]
15:30:46.395 [FXGL Background Thread 3 ] DEBUG Engine               - devEnableDebugCameraProperty: BooleanProperty [value: false]
15:30:46.395 [FXGL Background Thread 3 ] DEBUG Engine               - devSensorColorProperty: ObjectProperty [value: 0xffff00ff]
15:30:46.395 [FXGL Background Thread 3 ] DEBUG Engine               - devShowBBoxProperty: BooleanProperty [value: false]
15:30:46.396 [FXGL Background Thread 3 ] DEBUG Engine               - devShowPositionProperty: BooleanProperty [value: false]
15:30:46.396 [FXGL Background Thread 3 ] DEBUG Engine               - enabledMenuItems: []
15:30:46.396 [FXGL Background Thread 3 ] DEBUG Engine               - engineServices: [class com.almasb.fxgl.app.services.FXGLAssetLoaderService, class com.almasb.fxgl.app.FXGLApplication$GameApplicationService, class com.almasb.fxgl.app.services.FXGLDialogService, class com.almasb.fxgl.app.services.IOTaskExecutorService, class com.almasb.fxgl.event.EventBusService, class com.almasb.fxgl.io.FileSystemService, class com.almasb.fxgl.localization.LocalizationService, class com.almasb.fxgl.app.services.SystemBundleService, class com.almasb.fxgl.profile.SaveLoadService, class com.almasb.fxgl.ui.FXGLUIFactoryServiceProvider, class com.almasb.fxgl.ui.FXGLDialogFactoryServiceProvider, class com.almasb.fxgl.audio.AudioPlayer, class com.almasb.fxgl.notification.impl.NotificationServiceProvider, class com.almasb.fxgl.achievement.AchievementService, class com.almasb.fxgl.cutscene.CutsceneService, class com.almasb.fxgl.minigames.MiniGameService, class com.almasb.fxgl.net.NetService, class com.almasb.fxgl.app.services.UpdaterService, class com.almasb.fxgl.dev.DevService]
15:30:46.396 [FXGL Background Thread 3 ] DEBUG Engine               - fontGame: Abel-Regular.ttf
15:30:46.396 [FXGL Background Thread 3 ] DEBUG Engine               - fontMono: lucida_console.ttf
15:30:46.396 [FXGL Background Thread 3 ] DEBUG Engine               - fontText: Courier-Prime.ttf
15:30:46.396 [FXGL Background Thread 3 ] DEBUG Engine               - fontUI: VarelaRound-Regular.ttf
15:30:46.396 [FXGL Background Thread 3 ] DEBUG Engine               - fullScreen: BooleanProperty [value: false]
15:30:46.396 [FXGL Background Thread 3 ] DEBUG Engine               - gameDifficulty: MEDIUM
15:30:46.396 [FXGL Background Thread 3 ] DEBUG Engine               - gameDifficultyProperty: ObjectProperty [value: MEDIUM]
15:30:46.397 [FXGL Background Thread 3 ] DEBUG Engine               - globalMusicVolume: 0.5
15:30:46.397 [FXGL Background Thread 3 ] DEBUG Engine               - globalMusicVolumeProperty: DoubleProperty [value: 0.5]
15:30:46.397 [FXGL Background Thread 3 ] DEBUG Engine               - globalSoundVolume: 0.5
15:30:46.397 [FXGL Background Thread 3 ] DEBUG Engine               - globalSoundVolumeProperty: DoubleProperty [value: 0.1]
15:30:46.397 [FXGL Background Thread 3 ] DEBUG Engine               - height: 800
15:30:46.397 [FXGL Background Thread 3 ] DEBUG Engine               - isAndroid: false
15:30:46.397 [FXGL Background Thread 3 ] DEBUG Engine               - isBrowser: false
15:30:46.397 [FXGL Background Thread 3 ] DEBUG Engine               - isClickFeedbackEnabled: false
15:30:46.397 [FXGL Background Thread 3 ] DEBUG Engine               - isCloseConfirmation: false
15:30:46.397 [FXGL Background Thread 3 ] DEBUG Engine               - isDesktop: true
15:30:46.397 [FXGL Background Thread 3 ] DEBUG Engine               - isDeveloperMenuEnabled: false
15:30:46.397 [FXGL Background Thread 3 ] DEBUG Engine               - isEntityPreloadEnabled: true
15:30:46.398 [FXGL Background Thread 3 ] DEBUG Engine               - isExperimental3D: false
15:30:46.398 [FXGL Background Thread 3 ] DEBUG Engine               - isExperimentalNative: false
15:30:46.398 [FXGL Background Thread 3 ] DEBUG Engine               - isExperimentalTiledLargeMap: false
15:30:46.398 [FXGL Background Thread 3 ] DEBUG Engine               - isFileSystemWriteAllowed: true
15:30:46.398 [FXGL Background Thread 3 ] DEBUG Engine               - isFullScreenAllowed: false
15:30:46.398 [FXGL Background Thread 3 ] DEBUG Engine               - isFullScreenFromStart: false
15:30:46.398 [FXGL Background Thread 3 ] DEBUG Engine               - isGameMenuEnabled: true
15:30:46.398 [FXGL Background Thread 3 ] DEBUG Engine               - isIOS: false
15:30:46.398 [FXGL Background Thread 3 ] DEBUG Engine               - isIntroEnabled: false
15:30:46.398 [FXGL Background Thread 3 ] DEBUG Engine               - isLinux: false
15:30:46.398 [FXGL Background Thread 3 ] DEBUG Engine               - isMac: false
15:30:46.398 [FXGL Background Thread 3 ] DEBUG Engine               - isMainMenuEnabled: false
15:30:46.398 [FXGL Background Thread 3 ] DEBUG Engine               - isManualResizeEnabled: false
15:30:46.398 [FXGL Background Thread 3 ] DEBUG Engine               - isMobile: false
15:30:46.399 [FXGL Background Thread 3 ] DEBUG Engine               - isPreserveResizeRatio: false
15:30:46.399 [FXGL Background Thread 3 ] DEBUG Engine               - isProfilingEnabled: false
15:30:46.399 [FXGL Background Thread 3 ] DEBUG Engine               - isScaleAffectedOnResize: true
15:30:46.399 [FXGL Background Thread 3 ] DEBUG Engine               - isSingleStep: false
15:30:46.399 [FXGL Background Thread 3 ] DEBUG Engine               - isUserProfileEnabled: false
15:30:46.399 [FXGL Background Thread 3 ] DEBUG Engine               - isWindows: true
15:30:46.399 [FXGL Background Thread 3 ] DEBUG Engine               - language: ObjectProperty [value: ENGLISH]
15:30:46.400 [FXGL Background Thread 3 ] DEBUG Engine               - menuKey: ESCAPE
15:30:46.400 [FXGL Background Thread 3 ] DEBUG Engine               - notificationViewClass: class com.almasb.fxgl.notification.view.XboxNotificationView
15:30:46.400 [FXGL Background Thread 3 ] DEBUG Engine               - pixelsPerMeter: 50.0
15:30:46.400 [FXGL Background Thread 3 ] DEBUG Engine               - platform: WINDOWS
15:30:46.400 [FXGL Background Thread 3 ] DEBUG Engine               - prefHeightProperty: ReadOnlyDoubleProperty [value: 800.0]
15:30:46.400 [FXGL Background Thread 3 ] DEBUG Engine               - prefWidthProperty: ReadOnlyDoubleProperty [value: 800.0]
15:30:46.400 [FXGL Background Thread 3 ] DEBUG Engine               - profileDir: profiles/
15:30:46.400 [FXGL Background Thread 3 ] DEBUG Engine               - profileName: StringProperty [value: DEFAULT]
15:30:46.400 [FXGL Background Thread 3 ] DEBUG Engine               - randomSeed: -1
15:30:46.400 [FXGL Background Thread 3 ] DEBUG Engine               - runtimeInfo: RuntimeInfo(platform=WINDOWS, version=11.14, build=01.03.2021 16.59)
15:30:46.400 [FXGL Background Thread 3 ] DEBUG Engine               - saveFileExt: sav
15:30:46.400 [FXGL Background Thread 3 ] DEBUG Engine               - scaledHeightProp$fxgl: DoubleProperty [bound, value: 800.0]
15:30:46.400 [FXGL Background Thread 3 ] DEBUG Engine               - scaledWidthProp$fxgl: DoubleProperty [bound, value: 800.0]
15:30:46.400 [FXGL Background Thread 3 ] DEBUG Engine               - sceneFactory: com.almasb.fxgl.app.scene.SceneFactory@54d05668
15:30:46.400 [FXGL Background Thread 3 ] DEBUG Engine               - secondsIn24h: 60
15:30:46.400 [FXGL Background Thread 3 ] DEBUG Engine               - soundMenuBack: menu/back.wav
15:30:46.401 [FXGL Background Thread 3 ] DEBUG Engine               - soundMenuPress: menu/press.wav
15:30:46.401 [FXGL Background Thread 3 ] DEBUG Engine               - soundMenuSelect: menu/select.wav
15:30:46.401 [FXGL Background Thread 3 ] DEBUG Engine               - soundNotification: core/notification.wav
15:30:46.401 [FXGL Background Thread 3 ] DEBUG Engine               - stageStyle: DECORATED
15:30:46.401 [FXGL Background Thread 3 ] DEBUG Engine               - supportedLanguages: [ENGLISH, FRENCH, GERMAN, HUNGARIAN, RUSSIAN]
15:30:46.401 [FXGL Background Thread 3 ] DEBUG Engine               - ticksPerSecond: -1
15:30:46.401 [FXGL Background Thread 3 ] DEBUG Engine               - title: Super Bug
15:30:46.401 [FXGL Background Thread 3 ] DEBUG Engine               - urlGithub: https://github.com/AlmasB/FXGL
15:30:46.401 [FXGL Background Thread 3 ] DEBUG Engine               - urlLeaderboard: http://fxgl-top.herokuapp.com/
15:30:46.401 [FXGL Background Thread 3 ] DEBUG Engine               - urlPOM: https://raw.githubusercontent.com/AlmasB/FXGL/release/README.md
15:30:46.401 [FXGL Background Thread 3 ] DEBUG Engine               - userAppClass: class SuperBug
15:30:46.401 [FXGL Background Thread 3 ] DEBUG Engine               - version: 1.0
15:30:46.401 [FXGL Background Thread 3 ] DEBUG Engine               - versionCheckDays: 7
15:30:46.401 [FXGL Background Thread 3 ] DEBUG Engine               - width: 800
15:30:46.401 [FXGL Background Thread 3 ] DEBUG Engine               - Logging services
15:30:46.401 [FXGL Background Thread 3 ] DEBUG Engine               - class com.almasb.fxgl.app.services.FXGLAssetLoaderService
15:30:46.402 [FXGL Background Thread 3 ] DEBUG Engine               - class com.almasb.fxgl.app.FXGLApplication$GameApplicationService
15:30:46.402 [FXGL Background Thread 3 ] DEBUG Engine               - class com.almasb.fxgl.app.services.FXGLDialogService
15:30:46.402 [FXGL Background Thread 3 ] DEBUG Engine               - class com.almasb.fxgl.app.services.IOTaskExecutorService
15:30:46.402 [FXGL Background Thread 3 ] DEBUG Engine               - class com.almasb.fxgl.event.EventBusService
15:30:46.402 [FXGL Background Thread 3 ] DEBUG Engine               - class com.almasb.fxgl.io.FileSystemService
15:30:46.402 [FXGL Background Thread 3 ] DEBUG Engine               - class com.almasb.fxgl.localization.LocalizationService
15:30:46.402 [FXGL Background Thread 3 ] DEBUG Engine               - class com.almasb.fxgl.app.services.SystemBundleService
15:30:46.402 [FXGL Background Thread 3 ] DEBUG Engine               - class com.almasb.fxgl.profile.SaveLoadService
15:30:46.402 [FXGL Background Thread 3 ] DEBUG Engine               - class com.almasb.fxgl.ui.FXGLUIFactoryServiceProvider
15:30:46.402 [FXGL Background Thread 3 ] DEBUG Engine               - class com.almasb.fxgl.ui.FXGLDialogFactoryServiceProvider
15:30:46.402 [FXGL Background Thread 3 ] DEBUG Engine               - class com.almasb.fxgl.audio.AudioPlayer
15:30:46.402 [FXGL Background Thread 3 ] DEBUG Engine               - class com.almasb.fxgl.notification.impl.NotificationServiceProvider
15:30:46.402 [FXGL Background Thread 3 ] DEBUG Engine               - class com.almasb.fxgl.achievement.AchievementService
15:30:46.402 [FXGL Background Thread 3 ] DEBUG Engine               - class com.almasb.fxgl.cutscene.CutsceneService
15:30:46.402 [FXGL Background Thread 3 ] DEBUG Engine               - class com.almasb.fxgl.minigames.MiniGameService
15:30:46.402 [FXGL Background Thread 3 ] DEBUG Engine               - class com.almasb.fxgl.net.NetService
15:30:46.402 [FXGL Background Thread 3 ] DEBUG Engine               - class com.almasb.fxgl.app.services.UpdaterService
15:30:46.402 [FXGL Background Thread 3 ] DEBUG Engine               - class com.almasb.fxgl.dev.DevService
15:30:51.008 [JavaFX Application Thread] DEBUG FXGLApplication      - Exiting FXGL
15:30:51.009 [JavaFX Application Thread] DEBUG LoopRunner           - Stopping loop
15:30:51.009 [JavaFX Application Thread] DEBUG SystemBundleService  - Saving FXGL system data
15:30:51.010 [JavaFX Application Thread] DEBUG FileSystemAccess     - Writing to: C:\Users\Sil\Documents\GitHub\SuperBug\system\fxgl.bundle
15:30:51.011 [JavaFX Application Thread] DEBUG Async                - Shutting down background threads
15:30:51.012 [JavaFX Application Thread] DEBUG PrimaryStageWindow   - Closing main window
15:30:51.026 [JavaFX Application Thread] DEBUG Logger               - Closing Logger
