15:12:38.699 [main                     ] DEBUG Logger               - Configured Logger
15:12:38.707 [main                     ] DEBUG GameApplication      - Logging settings
Title: Super Bug
Version: 1.0
Width: 800
Height: 800
Fullscreen: false
Intro: false
Profiling: false
Single step:false
App Mode: DEVELOPER
Menu Key: ESCAPE
Stage Style: DECORATED
Scene Factory: class com.almasb.fxgl.app.scene.SceneFactory

15:12:38.958 [JavaFX Application Thread] DEBUG FXGLApplication      - Initializing FXGL
15:12:38.960 [JavaFX Application Thread] INFO  Engine               - FXGL-11.14 (01.03.2021 16.59) on WINDOWS (J:17.0.1 FX:15)
15:12:38.961 [JavaFX Application Thread] DEBUG Engine               - JRE Vendor Name: Oracle Corporation
15:12:38.961 [JavaFX Application Thread] DEBUG Engine               - Running on OS: Windows 10 version 10.0
15:12:38.961 [JavaFX Application Thread] DEBUG Engine               - Architecture: amd64
15:12:38.961 [JavaFX Application Thread] INFO  Engine               - Source code and latest versions at: https://github.com/AlmasB/FXGL
15:12:38.961 [JavaFX Application Thread] INFO  Engine               -              Join the FXGL chat at: https://gitter.im/AlmasB/FXGL
15:12:39.039 [JavaFX Application Thread] DEBUG PrimaryStageWindow   - Creating a JavaFX scene
15:12:39.077 [JavaFX Application Thread] DEBUG PrimaryStageWindow   - Target settings size: 800.0 x 800.0
15:12:39.077 [JavaFX Application Thread] DEBUG PrimaryStageWindow   - Scaled scene size:    800.0 x 800.0
15:12:39.077 [JavaFX Application Thread] DEBUG PrimaryStageWindow   - Scaled ratio: (1.0, 1.0)
15:12:39.079 [JavaFX Application Thread] DEBUG PrimaryStageWindow   - Set initial scene to FXGLStartupScene
15:12:39.083 [JavaFX Application Thread] DEBUG PrimaryStageWindow   - Opening main window
15:12:39.145 [JavaFX Application Thread] DEBUG PrimaryStageWindow   - Window border size: (16.0, 39.0)
15:12:39.145 [JavaFX Application Thread] DEBUG PrimaryStageWindow   - Scaled size: 800.0 x 800.0
15:12:39.146 [JavaFX Application Thread] DEBUG PrimaryStageWindow   - Scaled ratio: (1.0, 1.0)
15:12:39.146 [JavaFX Application Thread] DEBUG PrimaryStageWindow   - Scene size: 800.0 x 800.0
15:12:39.146 [JavaFX Application Thread] DEBUG PrimaryStageWindow   - Stage size: 816.0 x 839.0
15:12:39.151 [FXGL Background Thread 1 ] DEBUG Engine               - Initializing environment variables
15:12:39.178 [FXGL Background Thread 1 ] DEBUG FXGLAssetLoaderServi - User app class for loading assets: class SuperBug
15:12:39.178 [FXGL Background Thread 1 ] DEBUG GameApplicationServi - Applying CSS: fxgl_dark.css
15:12:39.180 [FXGL Background Thread 1 ] DEBUG FXGLAssetLoaderServi - Loading from file system: jar:file:/C:/Users/lenovo/.m2/repository/com/github/almasb/fxgl/11.14/fxgl-11.14.jar!/fxglassets/ui/css/fxgl_dark.css
15:12:39.213 [FXGL Background Thread 1 ] DEBUG GameApplicationServi - Initializing application scenes
15:12:39.238 [FXGL Background Thread 1 ] DEBUG GameWorld            - Game world initialized
15:12:39.283 [FXGL Background Thread 1 ] DEBUG PhysicsWorld         - Physics world initialized: appHeight=800, physics.ppm=50.0
15:12:39.283 [FXGL Background Thread 1 ] DEBUG PhysicsWorld         - Using strategy: BRUTE_FORCE
15:12:39.285 [FXGL Background Thread 1 ] DEBUG GameScene            - Game scene initialized: 800x800
15:12:39.310 [FXGL Background Thread 1 ] DEBUG FXGLAssetLoaderServi - Loading from file system: jar:file:/C:/Users/lenovo/.m2/repository/com/github/almasb/fxgl/11.14/fxgl-11.14.jar!/fxglassets/textures/particles/trace_horizontal.png
15:12:39.346 [FXGL Background Thread 1 ] DEBUG FXGL.DefaultMenu     - createMenuBodyGameMenu()
15:12:39.357 [FXGL Background Thread 1 ] DEBUG FXGL.DefaultMenu     - createOptionsMenu()
15:12:39.361 [FXGL Background Thread 1 ] DEBUG FXGLAssetLoaderServi - Loading from file system: jar:file:/C:/Users/lenovo/.m2/repository/com/github/almasb/fxgl/11.14/fxgl-11.14.jar!/fxglassets/textures/particles/smoke.png
15:12:39.406 [FXGL Background Thread 1 ] DEBUG GameApplicationServi - Application scenes initialized
15:12:39.415 [FXGL Background Thread 1 ] DEBUG SystemBundleService  - Loading FXGL system data
15:12:39.420 [FXGL Background Thread 1 ] DEBUG FileSystemAccess     - Reading from: C:\Users\lenovo\My Drive\school\HBO bende\L1\P3\IPOSE Challengeweek\SuperBug\system\fxgl.bundle
15:12:39.425 [FXGL Background Thread 1 ] DEBUG SystemBundleService  - Bundle FXGL: {}
15:12:39.425 [FXGL Background Thread 1 ] DEBUG UpdaterService       - Checking for updates
15:12:39.428 [FXGL Background Thread 4 ] DEBUG FXGLApplication      - Loading fonts
15:12:39.428 [FXGL Background Thread 1 ] DEBUG FXGLApplication      - Loading default localization
15:12:39.429 [FXGL Background Thread 4 ] DEBUG FXGLAssetLoaderServi - Loading from file system: jar:file:/C:/Users/lenovo/.m2/repository/com/github/almasb/fxgl/11.14/fxgl-11.14.jar!/fxglassets/ui/fonts/VarelaRound-Regular.ttf
15:12:39.429 [FXGL Background Thread 1 ] DEBUG FXGLAssetLoaderServi - Loading from file system: jar:file:/C:/Users/lenovo/.m2/repository/com/github/almasb/fxgl/11.14/fxgl-11.14.jar!/fxglassets/languages/english.lang
15:12:39.447 [FXGL Background Thread 1 ] INFO  FXGLApplication      - FXGL initialization took: 0.297 sec
15:12:39.448 [JavaFX Application Thread] WARN  FXGLAssetLoaderServi - Asset "/assets/textures//icon.png" was not found!
15:12:39.449 [JavaFX Application Thread] WARN  FXGLAssetLoaderServi - Failed to load IMAGE
15:12:39.460 [JavaFX Application Thread] DEBUG FXGLAssetLoaderServi - Loading from file system: jar:file:/C:/Users/lenovo/.m2/repository/com/github/almasb/fxgl/11.14/fxgl-11.14.jar!/fxglassets/ui/cursors/fxgl_default.png
15:12:39.470 [JavaFX Application Thread] DEBUG Input                - Registered new binding: Screenshot - P
15:12:39.471 [JavaFX Application Thread] DEBUG Input                - Registered new binding: System info dump - CTRL+9
15:12:39.471 [JavaFX Application Thread] DEBUG Input                - Registered new binding: Restart - CTRL+R
15:12:39.472 [JavaFX Application Thread] DEBUG Input                - Registered new binding: Toggle Debug Camera - CTRL+C
15:12:39.473 [FXGL Background Thread 4 ] DEBUG FXGLAssetLoaderServi - Loading from file system: jar:file:/C:/Users/lenovo/.m2/repository/com/github/almasb/fxgl/11.14/fxgl-11.14.jar!/fxglassets/ui/fonts/Abel-Regular.ttf
15:12:39.473 [JavaFX Application Thread] DEBUG LoopRunner           - Starting loop
15:12:39.473 [JavaFX Application Thread] DEBUG LoopRunner           - Initializing JavaFX AnimationTimerLoop
15:12:39.474 [JavaFX Application Thread] DEBUG GameApplicationServi - Starting new game
15:12:39.475 [JavaFX Application Thread] DEBUG Input                - Clearing active input actions
15:12:39.475 [FXGL Background Thread 4 ] DEBUG FXGLAssetLoaderServi - Loading from file system: jar:file:/C:/Users/lenovo/.m2/repository/com/github/almasb/fxgl/11.14/fxgl-11.14.jar!/fxglassets/ui/fonts/lucida_console.ttf
15:12:39.479 [FXGL Background Thread 4 ] DEBUG FXGLAssetLoaderServi - Loading from file system: jar:file:/C:/Users/lenovo/.m2/repository/com/github/almasb/fxgl/11.14/fxgl-11.14.jar!/fxglassets/ui/fonts/Courier-Prime.ttf
15:12:39.483 [JavaFX Application Thread] DEBUG GameApplicationServi - Removing overlay from FXGLStartupScene and adding to FXGLLoadingScene
15:12:39.483 [JavaFX Application Thread] DEBUG PrimaryStageWindow   - FXGLStartupScene -> FXGLLoadingScene
15:12:39.483 [JavaFX Application Thread] DEBUG GameApplicationServi - Clearing previous game
15:12:39.483 [JavaFX Application Thread] DEBUG GameScene            - Clearing game scene
15:12:39.485 [JavaFX Application Thread] DEBUG GameWorld            - Clearing game world
15:12:39.485 [JavaFX Application Thread] DEBUG PhysicsWorld         - Clearing physics world
15:12:39.486 [FXGL Background Thread 4 ] DEBUG FXGLApplication      - Initializing game
15:12:39.487 [FXGL Background Thread 4 ] INFO  FXGLApplication      - Game initialization took: 0.001 sec
15:12:39.513 [JavaFX Application Thread] DEBUG FXGLApplication      - Registering font factories with UI factory
15:12:39.517 [JavaFX Application Thread] DEBUG Input                - Clearing active input actions
15:12:39.524 [JavaFX Application Thread] DEBUG GameApplicationServi - Removing overlay from FXGLLoadingScene and adding to GameScene
15:12:39.524 [JavaFX Application Thread] DEBUG PrimaryStageWindow   - FXGLLoadingScene -> GameScene
15:12:39.695 [FXGL Background Thread 2 ] INFO  UpdaterService       - Your current version:  11.14
15:12:39.695 [FXGL Background Thread 2 ] INFO  UpdaterService       - Latest stable version: 17.1
15:12:41.855 [JavaFX Application Thread] DEBUG FXGLApplication      - Exiting FXGL
15:12:41.855 [JavaFX Application Thread] DEBUG LoopRunner           - Stopping loop
15:12:41.855 [JavaFX Application Thread] DEBUG SystemBundleService  - Saving FXGL system data
15:12:41.857 [JavaFX Application Thread] DEBUG FileSystemAccess     - Writing to: C:\Users\lenovo\My Drive\school\HBO bende\L1\P3\IPOSE Challengeweek\SuperBug\system\fxgl.bundle
15:12:41.859 [JavaFX Application Thread] DEBUG Async                - Shutting down background threads
15:12:41.859 [JavaFX Application Thread] DEBUG PrimaryStageWindow   - Closing main window
15:12:41.866 [JavaFX Application Thread] DEBUG Logger               - Closing Logger
