15:41:38.142 [main                     ] DEBUG Logger               - Configured Logger
15:41:38.145 [main                     ] DEBUG GameApplication      - Logging settings
Title: Super Bug
Version: 1.0
Width: 800
Height: 800
Fullscreen: false
Intro: false
Profiling: false
Single step:false
App Mode: DEVELOPER
Menu Key: ESCAPE
Stage Style: DECORATED
Scene Factory: class com.almasb.fxgl.app.scene.SceneFactory

15:41:38.383 [JavaFX Application Thread] DEBUG FXGLApplication      - Initializing FXGL
15:41:38.384 [JavaFX Application Thread] INFO  Engine               - FXGL-11.14 (01.03.2021 16.59) on WINDOWS (J:17.0.1 FX:15)
15:41:38.384 [JavaFX Application Thread] DEBUG Engine               - JRE Vendor Name: Oracle Corporation
15:41:38.384 [JavaFX Application Thread] DEBUG Engine               - Running on OS: Windows 10 version 10.0
15:41:38.384 [JavaFX Application Thread] DEBUG Engine               - Architecture: amd64
15:41:38.385 [JavaFX Application Thread] INFO  Engine               - Source code and latest versions at: https://github.com/AlmasB/FXGL
15:41:38.385 [JavaFX Application Thread] INFO  Engine               -              Join the FXGL chat at: https://gitter.im/AlmasB/FXGL
15:41:38.464 [JavaFX Application Thread] DEBUG PrimaryStageWindow   - Creating a JavaFX scene
15:41:38.500 [JavaFX Application Thread] DEBUG PrimaryStageWindow   - Target settings size: 800.0 x 800.0
15:41:38.500 [JavaFX Application Thread] DEBUG PrimaryStageWindow   - Scaled scene size:    800.0 x 800.0
15:41:38.500 [JavaFX Application Thread] DEBUG PrimaryStageWindow   - Scaled ratio: (1.0, 1.0)
15:41:38.501 [JavaFX Application Thread] DEBUG PrimaryStageWindow   - Set initial scene to FXGLStartupScene
15:41:38.507 [JavaFX Application Thread] DEBUG PrimaryStageWindow   - Opening main window
15:41:38.565 [JavaFX Application Thread] DEBUG PrimaryStageWindow   - Window border size: (16.0, 39.0)
15:41:38.565 [JavaFX Application Thread] DEBUG PrimaryStageWindow   - Scaled size: 800.0 x 800.0
15:41:38.565 [JavaFX Application Thread] DEBUG PrimaryStageWindow   - Scaled ratio: (1.0, 1.0)
15:41:38.565 [JavaFX Application Thread] DEBUG PrimaryStageWindow   - Scene size: 800.0 x 800.0
15:41:38.565 [JavaFX Application Thread] DEBUG PrimaryStageWindow   - Stage size: 816.0 x 839.0
15:41:38.571 [FXGL Background Thread 1 ] DEBUG Engine               - Initializing environment variables
15:41:38.595 [FXGL Background Thread 1 ] DEBUG FXGLAssetLoaderServi - User app class for loading assets: class SuperBug
15:41:38.595 [FXGL Background Thread 1 ] DEBUG GameApplicationServi - Applying CSS: fxgl_dark.css
15:41:38.596 [FXGL Background Thread 1 ] DEBUG FXGLAssetLoaderServi - Loading from file system: jar:file:/C:/Users/lenovo/.m2/repository/com/github/almasb/fxgl/11.14/fxgl-11.14.jar!/fxglassets/ui/css/fxgl_dark.css
15:41:38.629 [FXGL Background Thread 1 ] DEBUG GameApplicationServi - Initializing application scenes
15:41:38.654 [FXGL Background Thread 1 ] DEBUG GameWorld            - Game world initialized
15:41:38.703 [FXGL Background Thread 1 ] DEBUG PhysicsWorld         - Physics world initialized: appHeight=800, physics.ppm=50.0
15:41:38.703 [FXGL Background Thread 1 ] DEBUG PhysicsWorld         - Using strategy: BRUTE_FORCE
15:41:38.706 [FXGL Background Thread 1 ] DEBUG GameScene            - Game scene initialized: 800x800
15:41:38.730 [FXGL Background Thread 1 ] DEBUG FXGLAssetLoaderServi - Loading from file system: jar:file:/C:/Users/lenovo/.m2/repository/com/github/almasb/fxgl/11.14/fxgl-11.14.jar!/fxglassets/textures/particles/trace_horizontal.png
15:41:38.759 [FXGL Background Thread 1 ] DEBUG FXGL.DefaultMenu     - createMenuBodyGameMenu()
15:41:38.769 [FXGL Background Thread 1 ] DEBUG FXGL.DefaultMenu     - createOptionsMenu()
15:41:38.772 [FXGL Background Thread 1 ] DEBUG FXGLAssetLoaderServi - Loading from file system: jar:file:/C:/Users/lenovo/.m2/repository/com/github/almasb/fxgl/11.14/fxgl-11.14.jar!/fxglassets/textures/particles/smoke.png
15:41:38.813 [FXGL Background Thread 1 ] DEBUG GameApplicationServi - Application scenes initialized
15:41:38.821 [FXGL Background Thread 1 ] DEBUG SystemBundleService  - Loading FXGL system data
15:41:38.825 [FXGL Background Thread 1 ] DEBUG FileSystemAccess     - Reading from: C:\Users\lenovo\My Drive\school\HBO bende\L1\P3\IPOSE Challengeweek\SuperBug\system\fxgl.bundle
15:41:38.828 [FXGL Background Thread 1 ] DEBUG SystemBundleService  - Bundle FXGL: {}
15:41:38.828 [FXGL Background Thread 1 ] DEBUG UpdaterService       - Checking for updates
15:41:38.831 [FXGL Background Thread 4 ] DEBUG FXGLApplication      - Loading fonts
15:41:38.831 [FXGL Background Thread 1 ] DEBUG FXGLApplication      - Loading default localization
15:41:38.831 [FXGL Background Thread 4 ] DEBUG FXGLAssetLoaderServi - Loading from file system: jar:file:/C:/Users/lenovo/.m2/repository/com/github/almasb/fxgl/11.14/fxgl-11.14.jar!/fxglassets/ui/fonts/VarelaRound-Regular.ttf
15:41:38.832 [FXGL Background Thread 1 ] DEBUG FXGLAssetLoaderServi - Loading from file system: jar:file:/C:/Users/lenovo/.m2/repository/com/github/almasb/fxgl/11.14/fxgl-11.14.jar!/fxglassets/languages/english.lang
15:41:38.847 [FXGL Background Thread 1 ] INFO  FXGLApplication      - FXGL initialization took: 0.275 sec
15:41:38.854 [JavaFX Application Thread] DEBUG Input                - Registered new binding: action0 - A
15:41:38.855 [JavaFX Application Thread] DEBUG Input                - Registered new binding: action1 - D
15:41:38.855 [JavaFX Application Thread] DEBUG Input                - Registered new binding: action2 - W
15:41:38.855 [JavaFX Application Thread] DEBUG Input                - Registered new binding: action3 - Space
15:41:38.856 [JavaFX Application Thread] DEBUG FXGLAssetLoaderServi - Loading from file system: file:/C:/Users/lenovo/My%20Drive/school/HBO%20bende/L1/P3/IPOSE%20Challengeweek/SuperBug/target/classes/assets/textures/bug09.png
15:41:38.869 [FXGL Background Thread 4 ] DEBUG FXGLAssetLoaderServi - Loading from file system: jar:file:/C:/Users/lenovo/.m2/repository/com/github/almasb/fxgl/11.14/fxgl-11.14.jar!/fxglassets/ui/fonts/Abel-Regular.ttf
15:41:38.872 [FXGL Background Thread 4 ] DEBUG FXGLAssetLoaderServi - Loading from file system: jar:file:/C:/Users/lenovo/.m2/repository/com/github/almasb/fxgl/11.14/fxgl-11.14.jar!/fxglassets/ui/fonts/lucida_console.ttf
15:41:38.876 [FXGL Background Thread 4 ] DEBUG FXGLAssetLoaderServi - Loading from file system: jar:file:/C:/Users/lenovo/.m2/repository/com/github/almasb/fxgl/11.14/fxgl-11.14.jar!/fxglassets/ui/fonts/Courier-Prime.ttf
15:41:38.926 [JavaFX Application Thread] DEBUG FXGLAssetLoaderServi - Loading from file system: jar:file:/C:/Users/lenovo/.m2/repository/com/github/almasb/fxgl/11.14/fxgl-11.14.jar!/fxglassets/ui/cursors/fxgl_default.png
15:41:38.928 [JavaFX Application Thread] DEBUG Input                - Registered new binding: Screenshot - P
15:41:38.928 [JavaFX Application Thread] DEBUG Input                - Registered new binding: System info dump - CTRL+9
15:41:38.929 [JavaFX Application Thread] DEBUG Input                - Registered new binding: Restart - CTRL+R
15:41:38.929 [JavaFX Application Thread] DEBUG Input                - Registered new binding: Toggle Debug Camera - CTRL+C
15:41:38.931 [JavaFX Application Thread] DEBUG LoopRunner           - Starting loop
15:41:38.931 [JavaFX Application Thread] DEBUG LoopRunner           - Initializing JavaFX AnimationTimerLoop
15:41:38.932 [JavaFX Application Thread] DEBUG GameApplicationServi - Starting new game
15:41:38.932 [JavaFX Application Thread] DEBUG Input                - Clearing active input actions
15:41:38.939 [JavaFX Application Thread] DEBUG GameApplicationServi - Removing overlay from FXGLStartupScene and adding to FXGLLoadingScene
15:41:38.939 [JavaFX Application Thread] DEBUG PrimaryStageWindow   - FXGLStartupScene -> FXGLLoadingScene
15:41:38.939 [JavaFX Application Thread] DEBUG GameApplicationServi - Clearing previous game
15:41:38.940 [JavaFX Application Thread] DEBUG GameScene            - Clearing game scene
15:41:38.940 [JavaFX Application Thread] DEBUG GameWorld            - Clearing game world
15:41:38.940 [JavaFX Application Thread] DEBUG PhysicsWorld         - Clearing physics world
15:41:38.941 [FXGL Background Thread 4 ] DEBUG FXGLApplication      - Initializing game
15:41:38.947 [FXGL Background Thread 4 ] DEBUG FXGLAssetLoaderServi - Loading from file system: file:/C:/Users/lenovo/My%20Drive/school/HBO%20bende/L1/P3/IPOSE%20Challengeweek/SuperBug/target/classes/assets/textures/bug01.png
15:41:39.010 [FXGL Background Thread 4 ] INFO  FXGLApplication      - Game initialization took: 0.069 sec
15:41:39.039 [JavaFX Application Thread] DEBUG Input                - Clearing active input actions
15:41:39.049 [JavaFX Application Thread] DEBUG GameApplicationServi - Removing overlay from FXGLLoadingScene and adding to GameScene
15:41:39.049 [JavaFX Application Thread] DEBUG PrimaryStageWindow   - FXGLLoadingScene -> GameScene
15:41:39.082 [FXGL Background Thread 2 ] INFO  UpdaterService       - Your current version:  11.14
15:41:39.082 [FXGL Background Thread 2 ] INFO  UpdaterService       - Latest stable version: 17.1
15:41:41.831 [FXGL Background Thread 3 ] DEBUG Engine               - Logging environment variables
15:41:41.832 [FXGL Background Thread 3 ] DEBUG Engine               - achievements: []
15:41:41.833 [FXGL Background Thread 3 ] DEBUG Engine               - actualHeight: 800.0
15:41:41.833 [FXGL Background Thread 3 ] DEBUG Engine               - actualHeightProperty: ReadOnlyDoubleProperty [value: 800.0]
15:41:41.834 [FXGL Background Thread 3 ] DEBUG Engine               - actualWidth: 800.0
15:41:41.834 [FXGL Background Thread 3 ] DEBUG Engine               - actualWidthProperty: ReadOnlyDoubleProperty [value: 800.0]
15:41:41.834 [FXGL Background Thread 3 ] DEBUG Engine               - appIcon: bug09.png
15:41:41.835 [FXGL Background Thread 3 ] DEBUG Engine               - applicationMode: DEVELOPER
15:41:41.835 [FXGL Background Thread 3 ] DEBUG Engine               - cSSList: [fxgl_dark.css]
15:41:41.835 [FXGL Background Thread 3 ] DEBUG Engine               - collisionDetectionStrategy: BRUTE_FORCE
15:41:41.835 [FXGL Background Thread 3 ] DEBUG Engine               - configClass: Optional.empty
15:41:41.836 [FXGL Background Thread 3 ] DEBUG Engine               - credits: []
15:41:41.836 [FXGL Background Thread 3 ] DEBUG Engine               - devBBoxColorProperty: ObjectProperty [value: 0xff0000ff]
15:41:41.836 [FXGL Background Thread 3 ] DEBUG Engine               - devEnableDebugCameraProperty: BooleanProperty [value: false]
15:41:41.837 [FXGL Background Thread 3 ] DEBUG Engine               - devSensorColorProperty: ObjectProperty [value: 0xffff00ff]
15:41:41.837 [FXGL Background Thread 3 ] DEBUG Engine               - devShowBBoxProperty: BooleanProperty [value: false]
15:41:41.837 [FXGL Background Thread 3 ] DEBUG Engine               - devShowPositionProperty: BooleanProperty [value: false]
15:41:41.838 [FXGL Background Thread 3 ] DEBUG Engine               - enabledMenuItems: []
15:41:41.838 [FXGL Background Thread 3 ] DEBUG Engine               - engineServices: [class com.almasb.fxgl.app.services.FXGLAssetLoaderService, class com.almasb.fxgl.app.FXGLApplication$GameApplicationService, class com.almasb.fxgl.app.services.FXGLDialogService, class com.almasb.fxgl.app.services.IOTaskExecutorService, class com.almasb.fxgl.event.EventBusService, class com.almasb.fxgl.io.FileSystemService, class com.almasb.fxgl.localization.LocalizationService, class com.almasb.fxgl.app.services.SystemBundleService, class com.almasb.fxgl.profile.SaveLoadService, class com.almasb.fxgl.ui.FXGLUIFactoryServiceProvider, class com.almasb.fxgl.ui.FXGLDialogFactoryServiceProvider, class com.almasb.fxgl.audio.AudioPlayer, class com.almasb.fxgl.notification.impl.NotificationServiceProvider, class com.almasb.fxgl.achievement.AchievementService, class com.almasb.fxgl.cutscene.CutsceneService, class com.almasb.fxgl.minigames.MiniGameService, class com.almasb.fxgl.net.NetService, class com.almasb.fxgl.app.services.UpdaterService, class com.almasb.fxgl.dev.DevService]
15:41:41.838 [FXGL Background Thread 3 ] DEBUG Engine               - fontGame: Abel-Regular.ttf
15:41:41.839 [FXGL Background Thread 3 ] DEBUG Engine               - fontMono: lucida_console.ttf
15:41:41.839 [FXGL Background Thread 3 ] DEBUG Engine               - fontText: Courier-Prime.ttf
15:41:41.839 [FXGL Background Thread 3 ] DEBUG Engine               - fontUI: VarelaRound-Regular.ttf
15:41:41.839 [FXGL Background Thread 3 ] DEBUG Engine               - fullScreen: BooleanProperty [value: false]
15:41:41.839 [FXGL Background Thread 3 ] DEBUG Engine               - gameDifficulty: MEDIUM
15:41:41.839 [FXGL Background Thread 3 ] DEBUG Engine               - gameDifficultyProperty: ObjectProperty [value: MEDIUM]
15:41:41.839 [FXGL Background Thread 3 ] DEBUG Engine               - globalMusicVolume: 0.5
15:41:41.840 [FXGL Background Thread 3 ] DEBUG Engine               - globalMusicVolumeProperty: DoubleProperty [value: 0.5]
15:41:41.840 [FXGL Background Thread 3 ] DEBUG Engine               - globalSoundVolume: 0.5
15:41:41.840 [FXGL Background Thread 3 ] DEBUG Engine               - globalSoundVolumeProperty: DoubleProperty [value: 0.1]
15:41:41.840 [FXGL Background Thread 3 ] DEBUG Engine               - height: 800
15:41:41.840 [FXGL Background Thread 3 ] DEBUG Engine               - isAndroid: false
15:41:41.840 [FXGL Background Thread 3 ] DEBUG Engine               - isBrowser: false
15:41:41.840 [FXGL Background Thread 3 ] DEBUG Engine               - isClickFeedbackEnabled: false
15:41:41.840 [FXGL Background Thread 3 ] DEBUG Engine               - isCloseConfirmation: false
15:41:41.840 [FXGL Background Thread 3 ] DEBUG Engine               - isDesktop: true
15:41:41.840 [FXGL Background Thread 3 ] DEBUG Engine               - isDeveloperMenuEnabled: false
15:41:41.840 [FXGL Background Thread 3 ] DEBUG Engine               - isEntityPreloadEnabled: true
15:41:41.840 [FXGL Background Thread 3 ] DEBUG Engine               - isExperimental3D: false
15:41:41.840 [FXGL Background Thread 3 ] DEBUG Engine               - isExperimentalNative: false
15:41:41.840 [FXGL Background Thread 3 ] DEBUG Engine               - isExperimentalTiledLargeMap: false
15:41:41.840 [FXGL Background Thread 3 ] DEBUG Engine               - isFileSystemWriteAllowed: true
15:41:41.841 [FXGL Background Thread 3 ] DEBUG Engine               - isFullScreenAllowed: false
15:41:41.841 [FXGL Background Thread 3 ] DEBUG Engine               - isFullScreenFromStart: false
15:41:41.841 [FXGL Background Thread 3 ] DEBUG Engine               - isGameMenuEnabled: true
15:41:41.841 [FXGL Background Thread 3 ] DEBUG Engine               - isIOS: false
15:41:41.841 [FXGL Background Thread 3 ] DEBUG Engine               - isIntroEnabled: false
15:41:41.841 [FXGL Background Thread 3 ] DEBUG Engine               - isLinux: false
15:41:41.841 [FXGL Background Thread 3 ] DEBUG Engine               - isMac: false
15:41:41.841 [FXGL Background Thread 3 ] DEBUG Engine               - isMainMenuEnabled: false
15:41:41.841 [FXGL Background Thread 3 ] DEBUG Engine               - isManualResizeEnabled: false
15:41:41.841 [FXGL Background Thread 3 ] DEBUG Engine               - isMobile: false
15:41:41.841 [FXGL Background Thread 3 ] DEBUG Engine               - isPreserveResizeRatio: false
15:41:41.842 [FXGL Background Thread 3 ] DEBUG Engine               - isProfilingEnabled: false
15:41:41.842 [FXGL Background Thread 3 ] DEBUG Engine               - isScaleAffectedOnResize: true
15:41:41.842 [FXGL Background Thread 3 ] DEBUG Engine               - isSingleStep: false
15:41:41.842 [FXGL Background Thread 3 ] DEBUG Engine               - isUserProfileEnabled: false
15:41:41.842 [FXGL Background Thread 3 ] DEBUG Engine               - isWindows: true
15:41:41.842 [FXGL Background Thread 3 ] DEBUG Engine               - language: ObjectProperty [value: ENGLISH]
15:41:41.842 [FXGL Background Thread 3 ] DEBUG Engine               - menuKey: ESCAPE
15:41:41.842 [FXGL Background Thread 3 ] DEBUG Engine               - notificationViewClass: class com.almasb.fxgl.notification.view.XboxNotificationView
15:41:41.842 [FXGL Background Thread 3 ] DEBUG Engine               - pixelsPerMeter: 50.0
15:41:41.842 [FXGL Background Thread 3 ] DEBUG Engine               - platform: WINDOWS
15:41:41.842 [FXGL Background Thread 3 ] DEBUG Engine               - prefHeightProperty: ReadOnlyDoubleProperty [value: 800.0]
15:41:41.842 [FXGL Background Thread 3 ] DEBUG Engine               - prefWidthProperty: ReadOnlyDoubleProperty [value: 800.0]
15:41:41.842 [FXGL Background Thread 3 ] DEBUG Engine               - profileDir: profiles/
15:41:41.842 [FXGL Background Thread 3 ] DEBUG Engine               - profileName: StringProperty [value: DEFAULT]
15:41:41.842 [FXGL Background Thread 3 ] DEBUG Engine               - randomSeed: -1
15:41:41.842 [FXGL Background Thread 3 ] DEBUG Engine               - runtimeInfo: RuntimeInfo(platform=WINDOWS, version=11.14, build=01.03.2021 16.59)
15:41:41.843 [FXGL Background Thread 3 ] DEBUG Engine               - saveFileExt: sav
15:41:41.843 [FXGL Background Thread 3 ] DEBUG Engine               - scaledHeightProp$fxgl: DoubleProperty [bound, value: 800.0]
15:41:41.843 [FXGL Background Thread 3 ] DEBUG Engine               - scaledWidthProp$fxgl: DoubleProperty [bound, value: 800.0]
15:41:41.843 [FXGL Background Thread 3 ] DEBUG Engine               - sceneFactory: com.almasb.fxgl.app.scene.SceneFactory@583a10d9
15:41:41.843 [FXGL Background Thread 3 ] DEBUG Engine               - secondsIn24h: 60
15:41:41.843 [FXGL Background Thread 3 ] DEBUG Engine               - soundMenuBack: menu/back.wav
15:41:41.843 [FXGL Background Thread 3 ] DEBUG Engine               - soundMenuPress: menu/press.wav
15:41:41.843 [FXGL Background Thread 3 ] DEBUG Engine               - soundMenuSelect: menu/select.wav
15:41:41.843 [FXGL Background Thread 3 ] DEBUG Engine               - soundNotification: core/notification.wav
15:41:41.843 [FXGL Background Thread 3 ] DEBUG Engine               - stageStyle: DECORATED
15:41:41.843 [FXGL Background Thread 3 ] DEBUG Engine               - supportedLanguages: [ENGLISH, FRENCH, GERMAN, HUNGARIAN, RUSSIAN]
15:41:41.843 [FXGL Background Thread 3 ] DEBUG Engine               - ticksPerSecond: -1
15:41:41.843 [FXGL Background Thread 3 ] DEBUG Engine               - title: Super Bug
15:41:41.843 [FXGL Background Thread 3 ] DEBUG Engine               - urlGithub: https://github.com/AlmasB/FXGL
15:41:41.843 [FXGL Background Thread 3 ] DEBUG Engine               - urlLeaderboard: http://fxgl-top.herokuapp.com/
15:41:41.843 [FXGL Background Thread 3 ] DEBUG Engine               - urlPOM: https://raw.githubusercontent.com/AlmasB/FXGL/release/README.md
15:41:41.843 [FXGL Background Thread 3 ] DEBUG Engine               - userAppClass: class SuperBug
15:41:41.844 [FXGL Background Thread 3 ] DEBUG Engine               - version: 1.0
15:41:41.844 [FXGL Background Thread 3 ] DEBUG Engine               - versionCheckDays: 7
15:41:41.844 [FXGL Background Thread 3 ] DEBUG Engine               - width: 800
15:41:41.844 [FXGL Background Thread 3 ] DEBUG Engine               - Logging services
15:41:41.844 [FXGL Background Thread 3 ] DEBUG Engine               - class com.almasb.fxgl.app.services.FXGLAssetLoaderService
15:41:41.844 [FXGL Background Thread 3 ] DEBUG Engine               - class com.almasb.fxgl.app.FXGLApplication$GameApplicationService
15:41:41.844 [FXGL Background Thread 3 ] DEBUG Engine               - class com.almasb.fxgl.app.services.FXGLDialogService
15:41:41.844 [FXGL Background Thread 3 ] DEBUG Engine               - class com.almasb.fxgl.app.services.IOTaskExecutorService
15:41:41.844 [FXGL Background Thread 3 ] DEBUG Engine               - class com.almasb.fxgl.event.EventBusService
15:41:41.844 [FXGL Background Thread 3 ] DEBUG Engine               - class com.almasb.fxgl.io.FileSystemService
15:41:41.844 [FXGL Background Thread 3 ] DEBUG Engine               - class com.almasb.fxgl.localization.LocalizationService
15:41:41.844 [FXGL Background Thread 3 ] DEBUG Engine               - class com.almasb.fxgl.app.services.SystemBundleService
15:41:41.844 [FXGL Background Thread 3 ] DEBUG Engine               - class com.almasb.fxgl.profile.SaveLoadService
15:41:41.845 [FXGL Background Thread 3 ] DEBUG Engine               - class com.almasb.fxgl.ui.FXGLUIFactoryServiceProvider
15:41:41.845 [FXGL Background Thread 3 ] DEBUG Engine               - class com.almasb.fxgl.ui.FXGLDialogFactoryServiceProvider
15:41:41.845 [FXGL Background Thread 3 ] DEBUG Engine               - class com.almasb.fxgl.audio.AudioPlayer
15:41:41.845 [FXGL Background Thread 3 ] DEBUG Engine               - class com.almasb.fxgl.notification.impl.NotificationServiceProvider
15:41:41.845 [FXGL Background Thread 3 ] DEBUG Engine               - class com.almasb.fxgl.achievement.AchievementService
15:41:41.845 [FXGL Background Thread 3 ] DEBUG Engine               - class com.almasb.fxgl.cutscene.CutsceneService
15:41:41.845 [FXGL Background Thread 3 ] DEBUG Engine               - class com.almasb.fxgl.minigames.MiniGameService
15:41:41.845 [FXGL Background Thread 3 ] DEBUG Engine               - class com.almasb.fxgl.net.NetService
15:41:41.845 [FXGL Background Thread 3 ] DEBUG Engine               - class com.almasb.fxgl.app.services.UpdaterService
15:41:41.845 [FXGL Background Thread 3 ] DEBUG Engine               - class com.almasb.fxgl.dev.DevService
15:43:20.493 [JavaFX Application Thread] DEBUG FXGLApplication      - Exiting FXGL
15:43:20.494 [JavaFX Application Thread] DEBUG LoopRunner           - Stopping loop
15:43:20.494 [JavaFX Application Thread] DEBUG SystemBundleService  - Saving FXGL system data
15:43:20.497 [JavaFX Application Thread] DEBUG FileSystemAccess     - Writing to: C:\Users\lenovo\My Drive\school\HBO bende\L1\P3\IPOSE Challengeweek\SuperBug\system\fxgl.bundle
15:43:20.498 [JavaFX Application Thread] DEBUG Async                - Shutting down background threads
15:43:20.498 [JavaFX Application Thread] DEBUG PrimaryStageWindow   - Closing main window
15:43:20.507 [JavaFX Application Thread] DEBUG Logger               - Closing Logger
