13:29:00.660 [main                     ] DEBUG Logger               - Configured Logger
13:29:00.662 [main                     ] DEBUG GameApplication      - Logging settings
Title: Super Bug
Version: 1.0
Width: 800
Height: 800
Fullscreen: false
Intro: false
Profiling: false
Single step:false
App Mode: DEVELOPER
Menu Key: ESCAPE
Stage Style: DECORATED
Scene Factory: class com.almasb.fxgl.app.scene.SceneFactory

13:29:00.901 [JavaFX Application Thread] DEBUG FXGLApplication      - Initializing FXGL
13:29:00.903 [JavaFX Application Thread] INFO  Engine               - FXGL-11.14 (01.03.2021 16.59) on WINDOWS (J:17.0.1 FX:15)
13:29:00.903 [JavaFX Application Thread] DEBUG Engine               - JRE Vendor Name: Oracle Corporation
13:29:00.903 [JavaFX Application Thread] DEBUG Engine               - Running on OS: Windows 10 version 10.0
13:29:00.903 [JavaFX Application Thread] DEBUG Engine               - Architecture: amd64
13:29:00.904 [JavaFX Application Thread] INFO  Engine               - Source code and latest versions at: https://github.com/AlmasB/FXGL
13:29:00.904 [JavaFX Application Thread] INFO  Engine               -              Join the FXGL chat at: https://gitter.im/AlmasB/FXGL
13:29:00.982 [JavaFX Application Thread] DEBUG PrimaryStageWindow   - Creating a JavaFX scene
13:29:01.018 [JavaFX Application Thread] DEBUG PrimaryStageWindow   - Target settings size: 800.0 x 800.0
13:29:01.018 [JavaFX Application Thread] DEBUG PrimaryStageWindow   - Scaled scene size:    800.0 x 800.0
13:29:01.018 [JavaFX Application Thread] DEBUG PrimaryStageWindow   - Scaled ratio: (1.0, 1.0)
13:29:01.019 [JavaFX Application Thread] DEBUG PrimaryStageWindow   - Set initial scene to FXGLStartupScene
13:29:01.027 [JavaFX Application Thread] DEBUG PrimaryStageWindow   - Opening main window
13:29:01.092 [JavaFX Application Thread] DEBUG PrimaryStageWindow   - Window border size: (16.0, 39.0)
13:29:01.092 [JavaFX Application Thread] DEBUG PrimaryStageWindow   - Scaled size: 800.0 x 800.0
13:29:01.092 [JavaFX Application Thread] DEBUG PrimaryStageWindow   - Scaled ratio: (1.0, 1.0)
13:29:01.092 [JavaFX Application Thread] DEBUG PrimaryStageWindow   - Scene size: 800.0 x 800.0
13:29:01.092 [JavaFX Application Thread] DEBUG PrimaryStageWindow   - Stage size: 816.0 x 839.0
13:29:01.097 [FXGL Background Thread 1 ] DEBUG Engine               - Initializing environment variables
13:29:01.126 [FXGL Background Thread 1 ] DEBUG FXGLAssetLoaderServi - User app class for loading assets: class SuperBug
13:29:01.126 [FXGL Background Thread 1 ] DEBUG GameApplicationServi - Applying CSS: fxgl_dark.css
13:29:01.126 [FXGL Background Thread 1 ] DEBUG FXGLAssetLoaderServi - Loading from file system: jar:file:/C:/Users/lenovo/.m2/repository/com/github/almasb/fxgl/11.14/fxgl-11.14.jar!/fxglassets/ui/css/fxgl_dark.css
13:29:01.159 [FXGL Background Thread 1 ] DEBUG GameApplicationServi - Initializing application scenes
13:29:01.189 [FXGL Background Thread 1 ] DEBUG GameWorld            - Game world initialized
13:29:01.236 [FXGL Background Thread 1 ] DEBUG PhysicsWorld         - Physics world initialized: appHeight=800, physics.ppm=50.0
13:29:01.236 [FXGL Background Thread 1 ] DEBUG PhysicsWorld         - Using strategy: BRUTE_FORCE
13:29:01.239 [FXGL Background Thread 1 ] DEBUG GameScene            - Game scene initialized: 800x800
13:29:01.263 [FXGL Background Thread 1 ] DEBUG FXGLAssetLoaderServi - Loading from file system: jar:file:/C:/Users/lenovo/.m2/repository/com/github/almasb/fxgl/11.14/fxgl-11.14.jar!/fxglassets/textures/particles/trace_horizontal.png
13:29:01.294 [FXGL Background Thread 1 ] DEBUG FXGL.DefaultMenu     - createMenuBodyGameMenu()
13:29:01.305 [FXGL Background Thread 1 ] DEBUG FXGL.DefaultMenu     - createOptionsMenu()
13:29:01.309 [FXGL Background Thread 1 ] DEBUG FXGLAssetLoaderServi - Loading from file system: jar:file:/C:/Users/lenovo/.m2/repository/com/github/almasb/fxgl/11.14/fxgl-11.14.jar!/fxglassets/textures/particles/smoke.png
13:29:01.346 [FXGL Background Thread 1 ] DEBUG GameApplicationServi - Application scenes initialized
13:29:01.356 [FXGL Background Thread 1 ] DEBUG SystemBundleService  - Loading FXGL system data
13:29:01.358 [FXGL Background Thread 1 ] DEBUG FileSystemAccess     - Reading from: C:\Users\lenovo\My Drive\school\HBO bende\L1\P3\IPOSE Challengeweek\SuperBug\system\fxgl.bundle
13:29:01.362 [FXGL Background Thread 1 ] DEBUG SystemBundleService  - Bundle FXGL: {}
13:29:01.362 [FXGL Background Thread 1 ] DEBUG UpdaterService       - Checking for updates
13:29:01.365 [FXGL Background Thread 4 ] DEBUG FXGLApplication      - Loading fonts
13:29:01.365 [FXGL Background Thread 1 ] DEBUG FXGLApplication      - Loading default localization
13:29:01.365 [FXGL Background Thread 4 ] DEBUG FXGLAssetLoaderServi - Loading from file system: jar:file:/C:/Users/lenovo/.m2/repository/com/github/almasb/fxgl/11.14/fxgl-11.14.jar!/fxglassets/ui/fonts/VarelaRound-Regular.ttf
13:29:01.367 [FXGL Background Thread 1 ] DEBUG FXGLAssetLoaderServi - Loading from file system: jar:file:/C:/Users/lenovo/.m2/repository/com/github/almasb/fxgl/11.14/fxgl-11.14.jar!/fxglassets/languages/english.lang
13:29:01.379 [FXGL Background Thread 1 ] INFO  FXGLApplication      - FXGL initialization took: 0.283 sec
13:29:01.388 [JavaFX Application Thread] DEBUG Input                - Registered new binding: action0 - A
13:29:01.389 [JavaFX Application Thread] DEBUG Input                - Registered new binding: action1 - D
13:29:01.389 [JavaFX Application Thread] DEBUG Input                - Registered new binding: action2 - W
13:29:01.390 [JavaFX Application Thread] DEBUG Input                - Registered new binding: action3 - Space
13:29:01.390 [JavaFX Application Thread] DEBUG FXGLAssetLoaderServi - Loading from file system: file:/C:/Users/lenovo/My%20Drive/school/HBO%20bende/L1/P3/IPOSE%20Challengeweek/SuperBug/target/classes/assets/textures/bug09.png
13:29:01.409 [FXGL Background Thread 4 ] DEBUG FXGLAssetLoaderServi - Loading from file system: jar:file:/C:/Users/lenovo/.m2/repository/com/github/almasb/fxgl/11.14/fxgl-11.14.jar!/fxglassets/ui/fonts/Abel-Regular.ttf
13:29:01.411 [FXGL Background Thread 4 ] DEBUG FXGLAssetLoaderServi - Loading from file system: jar:file:/C:/Users/lenovo/.m2/repository/com/github/almasb/fxgl/11.14/fxgl-11.14.jar!/fxglassets/ui/fonts/lucida_console.ttf
13:29:01.416 [FXGL Background Thread 4 ] DEBUG FXGLAssetLoaderServi - Loading from file system: jar:file:/C:/Users/lenovo/.m2/repository/com/github/almasb/fxgl/11.14/fxgl-11.14.jar!/fxglassets/ui/fonts/Courier-Prime.ttf
13:29:01.496 [JavaFX Application Thread] DEBUG FXGLAssetLoaderServi - Loading from file system: jar:file:/C:/Users/lenovo/.m2/repository/com/github/almasb/fxgl/11.14/fxgl-11.14.jar!/fxglassets/ui/cursors/fxgl_default.png
13:29:01.498 [JavaFX Application Thread] DEBUG Input                - Registered new binding: Screenshot - P
13:29:01.498 [JavaFX Application Thread] DEBUG Input                - Registered new binding: System info dump - CTRL+9
13:29:01.498 [JavaFX Application Thread] DEBUG Input                - Registered new binding: Restart - CTRL+R
13:29:01.499 [JavaFX Application Thread] DEBUG Input                - Registered new binding: Toggle Debug Camera - CTRL+C
13:29:01.500 [JavaFX Application Thread] DEBUG LoopRunner           - Starting loop
13:29:01.500 [JavaFX Application Thread] DEBUG LoopRunner           - Initializing JavaFX AnimationTimerLoop
13:29:01.501 [JavaFX Application Thread] DEBUG GameApplicationServi - Starting new game
13:29:01.502 [JavaFX Application Thread] DEBUG Input                - Clearing active input actions
13:29:01.511 [JavaFX Application Thread] DEBUG GameApplicationServi - Removing overlay from FXGLStartupScene and adding to FXGLLoadingScene
13:29:01.511 [JavaFX Application Thread] DEBUG PrimaryStageWindow   - FXGLStartupScene -> FXGLLoadingScene
13:29:01.511 [JavaFX Application Thread] DEBUG GameApplicationServi - Clearing previous game
13:29:01.511 [JavaFX Application Thread] DEBUG GameScene            - Clearing game scene
13:29:01.511 [JavaFX Application Thread] DEBUG GameWorld            - Clearing game world
13:29:01.511 [JavaFX Application Thread] DEBUG PhysicsWorld         - Clearing physics world
13:29:01.512 [JavaFX Application Thread] DEBUG FXGLApplication      - Registering font factories with UI factory
13:29:01.512 [FXGL Background Thread 4 ] DEBUG FXGLApplication      - Initializing game
13:29:01.524 [FXGL Background Thread 4 ] DEBUG FXGLAssetLoaderServi - Loading from file system: file:/C:/Users/lenovo/My%20Drive/school/HBO%20bende/L1/P3/IPOSE%20Challengeweek/SuperBug/target/classes/assets/textures/bug01.png
13:29:01.596 [FXGL Background Thread 4 ] INFO  FXGLApplication      - Game initialization took: 0.083 sec
13:29:01.631 [FXGL Background Thread 2 ] INFO  UpdaterService       - Your current version:  11.14
13:29:01.632 [FXGL Background Thread 2 ] INFO  UpdaterService       - Latest stable version: 17.1
13:29:01.656 [JavaFX Application Thread] DEBUG Input                - Clearing active input actions
13:29:01.662 [JavaFX Application Thread] DEBUG GameApplicationServi - Removing overlay from FXGLLoadingScene and adding to GameScene
13:29:01.662 [JavaFX Application Thread] DEBUG PrimaryStageWindow   - FXGLLoadingScene -> GameScene
13:29:04.366 [FXGL Background Thread 3 ] DEBUG Engine               - Logging environment variables
13:29:04.367 [FXGL Background Thread 3 ] DEBUG Engine               - achievements: []
13:29:04.367 [FXGL Background Thread 3 ] DEBUG Engine               - actualHeight: 800.0
13:29:04.368 [FXGL Background Thread 3 ] DEBUG Engine               - actualHeightProperty: ReadOnlyDoubleProperty [value: 800.0]
13:29:04.368 [FXGL Background Thread 3 ] DEBUG Engine               - actualWidth: 800.0
13:29:04.368 [FXGL Background Thread 3 ] DEBUG Engine               - actualWidthProperty: ReadOnlyDoubleProperty [value: 800.0]
13:29:04.368 [FXGL Background Thread 3 ] DEBUG Engine               - appIcon: bug09.png
13:29:04.368 [FXGL Background Thread 3 ] DEBUG Engine               - applicationMode: DEVELOPER
13:29:04.369 [FXGL Background Thread 3 ] DEBUG Engine               - cSSList: [fxgl_dark.css]
13:29:04.369 [FXGL Background Thread 3 ] DEBUG Engine               - collisionDetectionStrategy: BRUTE_FORCE
13:29:04.369 [FXGL Background Thread 3 ] DEBUG Engine               - configClass: Optional.empty
13:29:04.369 [FXGL Background Thread 3 ] DEBUG Engine               - credits: []
13:29:04.369 [FXGL Background Thread 3 ] DEBUG Engine               - devBBoxColorProperty: ObjectProperty [value: 0xff0000ff]
13:29:04.369 [FXGL Background Thread 3 ] DEBUG Engine               - devEnableDebugCameraProperty: BooleanProperty [value: false]
13:29:04.370 [FXGL Background Thread 3 ] DEBUG Engine               - devSensorColorProperty: ObjectProperty [value: 0xffff00ff]
13:29:04.370 [FXGL Background Thread 3 ] DEBUG Engine               - devShowBBoxProperty: BooleanProperty [value: false]
13:29:04.370 [FXGL Background Thread 3 ] DEBUG Engine               - devShowPositionProperty: BooleanProperty [value: false]
13:29:04.370 [FXGL Background Thread 3 ] DEBUG Engine               - enabledMenuItems: []
13:29:04.370 [FXGL Background Thread 3 ] DEBUG Engine               - engineServices: [class com.almasb.fxgl.app.services.FXGLAssetLoaderService, class com.almasb.fxgl.app.FXGLApplication$GameApplicationService, class com.almasb.fxgl.app.services.FXGLDialogService, class com.almasb.fxgl.app.services.IOTaskExecutorService, class com.almasb.fxgl.event.EventBusService, class com.almasb.fxgl.io.FileSystemService, class com.almasb.fxgl.localization.LocalizationService, class com.almasb.fxgl.app.services.SystemBundleService, class com.almasb.fxgl.profile.SaveLoadService, class com.almasb.fxgl.ui.FXGLUIFactoryServiceProvider, class com.almasb.fxgl.ui.FXGLDialogFactoryServiceProvider, class com.almasb.fxgl.audio.AudioPlayer, class com.almasb.fxgl.notification.impl.NotificationServiceProvider, class com.almasb.fxgl.achievement.AchievementService, class com.almasb.fxgl.cutscene.CutsceneService, class com.almasb.fxgl.minigames.MiniGameService, class com.almasb.fxgl.net.NetService, class com.almasb.fxgl.app.services.UpdaterService, class com.almasb.fxgl.dev.DevService]
13:29:04.370 [FXGL Background Thread 3 ] DEBUG Engine               - fontGame: Abel-Regular.ttf
13:29:04.370 [FXGL Background Thread 3 ] DEBUG Engine               - fontMono: lucida_console.ttf
13:29:04.370 [FXGL Background Thread 3 ] DEBUG Engine               - fontText: Courier-Prime.ttf
13:29:04.370 [FXGL Background Thread 3 ] DEBUG Engine               - fontUI: VarelaRound-Regular.ttf
13:29:04.370 [FXGL Background Thread 3 ] DEBUG Engine               - fullScreen: BooleanProperty [value: false]
13:29:04.370 [FXGL Background Thread 3 ] DEBUG Engine               - gameDifficulty: MEDIUM
13:29:04.370 [FXGL Background Thread 3 ] DEBUG Engine               - gameDifficultyProperty: ObjectProperty [value: MEDIUM]
13:29:04.371 [FXGL Background Thread 3 ] DEBUG Engine               - globalMusicVolume: 0.5
13:29:04.371 [FXGL Background Thread 3 ] DEBUG Engine               - globalMusicVolumeProperty: DoubleProperty [value: 0.5]
13:29:04.371 [FXGL Background Thread 3 ] DEBUG Engine               - globalSoundVolume: 0.5
13:29:04.371 [FXGL Background Thread 3 ] DEBUG Engine               - globalSoundVolumeProperty: DoubleProperty [value: 0.1]
13:29:04.371 [FXGL Background Thread 3 ] DEBUG Engine               - height: 800
13:29:04.371 [FXGL Background Thread 3 ] DEBUG Engine               - isAndroid: false
13:29:04.371 [FXGL Background Thread 3 ] DEBUG Engine               - isBrowser: false
13:29:04.371 [FXGL Background Thread 3 ] DEBUG Engine               - isClickFeedbackEnabled: false
13:29:04.371 [FXGL Background Thread 3 ] DEBUG Engine               - isCloseConfirmation: false
13:29:04.372 [FXGL Background Thread 3 ] DEBUG Engine               - isDesktop: true
13:29:04.372 [FXGL Background Thread 3 ] DEBUG Engine               - isDeveloperMenuEnabled: false
13:29:04.372 [FXGL Background Thread 3 ] DEBUG Engine               - isEntityPreloadEnabled: true
13:29:04.372 [FXGL Background Thread 3 ] DEBUG Engine               - isExperimental3D: false
13:29:04.373 [FXGL Background Thread 3 ] DEBUG Engine               - isExperimentalNative: false
13:29:04.373 [FXGL Background Thread 3 ] DEBUG Engine               - isExperimentalTiledLargeMap: false
13:29:04.373 [FXGL Background Thread 3 ] DEBUG Engine               - isFileSystemWriteAllowed: true
13:29:04.373 [FXGL Background Thread 3 ] DEBUG Engine               - isFullScreenAllowed: false
13:29:04.373 [FXGL Background Thread 3 ] DEBUG Engine               - isFullScreenFromStart: false
13:29:04.373 [FXGL Background Thread 3 ] DEBUG Engine               - isGameMenuEnabled: true
13:29:04.373 [FXGL Background Thread 3 ] DEBUG Engine               - isIOS: false
13:29:04.373 [FXGL Background Thread 3 ] DEBUG Engine               - isIntroEnabled: false
13:29:04.373 [FXGL Background Thread 3 ] DEBUG Engine               - isLinux: false
13:29:04.373 [FXGL Background Thread 3 ] DEBUG Engine               - isMac: false
13:29:04.373 [FXGL Background Thread 3 ] DEBUG Engine               - isMainMenuEnabled: false
13:29:04.374 [FXGL Background Thread 3 ] DEBUG Engine               - isManualResizeEnabled: false
13:29:04.374 [FXGL Background Thread 3 ] DEBUG Engine               - isMobile: false
13:29:04.374 [FXGL Background Thread 3 ] DEBUG Engine               - isPreserveResizeRatio: false
13:29:04.374 [FXGL Background Thread 3 ] DEBUG Engine               - isProfilingEnabled: false
13:29:04.374 [FXGL Background Thread 3 ] DEBUG Engine               - isScaleAffectedOnResize: true
13:29:04.374 [FXGL Background Thread 3 ] DEBUG Engine               - isSingleStep: false
13:29:04.374 [FXGL Background Thread 3 ] DEBUG Engine               - isUserProfileEnabled: false
13:29:04.374 [FXGL Background Thread 3 ] DEBUG Engine               - isWindows: true
13:29:04.374 [FXGL Background Thread 3 ] DEBUG Engine               - language: ObjectProperty [value: ENGLISH]
13:29:04.374 [FXGL Background Thread 3 ] DEBUG Engine               - menuKey: ESCAPE
13:29:04.374 [FXGL Background Thread 3 ] DEBUG Engine               - notificationViewClass: class com.almasb.fxgl.notification.view.XboxNotificationView
13:29:04.374 [FXGL Background Thread 3 ] DEBUG Engine               - pixelsPerMeter: 50.0
13:29:04.375 [FXGL Background Thread 3 ] DEBUG Engine               - platform: WINDOWS
13:29:04.375 [FXGL Background Thread 3 ] DEBUG Engine               - prefHeightProperty: ReadOnlyDoubleProperty [value: 800.0]
13:29:04.375 [FXGL Background Thread 3 ] DEBUG Engine               - prefWidthProperty: ReadOnlyDoubleProperty [value: 800.0]
13:29:04.375 [FXGL Background Thread 3 ] DEBUG Engine               - profileDir: profiles/
13:29:04.375 [FXGL Background Thread 3 ] DEBUG Engine               - profileName: StringProperty [value: DEFAULT]
13:29:04.375 [FXGL Background Thread 3 ] DEBUG Engine               - randomSeed: -1
13:29:04.375 [FXGL Background Thread 3 ] DEBUG Engine               - runtimeInfo: RuntimeInfo(platform=WINDOWS, version=11.14, build=01.03.2021 16.59)
13:29:04.375 [FXGL Background Thread 3 ] DEBUG Engine               - saveFileExt: sav
13:29:04.375 [FXGL Background Thread 3 ] DEBUG Engine               - scaledHeightProp$fxgl: DoubleProperty [bound, value: 800.0]
13:29:04.375 [FXGL Background Thread 3 ] DEBUG Engine               - scaledWidthProp$fxgl: DoubleProperty [bound, value: 800.0]
13:29:04.375 [FXGL Background Thread 3 ] DEBUG Engine               - sceneFactory: com.almasb.fxgl.app.scene.SceneFactory@5814d39f
13:29:04.375 [FXGL Background Thread 3 ] DEBUG Engine               - secondsIn24h: 60
13:29:04.375 [FXGL Background Thread 3 ] DEBUG Engine               - soundMenuBack: menu/back.wav
13:29:04.375 [FXGL Background Thread 3 ] DEBUG Engine               - soundMenuPress: menu/press.wav
13:29:04.375 [FXGL Background Thread 3 ] DEBUG Engine               - soundMenuSelect: menu/select.wav
13:29:04.375 [FXGL Background Thread 3 ] DEBUG Engine               - soundNotification: core/notification.wav
13:29:04.376 [FXGL Background Thread 3 ] DEBUG Engine               - stageStyle: DECORATED
13:29:04.376 [FXGL Background Thread 3 ] DEBUG Engine               - supportedLanguages: [ENGLISH, FRENCH, GERMAN, HUNGARIAN, RUSSIAN]
13:29:04.376 [FXGL Background Thread 3 ] DEBUG Engine               - ticksPerSecond: -1
13:29:04.376 [FXGL Background Thread 3 ] DEBUG Engine               - title: Super Bug
13:29:04.376 [FXGL Background Thread 3 ] DEBUG Engine               - urlGithub: https://github.com/AlmasB/FXGL
13:29:04.376 [FXGL Background Thread 3 ] DEBUG Engine               - urlLeaderboard: http://fxgl-top.herokuapp.com/
13:29:04.376 [FXGL Background Thread 3 ] DEBUG Engine               - urlPOM: https://raw.githubusercontent.com/AlmasB/FXGL/release/README.md
13:29:04.376 [FXGL Background Thread 3 ] DEBUG Engine               - userAppClass: class SuperBug
13:29:04.376 [FXGL Background Thread 3 ] DEBUG Engine               - version: 1.0
13:29:04.376 [FXGL Background Thread 3 ] DEBUG Engine               - versionCheckDays: 7
13:29:04.376 [FXGL Background Thread 3 ] DEBUG Engine               - width: 800
13:29:04.376 [FXGL Background Thread 3 ] DEBUG Engine               - Logging services
13:29:04.376 [FXGL Background Thread 3 ] DEBUG Engine               - class com.almasb.fxgl.app.services.FXGLAssetLoaderService
13:29:04.376 [FXGL Background Thread 3 ] DEBUG Engine               - class com.almasb.fxgl.app.FXGLApplication$GameApplicationService
13:29:04.376 [FXGL Background Thread 3 ] DEBUG Engine               - class com.almasb.fxgl.app.services.FXGLDialogService
13:29:04.376 [FXGL Background Thread 3 ] DEBUG Engine               - class com.almasb.fxgl.app.services.IOTaskExecutorService
13:29:04.376 [FXGL Background Thread 3 ] DEBUG Engine               - class com.almasb.fxgl.event.EventBusService
13:29:04.376 [FXGL Background Thread 3 ] DEBUG Engine               - class com.almasb.fxgl.io.FileSystemService
13:29:04.376 [FXGL Background Thread 3 ] DEBUG Engine               - class com.almasb.fxgl.localization.LocalizationService
13:29:04.376 [FXGL Background Thread 3 ] DEBUG Engine               - class com.almasb.fxgl.app.services.SystemBundleService
13:29:04.376 [FXGL Background Thread 3 ] DEBUG Engine               - class com.almasb.fxgl.profile.SaveLoadService
13:29:04.378 [FXGL Background Thread 3 ] DEBUG Engine               - class com.almasb.fxgl.ui.FXGLUIFactoryServiceProvider
13:29:04.378 [FXGL Background Thread 3 ] DEBUG Engine               - class com.almasb.fxgl.ui.FXGLDialogFactoryServiceProvider
13:29:04.378 [FXGL Background Thread 3 ] DEBUG Engine               - class com.almasb.fxgl.audio.AudioPlayer
13:29:04.378 [FXGL Background Thread 3 ] DEBUG Engine               - class com.almasb.fxgl.notification.impl.NotificationServiceProvider
13:29:04.378 [FXGL Background Thread 3 ] DEBUG Engine               - class com.almasb.fxgl.achievement.AchievementService
13:29:04.378 [FXGL Background Thread 3 ] DEBUG Engine               - class com.almasb.fxgl.cutscene.CutsceneService
13:29:04.378 [FXGL Background Thread 3 ] DEBUG Engine               - class com.almasb.fxgl.minigames.MiniGameService
13:29:04.378 [FXGL Background Thread 3 ] DEBUG Engine               - class com.almasb.fxgl.net.NetService
13:29:04.378 [FXGL Background Thread 3 ] DEBUG Engine               - class com.almasb.fxgl.app.services.UpdaterService
13:29:04.378 [FXGL Background Thread 3 ] DEBUG Engine               - class com.almasb.fxgl.dev.DevService
13:29:16.706 [JavaFX Application Thread] DEBUG FXGLApplication      - Exiting FXGL
13:29:16.706 [JavaFX Application Thread] DEBUG LoopRunner           - Stopping loop
13:29:16.706 [JavaFX Application Thread] DEBUG SystemBundleService  - Saving FXGL system data
13:29:16.709 [JavaFX Application Thread] DEBUG FileSystemAccess     - Writing to: C:\Users\lenovo\My Drive\school\HBO bende\L1\P3\IPOSE Challengeweek\SuperBug\system\fxgl.bundle
13:29:16.710 [JavaFX Application Thread] DEBUG Async                - Shutting down background threads
13:29:16.710 [JavaFX Application Thread] DEBUG PrimaryStageWindow   - Closing main window
13:29:16.719 [JavaFX Application Thread] DEBUG Logger               - Closing Logger
