15:20:52.907 [main                     ] DEBUG Logger               - Configured Logger
15:20:52.915 [main                     ] DEBUG GameApplication      - Logging settings
Title: Super Bug
Version: 1.0
Width: 800
Height: 800
Fullscreen: false
Intro: false
Profiling: false
Single step:false
App Mode: DEVELOPER
Menu Key: ESCAPE
Stage Style: DECORATED
Scene Factory: class com.almasb.fxgl.app.scene.SceneFactory

15:20:53.179 [JavaFX Application Thread] DEBUG FXGLApplication      - Initializing FXGL
15:20:53.180 [JavaFX Application Thread] INFO  Engine               - FXGL-11.14 (01.03.2021 16.59) on WINDOWS (J:17.0.1 FX:15)
15:20:53.181 [JavaFX Application Thread] DEBUG Engine               - JRE Vendor Name: Oracle Corporation
15:20:53.181 [JavaFX Application Thread] DEBUG Engine               - Running on OS: Windows 10 version 10.0
15:20:53.181 [JavaFX Application Thread] DEBUG Engine               - Architecture: amd64
15:20:53.181 [JavaFX Application Thread] INFO  Engine               - Source code and latest versions at: https://github.com/AlmasB/FXGL
15:20:53.181 [JavaFX Application Thread] INFO  Engine               -              Join the FXGL chat at: https://gitter.im/AlmasB/FXGL
15:20:53.273 [JavaFX Application Thread] DEBUG PrimaryStageWindow   - Creating a JavaFX scene
15:20:53.306 [JavaFX Application Thread] DEBUG PrimaryStageWindow   - Target settings size: 800.0 x 800.0
15:20:53.306 [JavaFX Application Thread] DEBUG PrimaryStageWindow   - Scaled scene size:    800.0 x 800.0
15:20:53.306 [JavaFX Application Thread] DEBUG PrimaryStageWindow   - Scaled ratio: (1.0, 1.0)
15:20:53.307 [JavaFX Application Thread] DEBUG PrimaryStageWindow   - Set initial scene to FXGLStartupScene
15:20:53.312 [JavaFX Application Thread] DEBUG PrimaryStageWindow   - Opening main window
15:20:53.375 [JavaFX Application Thread] DEBUG PrimaryStageWindow   - Window border size: (16.0, 39.0)
15:20:53.375 [JavaFX Application Thread] DEBUG PrimaryStageWindow   - Scaled size: 800.0 x 800.0
15:20:53.375 [JavaFX Application Thread] DEBUG PrimaryStageWindow   - Scaled ratio: (1.0, 1.0)
15:20:53.375 [JavaFX Application Thread] DEBUG PrimaryStageWindow   - Scene size: 800.0 x 800.0
15:20:53.376 [JavaFX Application Thread] DEBUG PrimaryStageWindow   - Stage size: 816.0 x 839.0
15:20:53.381 [FXGL Background Thread 1 ] DEBUG Engine               - Initializing environment variables
15:20:53.410 [FXGL Background Thread 1 ] DEBUG FXGLAssetLoaderServi - User app class for loading assets: class SuperBug
15:20:53.410 [FXGL Background Thread 1 ] DEBUG GameApplicationServi - Applying CSS: fxgl_dark.css
15:20:53.411 [FXGL Background Thread 1 ] DEBUG FXGLAssetLoaderServi - Loading from file system: jar:file:/C:/Users/lenovo/.m2/repository/com/github/almasb/fxgl/11.14/fxgl-11.14.jar!/fxglassets/ui/css/fxgl_dark.css
15:20:53.449 [FXGL Background Thread 1 ] DEBUG GameApplicationServi - Initializing application scenes
15:20:53.479 [FXGL Background Thread 1 ] DEBUG GameWorld            - Game world initialized
15:20:53.529 [FXGL Background Thread 1 ] DEBUG PhysicsWorld         - Physics world initialized: appHeight=800, physics.ppm=50.0
15:20:53.529 [FXGL Background Thread 1 ] DEBUG PhysicsWorld         - Using strategy: BRUTE_FORCE
15:20:53.532 [FXGL Background Thread 1 ] DEBUG GameScene            - Game scene initialized: 800x800
15:20:53.556 [FXGL Background Thread 1 ] DEBUG FXGLAssetLoaderServi - Loading from file system: jar:file:/C:/Users/lenovo/.m2/repository/com/github/almasb/fxgl/11.14/fxgl-11.14.jar!/fxglassets/textures/particles/trace_horizontal.png
15:20:53.587 [FXGL Background Thread 1 ] DEBUG FXGL.DefaultMenu     - createMenuBodyGameMenu()
15:20:53.597 [FXGL Background Thread 1 ] DEBUG FXGL.DefaultMenu     - createOptionsMenu()
15:20:53.601 [FXGL Background Thread 1 ] DEBUG FXGLAssetLoaderServi - Loading from file system: jar:file:/C:/Users/lenovo/.m2/repository/com/github/almasb/fxgl/11.14/fxgl-11.14.jar!/fxglassets/textures/particles/smoke.png
15:20:53.640 [FXGL Background Thread 1 ] DEBUG GameApplicationServi - Application scenes initialized
15:20:53.648 [FXGL Background Thread 1 ] DEBUG SystemBundleService  - Loading FXGL system data
15:20:53.652 [FXGL Background Thread 1 ] DEBUG FileSystemAccess     - Reading from: C:\Users\lenovo\My Drive\school\HBO bende\L1\P3\IPOSE Challengeweek\SuperBug\system\fxgl.bundle
15:20:53.655 [FXGL Background Thread 1 ] DEBUG SystemBundleService  - Bundle FXGL: {}
15:20:53.655 [FXGL Background Thread 1 ] DEBUG UpdaterService       - Checking for updates
15:20:53.657 [FXGL Background Thread 4 ] DEBUG FXGLApplication      - Loading fonts
15:20:53.657 [FXGL Background Thread 1 ] DEBUG FXGLApplication      - Loading default localization
15:20:53.659 [FXGL Background Thread 4 ] DEBUG FXGLAssetLoaderServi - Loading from file system: jar:file:/C:/Users/lenovo/.m2/repository/com/github/almasb/fxgl/11.14/fxgl-11.14.jar!/fxglassets/ui/fonts/VarelaRound-Regular.ttf
15:20:53.659 [FXGL Background Thread 1 ] DEBUG FXGLAssetLoaderServi - Loading from file system: jar:file:/C:/Users/lenovo/.m2/repository/com/github/almasb/fxgl/11.14/fxgl-11.14.jar!/fxglassets/languages/english.lang
15:20:53.675 [FXGL Background Thread 1 ] INFO  FXGLApplication      - FXGL initialization took: 0.294 sec
15:20:53.676 [JavaFX Application Thread] DEBUG FXGLAssetLoaderServi - Loading from file system: file:/C:/Users/lenovo/My%20Drive/school/HBO%20bende/L1/P3/IPOSE%20Challengeweek/SuperBug/target/classes/assets/textures/icon.png
15:20:53.695 [FXGL Background Thread 4 ] DEBUG FXGLAssetLoaderServi - Loading from file system: jar:file:/C:/Users/lenovo/.m2/repository/com/github/almasb/fxgl/11.14/fxgl-11.14.jar!/fxglassets/ui/fonts/Abel-Regular.ttf
15:20:53.698 [FXGL Background Thread 4 ] DEBUG FXGLAssetLoaderServi - Loading from file system: jar:file:/C:/Users/lenovo/.m2/repository/com/github/almasb/fxgl/11.14/fxgl-11.14.jar!/fxglassets/ui/fonts/lucida_console.ttf
15:20:53.702 [FXGL Background Thread 4 ] DEBUG FXGLAssetLoaderServi - Loading from file system: jar:file:/C:/Users/lenovo/.m2/repository/com/github/almasb/fxgl/11.14/fxgl-11.14.jar!/fxglassets/ui/fonts/Courier-Prime.ttf
15:20:53.729 [JavaFX Application Thread] DEBUG FXGLAssetLoaderServi - Loading from file system: jar:file:/C:/Users/lenovo/.m2/repository/com/github/almasb/fxgl/11.14/fxgl-11.14.jar!/fxglassets/ui/cursors/fxgl_default.png
15:20:53.739 [JavaFX Application Thread] DEBUG Input                - Registered new binding: Screenshot - P
15:20:53.739 [JavaFX Application Thread] DEBUG Input                - Registered new binding: System info dump - CTRL+9
15:20:53.739 [JavaFX Application Thread] DEBUG Input                - Registered new binding: Restart - CTRL+R
15:20:53.740 [JavaFX Application Thread] DEBUG Input                - Registered new binding: Toggle Debug Camera - CTRL+C
15:20:53.742 [JavaFX Application Thread] DEBUG LoopRunner           - Starting loop
15:20:53.742 [JavaFX Application Thread] DEBUG LoopRunner           - Initializing JavaFX AnimationTimerLoop
15:20:53.743 [JavaFX Application Thread] DEBUG GameApplicationServi - Starting new game
15:20:53.743 [JavaFX Application Thread] DEBUG Input                - Clearing active input actions
15:20:53.749 [JavaFX Application Thread] DEBUG GameApplicationServi - Removing overlay from FXGLStartupScene and adding to FXGLLoadingScene
15:20:53.750 [JavaFX Application Thread] DEBUG PrimaryStageWindow   - FXGLStartupScene -> FXGLLoadingScene
15:20:53.750 [JavaFX Application Thread] DEBUG GameApplicationServi - Clearing previous game
15:20:53.750 [JavaFX Application Thread] DEBUG GameScene            - Clearing game scene
15:20:53.750 [JavaFX Application Thread] DEBUG GameWorld            - Clearing game world
15:20:53.751 [JavaFX Application Thread] DEBUG PhysicsWorld         - Clearing physics world
15:20:53.752 [JavaFX Application Thread] DEBUG FXGLApplication      - Registering font factories with UI factory
15:20:53.752 [FXGL Background Thread 4 ] DEBUG FXGLApplication      - Initializing game
15:20:53.753 [FXGL Background Thread 4 ] INFO  FXGLApplication      - Game initialization took: 0.001 sec
15:20:53.777 [JavaFX Application Thread] DEBUG Input                - Clearing active input actions
15:20:53.783 [JavaFX Application Thread] DEBUG GameApplicationServi - Removing overlay from FXGLLoadingScene and adding to GameScene
15:20:53.783 [JavaFX Application Thread] DEBUG PrimaryStageWindow   - FXGLLoadingScene -> GameScene
15:20:53.901 [FXGL Background Thread 2 ] INFO  UpdaterService       - Your current version:  11.14
15:20:53.901 [FXGL Background Thread 2 ] INFO  UpdaterService       - Latest stable version: 17.1
15:20:56.658 [FXGL Background Thread 3 ] DEBUG Engine               - Logging environment variables
15:20:56.658 [FXGL Background Thread 3 ] DEBUG Engine               - achievements: []
15:20:56.659 [FXGL Background Thread 3 ] DEBUG Engine               - actualHeight: 800.0
15:20:56.659 [FXGL Background Thread 3 ] DEBUG Engine               - actualHeightProperty: ReadOnlyDoubleProperty [value: 800.0]
15:20:56.659 [FXGL Background Thread 3 ] DEBUG Engine               - actualWidth: 800.0
15:20:56.659 [FXGL Background Thread 3 ] DEBUG Engine               - actualWidthProperty: ReadOnlyDoubleProperty [value: 800.0]
15:20:56.660 [FXGL Background Thread 3 ] DEBUG Engine               - appIcon: icon.png
15:20:56.660 [FXGL Background Thread 3 ] DEBUG Engine               - applicationMode: DEVELOPER
15:20:56.660 [FXGL Background Thread 3 ] DEBUG Engine               - cSSList: [fxgl_dark.css]
15:20:56.660 [FXGL Background Thread 3 ] DEBUG Engine               - collisionDetectionStrategy: BRUTE_FORCE
15:20:56.660 [FXGL Background Thread 3 ] DEBUG Engine               - configClass: Optional.empty
15:20:56.660 [FXGL Background Thread 3 ] DEBUG Engine               - credits: []
15:20:56.660 [FXGL Background Thread 3 ] DEBUG Engine               - devBBoxColorProperty: ObjectProperty [value: 0xff0000ff]
15:20:56.661 [FXGL Background Thread 3 ] DEBUG Engine               - devEnableDebugCameraProperty: BooleanProperty [value: false]
15:20:56.661 [FXGL Background Thread 3 ] DEBUG Engine               - devSensorColorProperty: ObjectProperty [value: 0xffff00ff]
15:20:56.661 [FXGL Background Thread 3 ] DEBUG Engine               - devShowBBoxProperty: BooleanProperty [value: false]
15:20:56.661 [FXGL Background Thread 3 ] DEBUG Engine               - devShowPositionProperty: BooleanProperty [value: false]
15:20:56.661 [FXGL Background Thread 3 ] DEBUG Engine               - enabledMenuItems: []
15:20:56.661 [FXGL Background Thread 3 ] DEBUG Engine               - engineServices: [class com.almasb.fxgl.app.services.FXGLAssetLoaderService, class com.almasb.fxgl.app.FXGLApplication$GameApplicationService, class com.almasb.fxgl.app.services.FXGLDialogService, class com.almasb.fxgl.app.services.IOTaskExecutorService, class com.almasb.fxgl.event.EventBusService, class com.almasb.fxgl.io.FileSystemService, class com.almasb.fxgl.localization.LocalizationService, class com.almasb.fxgl.app.services.SystemBundleService, class com.almasb.fxgl.profile.SaveLoadService, class com.almasb.fxgl.ui.FXGLUIFactoryServiceProvider, class com.almasb.fxgl.ui.FXGLDialogFactoryServiceProvider, class com.almasb.fxgl.audio.AudioPlayer, class com.almasb.fxgl.notification.impl.NotificationServiceProvider, class com.almasb.fxgl.achievement.AchievementService, class com.almasb.fxgl.cutscene.CutsceneService, class com.almasb.fxgl.minigames.MiniGameService, class com.almasb.fxgl.net.NetService, class com.almasb.fxgl.app.services.UpdaterService, class com.almasb.fxgl.dev.DevService]
15:20:56.661 [FXGL Background Thread 3 ] DEBUG Engine               - fontGame: Abel-Regular.ttf
15:20:56.661 [FXGL Background Thread 3 ] DEBUG Engine               - fontMono: lucida_console.ttf
15:20:56.662 [FXGL Background Thread 3 ] DEBUG Engine               - fontText: Courier-Prime.ttf
15:20:56.662 [FXGL Background Thread 3 ] DEBUG Engine               - fontUI: VarelaRound-Regular.ttf
15:20:56.662 [FXGL Background Thread 3 ] DEBUG Engine               - fullScreen: BooleanProperty [value: false]
15:20:56.662 [FXGL Background Thread 3 ] DEBUG Engine               - gameDifficulty: MEDIUM
15:20:56.662 [FXGL Background Thread 3 ] DEBUG Engine               - gameDifficultyProperty: ObjectProperty [value: MEDIUM]
15:20:56.663 [FXGL Background Thread 3 ] DEBUG Engine               - globalMusicVolume: 0.5
15:20:56.663 [FXGL Background Thread 3 ] DEBUG Engine               - globalMusicVolumeProperty: DoubleProperty [value: 0.5]
15:20:56.663 [FXGL Background Thread 3 ] DEBUG Engine               - globalSoundVolume: 0.5
15:20:56.663 [FXGL Background Thread 3 ] DEBUG Engine               - globalSoundVolumeProperty: DoubleProperty [value: 0.5]
15:20:56.663 [FXGL Background Thread 3 ] DEBUG Engine               - height: 800
15:20:56.663 [FXGL Background Thread 3 ] DEBUG Engine               - isAndroid: false
15:20:56.663 [FXGL Background Thread 3 ] DEBUG Engine               - isBrowser: false
15:20:56.663 [FXGL Background Thread 3 ] DEBUG Engine               - isClickFeedbackEnabled: false
15:20:56.663 [FXGL Background Thread 3 ] DEBUG Engine               - isCloseConfirmation: false
15:20:56.664 [FXGL Background Thread 3 ] DEBUG Engine               - isDesktop: true
15:20:56.664 [FXGL Background Thread 3 ] DEBUG Engine               - isDeveloperMenuEnabled: false
15:20:56.664 [FXGL Background Thread 3 ] DEBUG Engine               - isEntityPreloadEnabled: true
15:20:56.664 [FXGL Background Thread 3 ] DEBUG Engine               - isExperimental3D: false
15:20:56.664 [FXGL Background Thread 3 ] DEBUG Engine               - isExperimentalNative: false
15:20:56.664 [FXGL Background Thread 3 ] DEBUG Engine               - isExperimentalTiledLargeMap: false
15:20:56.664 [FXGL Background Thread 3 ] DEBUG Engine               - isFileSystemWriteAllowed: true
15:20:56.664 [FXGL Background Thread 3 ] DEBUG Engine               - isFullScreenAllowed: false
15:20:56.664 [FXGL Background Thread 3 ] DEBUG Engine               - isFullScreenFromStart: false
15:20:56.664 [FXGL Background Thread 3 ] DEBUG Engine               - isGameMenuEnabled: true
15:20:56.665 [FXGL Background Thread 3 ] DEBUG Engine               - isIOS: false
15:20:56.665 [FXGL Background Thread 3 ] DEBUG Engine               - isIntroEnabled: false
15:20:56.665 [FXGL Background Thread 3 ] DEBUG Engine               - isLinux: false
15:20:56.665 [FXGL Background Thread 3 ] DEBUG Engine               - isMac: false
15:20:56.665 [FXGL Background Thread 3 ] DEBUG Engine               - isMainMenuEnabled: false
15:20:56.665 [FXGL Background Thread 3 ] DEBUG Engine               - isManualResizeEnabled: false
15:20:56.665 [FXGL Background Thread 3 ] DEBUG Engine               - isMobile: false
15:20:56.665 [FXGL Background Thread 3 ] DEBUG Engine               - isPreserveResizeRatio: false
15:20:56.665 [FXGL Background Thread 3 ] DEBUG Engine               - isProfilingEnabled: false
15:20:56.665 [FXGL Background Thread 3 ] DEBUG Engine               - isScaleAffectedOnResize: true
15:20:56.665 [FXGL Background Thread 3 ] DEBUG Engine               - isSingleStep: false
15:20:56.665 [FXGL Background Thread 3 ] DEBUG Engine               - isUserProfileEnabled: false
15:20:56.666 [FXGL Background Thread 3 ] DEBUG Engine               - isWindows: true
15:20:56.666 [FXGL Background Thread 3 ] DEBUG Engine               - language: ObjectProperty [value: ENGLISH]
15:20:56.666 [FXGL Background Thread 3 ] DEBUG Engine               - menuKey: ESCAPE
15:20:56.666 [FXGL Background Thread 3 ] DEBUG Engine               - notificationViewClass: class com.almasb.fxgl.notification.view.XboxNotificationView
15:20:56.666 [FXGL Background Thread 3 ] DEBUG Engine               - pixelsPerMeter: 50.0
15:20:56.666 [FXGL Background Thread 3 ] DEBUG Engine               - platform: WINDOWS
15:20:56.666 [FXGL Background Thread 3 ] DEBUG Engine               - prefHeightProperty: ReadOnlyDoubleProperty [value: 800.0]
15:20:56.666 [FXGL Background Thread 3 ] DEBUG Engine               - prefWidthProperty: ReadOnlyDoubleProperty [value: 800.0]
15:20:56.666 [FXGL Background Thread 3 ] DEBUG Engine               - profileDir: profiles/
15:20:56.666 [FXGL Background Thread 3 ] DEBUG Engine               - profileName: StringProperty [value: DEFAULT]
15:20:56.666 [FXGL Background Thread 3 ] DEBUG Engine               - randomSeed: -1
15:20:56.666 [FXGL Background Thread 3 ] DEBUG Engine               - runtimeInfo: RuntimeInfo(platform=WINDOWS, version=11.14, build=01.03.2021 16.59)
15:20:56.667 [FXGL Background Thread 3 ] DEBUG Engine               - saveFileExt: sav
15:20:56.667 [FXGL Background Thread 3 ] DEBUG Engine               - scaledHeightProp$fxgl: DoubleProperty [bound, value: 800.0]
15:20:56.667 [FXGL Background Thread 3 ] DEBUG Engine               - scaledWidthProp$fxgl: DoubleProperty [bound, value: 800.0]
15:20:56.667 [FXGL Background Thread 3 ] DEBUG Engine               - sceneFactory: com.almasb.fxgl.app.scene.SceneFactory@19ebc174
15:20:56.667 [FXGL Background Thread 3 ] DEBUG Engine               - secondsIn24h: 60
15:20:56.667 [FXGL Background Thread 3 ] DEBUG Engine               - soundMenuBack: menu/back.wav
15:20:56.667 [FXGL Background Thread 3 ] DEBUG Engine               - soundMenuPress: menu/press.wav
15:20:56.667 [FXGL Background Thread 3 ] DEBUG Engine               - soundMenuSelect: menu/select.wav
15:20:56.667 [FXGL Background Thread 3 ] DEBUG Engine               - soundNotification: core/notification.wav
15:20:56.667 [FXGL Background Thread 3 ] DEBUG Engine               - stageStyle: DECORATED
15:20:56.667 [FXGL Background Thread 3 ] DEBUG Engine               - supportedLanguages: [ENGLISH, FRENCH, GERMAN, HUNGARIAN, RUSSIAN]
15:20:56.667 [FXGL Background Thread 3 ] DEBUG Engine               - ticksPerSecond: -1
15:20:56.667 [FXGL Background Thread 3 ] DEBUG Engine               - title: Super Bug
15:20:56.667 [FXGL Background Thread 3 ] DEBUG Engine               - urlGithub: https://github.com/AlmasB/FXGL
15:20:56.667 [FXGL Background Thread 3 ] DEBUG Engine               - urlLeaderboard: http://fxgl-top.herokuapp.com/
15:20:56.667 [FXGL Background Thread 3 ] DEBUG Engine               - urlPOM: https://raw.githubusercontent.com/AlmasB/FXGL/release/README.md
15:20:56.667 [FXGL Background Thread 3 ] DEBUG Engine               - userAppClass: class SuperBug
15:20:56.668 [FXGL Background Thread 3 ] DEBUG Engine               - version: 1.0
15:20:56.668 [FXGL Background Thread 3 ] DEBUG Engine               - versionCheckDays: 7
15:20:56.668 [FXGL Background Thread 3 ] DEBUG Engine               - width: 800
15:20:56.668 [FXGL Background Thread 3 ] DEBUG Engine               - Logging services
15:20:56.668 [FXGL Background Thread 3 ] DEBUG Engine               - class com.almasb.fxgl.app.services.FXGLAssetLoaderService
15:20:56.668 [FXGL Background Thread 3 ] DEBUG Engine               - class com.almasb.fxgl.app.FXGLApplication$GameApplicationService
15:20:56.668 [FXGL Background Thread 3 ] DEBUG Engine               - class com.almasb.fxgl.app.services.FXGLDialogService
15:20:56.668 [FXGL Background Thread 3 ] DEBUG Engine               - class com.almasb.fxgl.app.services.IOTaskExecutorService
15:20:56.668 [FXGL Background Thread 3 ] DEBUG Engine               - class com.almasb.fxgl.event.EventBusService
15:20:56.668 [FXGL Background Thread 3 ] DEBUG Engine               - class com.almasb.fxgl.io.FileSystemService
15:20:56.668 [FXGL Background Thread 3 ] DEBUG Engine               - class com.almasb.fxgl.localization.LocalizationService
15:20:56.668 [FXGL Background Thread 3 ] DEBUG Engine               - class com.almasb.fxgl.app.services.SystemBundleService
15:20:56.668 [FXGL Background Thread 3 ] DEBUG Engine               - class com.almasb.fxgl.profile.SaveLoadService
15:20:56.668 [FXGL Background Thread 3 ] DEBUG Engine               - class com.almasb.fxgl.ui.FXGLUIFactoryServiceProvider
15:20:56.668 [FXGL Background Thread 3 ] DEBUG Engine               - class com.almasb.fxgl.ui.FXGLDialogFactoryServiceProvider
15:20:56.668 [FXGL Background Thread 3 ] DEBUG Engine               - class com.almasb.fxgl.audio.AudioPlayer
15:20:56.669 [FXGL Background Thread 3 ] DEBUG Engine               - class com.almasb.fxgl.notification.impl.NotificationServiceProvider
15:20:56.669 [FXGL Background Thread 3 ] DEBUG Engine               - class com.almasb.fxgl.achievement.AchievementService
15:20:56.669 [FXGL Background Thread 3 ] DEBUG Engine               - class com.almasb.fxgl.cutscene.CutsceneService
15:20:56.669 [FXGL Background Thread 3 ] DEBUG Engine               - class com.almasb.fxgl.minigames.MiniGameService
15:20:56.669 [FXGL Background Thread 3 ] DEBUG Engine               - class com.almasb.fxgl.net.NetService
15:20:56.669 [FXGL Background Thread 3 ] DEBUG Engine               - class com.almasb.fxgl.app.services.UpdaterService
15:20:56.669 [FXGL Background Thread 3 ] DEBUG Engine               - class com.almasb.fxgl.dev.DevService
15:20:58.210 [JavaFX Application Thread] DEBUG FXGLApplication      - Exiting FXGL
15:20:58.210 [JavaFX Application Thread] DEBUG LoopRunner           - Stopping loop
15:20:58.210 [JavaFX Application Thread] DEBUG SystemBundleService  - Saving FXGL system data
15:20:58.212 [JavaFX Application Thread] DEBUG FileSystemAccess     - Writing to: C:\Users\lenovo\My Drive\school\HBO bende\L1\P3\IPOSE Challengeweek\SuperBug\system\fxgl.bundle
15:20:58.214 [JavaFX Application Thread] DEBUG Async                - Shutting down background threads
15:20:58.214 [JavaFX Application Thread] DEBUG PrimaryStageWindow   - Closing main window
15:20:58.225 [JavaFX Application Thread] DEBUG Logger               - Closing Logger
