15:13:01.606 [main                     ] DEBUG Logger               - Configured Logger
15:13:01.609 [main                     ] DEBUG GameApplication      - Logging settings
Title: Super Bug
Version: 1.0
Width: 800
Height: 800
Fullscreen: false
Intro: false
Profiling: false
Single step:false
App Mode: DEVELOPER
Menu Key: ESCAPE
Stage Style: DECORATED
Scene Factory: class com.almasb.fxgl.app.scene.SceneFactory

15:13:01.853 [JavaFX Application Thread] DEBUG FXGLApplication      - Initializing FXGL
15:13:01.855 [JavaFX Application Thread] INFO  Engine               - FXGL-11.14 (01.03.2021 16.59) on WINDOWS (J:17.0.1 FX:15)
15:13:01.855 [JavaFX Application Thread] DEBUG Engine               - JRE Vendor Name: Oracle Corporation
15:13:01.855 [JavaFX Application Thread] DEBUG Engine               - Running on OS: Windows 10 version 10.0
15:13:01.855 [JavaFX Application Thread] DEBUG Engine               - Architecture: amd64
15:13:01.855 [JavaFX Application Thread] INFO  Engine               - Source code and latest versions at: https://github.com/AlmasB/FXGL
15:13:01.855 [JavaFX Application Thread] INFO  Engine               -              Join the FXGL chat at: https://gitter.im/AlmasB/FXGL
15:13:01.933 [JavaFX Application Thread] DEBUG PrimaryStageWindow   - Creating a JavaFX scene
15:13:01.974 [JavaFX Application Thread] DEBUG PrimaryStageWindow   - Target settings size: 800.0 x 800.0
15:13:01.975 [JavaFX Application Thread] DEBUG PrimaryStageWindow   - Scaled scene size:    800.0 x 800.0
15:13:01.975 [JavaFX Application Thread] DEBUG PrimaryStageWindow   - Scaled ratio: (1.0, 1.0)
15:13:01.975 [JavaFX Application Thread] DEBUG PrimaryStageWindow   - Set initial scene to FXGLStartupScene
15:13:01.980 [JavaFX Application Thread] DEBUG PrimaryStageWindow   - Opening main window
15:13:02.042 [JavaFX Application Thread] DEBUG PrimaryStageWindow   - Window border size: (16.0, 39.0)
15:13:02.043 [JavaFX Application Thread] DEBUG PrimaryStageWindow   - Scaled size: 800.0 x 800.0
15:13:02.043 [JavaFX Application Thread] DEBUG PrimaryStageWindow   - Scaled ratio: (1.0, 1.0)
15:13:02.043 [JavaFX Application Thread] DEBUG PrimaryStageWindow   - Scene size: 800.0 x 800.0
15:13:02.043 [JavaFX Application Thread] DEBUG PrimaryStageWindow   - Stage size: 816.0 x 839.0
15:13:02.048 [FXGL Background Thread 1 ] DEBUG Engine               - Initializing environment variables
15:13:02.074 [FXGL Background Thread 1 ] DEBUG FXGLAssetLoaderServi - User app class for loading assets: class SuperBug
15:13:02.074 [FXGL Background Thread 1 ] DEBUG GameApplicationServi - Applying CSS: fxgl_dark.css
15:13:02.075 [FXGL Background Thread 1 ] DEBUG FXGLAssetLoaderServi - Loading from file system: jar:file:/C:/Users/lenovo/.m2/repository/com/github/almasb/fxgl/11.14/fxgl-11.14.jar!/fxglassets/ui/css/fxgl_dark.css
15:13:02.112 [FXGL Background Thread 1 ] DEBUG GameApplicationServi - Initializing application scenes
15:13:02.139 [FXGL Background Thread 1 ] DEBUG GameWorld            - Game world initialized
15:13:02.184 [FXGL Background Thread 1 ] DEBUG PhysicsWorld         - Physics world initialized: appHeight=800, physics.ppm=50.0
15:13:02.185 [FXGL Background Thread 1 ] DEBUG PhysicsWorld         - Using strategy: BRUTE_FORCE
15:13:02.186 [FXGL Background Thread 1 ] DEBUG GameScene            - Game scene initialized: 800x800
15:13:02.211 [FXGL Background Thread 1 ] DEBUG FXGLAssetLoaderServi - Loading from file system: jar:file:/C:/Users/lenovo/.m2/repository/com/github/almasb/fxgl/11.14/fxgl-11.14.jar!/fxglassets/textures/particles/trace_horizontal.png
15:13:02.246 [FXGL Background Thread 1 ] DEBUG FXGL.DefaultMenu     - createMenuBodyGameMenu()
15:13:02.257 [FXGL Background Thread 1 ] DEBUG FXGL.DefaultMenu     - createOptionsMenu()
15:13:02.262 [FXGL Background Thread 1 ] DEBUG FXGLAssetLoaderServi - Loading from file system: jar:file:/C:/Users/lenovo/.m2/repository/com/github/almasb/fxgl/11.14/fxgl-11.14.jar!/fxglassets/textures/particles/smoke.png
15:13:02.308 [FXGL Background Thread 1 ] DEBUG GameApplicationServi - Application scenes initialized
15:13:02.315 [FXGL Background Thread 1 ] DEBUG SystemBundleService  - Loading FXGL system data
15:13:02.318 [FXGL Background Thread 1 ] DEBUG FileSystemAccess     - Reading from: C:\Users\lenovo\My Drive\school\HBO bende\L1\P3\IPOSE Challengeweek\SuperBug\system\fxgl.bundle
15:13:02.323 [FXGL Background Thread 1 ] DEBUG SystemBundleService  - Bundle FXGL: {}
15:13:02.323 [FXGL Background Thread 1 ] DEBUG UpdaterService       - Checking for updates
15:13:02.326 [FXGL Background Thread 4 ] DEBUG FXGLApplication      - Loading fonts
15:13:02.326 [FXGL Background Thread 1 ] DEBUG FXGLApplication      - Loading default localization
15:13:02.326 [FXGL Background Thread 4 ] DEBUG FXGLAssetLoaderServi - Loading from file system: jar:file:/C:/Users/lenovo/.m2/repository/com/github/almasb/fxgl/11.14/fxgl-11.14.jar!/fxglassets/ui/fonts/VarelaRound-Regular.ttf
15:13:02.326 [FXGL Background Thread 1 ] DEBUG FXGLAssetLoaderServi - Loading from file system: jar:file:/C:/Users/lenovo/.m2/repository/com/github/almasb/fxgl/11.14/fxgl-11.14.jar!/fxglassets/languages/english.lang
15:13:02.340 [FXGL Background Thread 1 ] INFO  FXGLApplication      - FXGL initialization took: 0.293 sec
15:13:02.341 [JavaFX Application Thread] DEBUG FXGLAssetLoaderServi - Loading from file system: jar:file:/C:/Users/lenovo/.m2/repository/com/github/almasb/fxgl/11.14/fxgl-11.14.jar!/fxglassets/textures/fxgl_icon.png
15:13:02.361 [JavaFX Application Thread] DEBUG FXGLAssetLoaderServi - Loading from file system: jar:file:/C:/Users/lenovo/.m2/repository/com/github/almasb/fxgl/11.14/fxgl-11.14.jar!/fxglassets/ui/cursors/fxgl_default.png
15:13:02.371 [JavaFX Application Thread] DEBUG Input                - Registered new binding: Screenshot - P
15:13:02.371 [JavaFX Application Thread] DEBUG Input                - Registered new binding: System info dump - CTRL+9
15:13:02.372 [JavaFX Application Thread] DEBUG Input                - Registered new binding: Restart - CTRL+R
15:13:02.372 [JavaFX Application Thread] DEBUG Input                - Registered new binding: Toggle Debug Camera - CTRL+C
15:13:02.374 [JavaFX Application Thread] DEBUG LoopRunner           - Starting loop
15:13:02.374 [JavaFX Application Thread] DEBUG LoopRunner           - Initializing JavaFX AnimationTimerLoop
15:13:02.376 [JavaFX Application Thread] DEBUG GameApplicationServi - Starting new game
15:13:02.377 [JavaFX Application Thread] DEBUG Input                - Clearing active input actions
15:13:02.377 [FXGL Background Thread 4 ] DEBUG FXGLAssetLoaderServi - Loading from file system: jar:file:/C:/Users/lenovo/.m2/repository/com/github/almasb/fxgl/11.14/fxgl-11.14.jar!/fxglassets/ui/fonts/Abel-Regular.ttf
15:13:02.380 [FXGL Background Thread 4 ] DEBUG FXGLAssetLoaderServi - Loading from file system: jar:file:/C:/Users/lenovo/.m2/repository/com/github/almasb/fxgl/11.14/fxgl-11.14.jar!/fxglassets/ui/fonts/lucida_console.ttf
15:13:02.386 [JavaFX Application Thread] DEBUG GameApplicationServi - Removing overlay from FXGLStartupScene and adding to FXGLLoadingScene
15:13:02.386 [JavaFX Application Thread] DEBUG PrimaryStageWindow   - FXGLStartupScene -> FXGLLoadingScene
15:13:02.386 [JavaFX Application Thread] DEBUG GameApplicationServi - Clearing previous game
15:13:02.386 [JavaFX Application Thread] DEBUG GameScene            - Clearing game scene
15:13:02.386 [JavaFX Application Thread] DEBUG GameWorld            - Clearing game world
15:13:02.385 [FXGL Background Thread 4 ] DEBUG FXGLAssetLoaderServi - Loading from file system: jar:file:/C:/Users/lenovo/.m2/repository/com/github/almasb/fxgl/11.14/fxgl-11.14.jar!/fxglassets/ui/fonts/Courier-Prime.ttf
15:13:02.387 [JavaFX Application Thread] DEBUG PhysicsWorld         - Clearing physics world
15:13:02.388 [FXGL Background Thread 1 ] DEBUG FXGLApplication      - Initializing game
15:13:02.391 [FXGL Background Thread 1 ] INFO  FXGLApplication      - Game initialization took: 0.004 sec
15:13:02.417 [JavaFX Application Thread] DEBUG Input                - Clearing active input actions
15:13:02.423 [JavaFX Application Thread] DEBUG GameApplicationServi - Removing overlay from FXGLLoadingScene and adding to GameScene
15:13:02.423 [JavaFX Application Thread] DEBUG PrimaryStageWindow   - FXGLLoadingScene -> GameScene
15:13:02.423 [JavaFX Application Thread] DEBUG FXGLApplication      - Registering font factories with UI factory
15:13:02.579 [FXGL Background Thread 2 ] INFO  UpdaterService       - Your current version:  11.14
15:13:02.579 [FXGL Background Thread 2 ] INFO  UpdaterService       - Latest stable version: 17.1
15:13:05.325 [FXGL Background Thread 3 ] DEBUG Engine               - Logging environment variables
15:13:05.326 [FXGL Background Thread 3 ] DEBUG Engine               - achievements: []
15:13:05.326 [FXGL Background Thread 3 ] DEBUG Engine               - actualHeight: 800.0
15:13:05.326 [FXGL Background Thread 3 ] DEBUG Engine               - actualHeightProperty: ReadOnlyDoubleProperty [value: 800.0]
15:13:05.326 [FXGL Background Thread 3 ] DEBUG Engine               - actualWidth: 800.0
15:13:05.327 [FXGL Background Thread 3 ] DEBUG Engine               - actualWidthProperty: ReadOnlyDoubleProperty [value: 800.0]
15:13:05.327 [FXGL Background Thread 3 ] DEBUG Engine               - appIcon: fxgl_icon.png
15:13:05.327 [FXGL Background Thread 3 ] DEBUG Engine               - applicationMode: DEVELOPER
15:13:05.327 [FXGL Background Thread 3 ] DEBUG Engine               - cSSList: [fxgl_dark.css]
15:13:05.327 [FXGL Background Thread 3 ] DEBUG Engine               - collisionDetectionStrategy: BRUTE_FORCE
15:13:05.328 [FXGL Background Thread 3 ] DEBUG Engine               - configClass: Optional.empty
15:13:05.328 [FXGL Background Thread 3 ] DEBUG Engine               - credits: []
15:13:05.328 [FXGL Background Thread 3 ] DEBUG Engine               - devBBoxColorProperty: ObjectProperty [value: 0xff0000ff]
15:13:05.328 [FXGL Background Thread 3 ] DEBUG Engine               - devEnableDebugCameraProperty: BooleanProperty [value: false]
15:13:05.329 [FXGL Background Thread 3 ] DEBUG Engine               - devSensorColorProperty: ObjectProperty [value: 0xffff00ff]
15:13:05.329 [FXGL Background Thread 3 ] DEBUG Engine               - devShowBBoxProperty: BooleanProperty [value: false]
15:13:05.329 [FXGL Background Thread 3 ] DEBUG Engine               - devShowPositionProperty: BooleanProperty [value: false]
15:13:05.329 [FXGL Background Thread 3 ] DEBUG Engine               - enabledMenuItems: []
15:13:05.329 [FXGL Background Thread 3 ] DEBUG Engine               - engineServices: [class com.almasb.fxgl.app.services.FXGLAssetLoaderService, class com.almasb.fxgl.app.FXGLApplication$GameApplicationService, class com.almasb.fxgl.app.services.FXGLDialogService, class com.almasb.fxgl.app.services.IOTaskExecutorService, class com.almasb.fxgl.event.EventBusService, class com.almasb.fxgl.io.FileSystemService, class com.almasb.fxgl.localization.LocalizationService, class com.almasb.fxgl.app.services.SystemBundleService, class com.almasb.fxgl.profile.SaveLoadService, class com.almasb.fxgl.ui.FXGLUIFactoryServiceProvider, class com.almasb.fxgl.ui.FXGLDialogFactoryServiceProvider, class com.almasb.fxgl.audio.AudioPlayer, class com.almasb.fxgl.notification.impl.NotificationServiceProvider, class com.almasb.fxgl.achievement.AchievementService, class com.almasb.fxgl.cutscene.CutsceneService, class com.almasb.fxgl.minigames.MiniGameService, class com.almasb.fxgl.net.NetService, class com.almasb.fxgl.app.services.UpdaterService, class com.almasb.fxgl.dev.DevService]
15:13:05.329 [FXGL Background Thread 3 ] DEBUG Engine               - fontGame: Abel-Regular.ttf
15:13:05.329 [FXGL Background Thread 3 ] DEBUG Engine               - fontMono: lucida_console.ttf
15:13:05.329 [FXGL Background Thread 3 ] DEBUG Engine               - fontText: Courier-Prime.ttf
15:13:05.330 [FXGL Background Thread 3 ] DEBUG Engine               - fontUI: VarelaRound-Regular.ttf
15:13:05.330 [FXGL Background Thread 3 ] DEBUG Engine               - fullScreen: BooleanProperty [value: false]
15:13:05.330 [FXGL Background Thread 3 ] DEBUG Engine               - gameDifficulty: MEDIUM
15:13:05.330 [FXGL Background Thread 3 ] DEBUG Engine               - gameDifficultyProperty: ObjectProperty [value: MEDIUM]
15:13:05.330 [FXGL Background Thread 3 ] DEBUG Engine               - globalMusicVolume: 0.5
15:13:05.331 [FXGL Background Thread 3 ] DEBUG Engine               - globalMusicVolumeProperty: DoubleProperty [value: 0.5]
15:13:05.331 [FXGL Background Thread 3 ] DEBUG Engine               - globalSoundVolume: 0.5
15:13:05.331 [FXGL Background Thread 3 ] DEBUG Engine               - globalSoundVolumeProperty: DoubleProperty [value: 0.5]
15:13:05.331 [FXGL Background Thread 3 ] DEBUG Engine               - height: 800
15:13:05.331 [FXGL Background Thread 3 ] DEBUG Engine               - isAndroid: false
15:13:05.331 [FXGL Background Thread 3 ] DEBUG Engine               - isBrowser: false
15:13:05.331 [FXGL Background Thread 3 ] DEBUG Engine               - isClickFeedbackEnabled: false
15:13:05.331 [FXGL Background Thread 3 ] DEBUG Engine               - isCloseConfirmation: false
15:13:05.331 [FXGL Background Thread 3 ] DEBUG Engine               - isDesktop: true
15:13:05.331 [FXGL Background Thread 3 ] DEBUG Engine               - isDeveloperMenuEnabled: false
15:13:05.331 [FXGL Background Thread 3 ] DEBUG Engine               - isEntityPreloadEnabled: true
15:13:05.331 [FXGL Background Thread 3 ] DEBUG Engine               - isExperimental3D: false
15:13:05.332 [FXGL Background Thread 3 ] DEBUG Engine               - isExperimentalNative: false
15:13:05.332 [FXGL Background Thread 3 ] DEBUG Engine               - isExperimentalTiledLargeMap: false
15:13:05.332 [FXGL Background Thread 3 ] DEBUG Engine               - isFileSystemWriteAllowed: true
15:13:05.332 [FXGL Background Thread 3 ] DEBUG Engine               - isFullScreenAllowed: false
15:13:05.332 [FXGL Background Thread 3 ] DEBUG Engine               - isFullScreenFromStart: false
15:13:05.332 [FXGL Background Thread 3 ] DEBUG Engine               - isGameMenuEnabled: true
15:13:05.332 [FXGL Background Thread 3 ] DEBUG Engine               - isIOS: false
15:13:05.332 [FXGL Background Thread 3 ] DEBUG Engine               - isIntroEnabled: false
15:13:05.332 [FXGL Background Thread 3 ] DEBUG Engine               - isLinux: false
15:13:05.332 [FXGL Background Thread 3 ] DEBUG Engine               - isMac: false
15:13:05.333 [FXGL Background Thread 3 ] DEBUG Engine               - isMainMenuEnabled: false
15:13:05.333 [FXGL Background Thread 3 ] DEBUG Engine               - isManualResizeEnabled: false
15:13:05.333 [FXGL Background Thread 3 ] DEBUG Engine               - isMobile: false
15:13:05.333 [FXGL Background Thread 3 ] DEBUG Engine               - isPreserveResizeRatio: false
15:13:05.333 [FXGL Background Thread 3 ] DEBUG Engine               - isProfilingEnabled: false
15:13:05.333 [FXGL Background Thread 3 ] DEBUG Engine               - isScaleAffectedOnResize: true
15:13:05.333 [FXGL Background Thread 3 ] DEBUG Engine               - isSingleStep: false
15:13:05.333 [FXGL Background Thread 3 ] DEBUG Engine               - isUserProfileEnabled: false
15:13:05.333 [FXGL Background Thread 3 ] DEBUG Engine               - isWindows: true
15:13:05.333 [FXGL Background Thread 3 ] DEBUG Engine               - language: ObjectProperty [value: ENGLISH]
15:13:05.333 [FXGL Background Thread 3 ] DEBUG Engine               - menuKey: ESCAPE
15:13:05.334 [FXGL Background Thread 3 ] DEBUG Engine               - notificationViewClass: class com.almasb.fxgl.notification.view.XboxNotificationView
15:13:05.334 [FXGL Background Thread 3 ] DEBUG Engine               - pixelsPerMeter: 50.0
15:13:05.334 [FXGL Background Thread 3 ] DEBUG Engine               - platform: WINDOWS
15:13:05.334 [FXGL Background Thread 3 ] DEBUG Engine               - prefHeightProperty: ReadOnlyDoubleProperty [value: 800.0]
15:13:05.334 [FXGL Background Thread 3 ] DEBUG Engine               - prefWidthProperty: ReadOnlyDoubleProperty [value: 800.0]
15:13:05.334 [FXGL Background Thread 3 ] DEBUG Engine               - profileDir: profiles/
15:13:05.334 [FXGL Background Thread 3 ] DEBUG Engine               - profileName: StringProperty [value: DEFAULT]
15:13:05.334 [FXGL Background Thread 3 ] DEBUG Engine               - randomSeed: -1
15:13:05.334 [FXGL Background Thread 3 ] DEBUG Engine               - runtimeInfo: RuntimeInfo(platform=WINDOWS, version=11.14, build=01.03.2021 16.59)
15:13:05.334 [FXGL Background Thread 3 ] DEBUG Engine               - saveFileExt: sav
15:13:05.334 [FXGL Background Thread 3 ] DEBUG Engine               - scaledHeightProp$fxgl: DoubleProperty [bound, value: 800.0]
15:13:05.334 [FXGL Background Thread 3 ] DEBUG Engine               - scaledWidthProp$fxgl: DoubleProperty [bound, value: 800.0]
15:13:05.334 [FXGL Background Thread 3 ] DEBUG Engine               - sceneFactory: com.almasb.fxgl.app.scene.SceneFactory@2e241e56
15:13:05.334 [FXGL Background Thread 3 ] DEBUG Engine               - secondsIn24h: 60
15:13:05.335 [FXGL Background Thread 3 ] DEBUG Engine               - soundMenuBack: menu/back.wav
15:13:05.335 [FXGL Background Thread 3 ] DEBUG Engine               - soundMenuPress: menu/press.wav
15:13:05.335 [FXGL Background Thread 3 ] DEBUG Engine               - soundMenuSelect: menu/select.wav
15:13:05.335 [FXGL Background Thread 3 ] DEBUG Engine               - soundNotification: core/notification.wav
15:13:05.335 [FXGL Background Thread 3 ] DEBUG Engine               - stageStyle: DECORATED
15:13:05.335 [FXGL Background Thread 3 ] DEBUG Engine               - supportedLanguages: [ENGLISH, FRENCH, GERMAN, HUNGARIAN, RUSSIAN]
15:13:05.335 [FXGL Background Thread 3 ] DEBUG Engine               - ticksPerSecond: -1
15:13:05.335 [FXGL Background Thread 3 ] DEBUG Engine               - title: Super Bug
15:13:05.335 [FXGL Background Thread 3 ] DEBUG Engine               - urlGithub: https://github.com/AlmasB/FXGL
15:13:05.335 [FXGL Background Thread 3 ] DEBUG Engine               - urlLeaderboard: http://fxgl-top.herokuapp.com/
15:13:05.336 [FXGL Background Thread 3 ] DEBUG Engine               - urlPOM: https://raw.githubusercontent.com/AlmasB/FXGL/release/README.md
15:13:05.336 [FXGL Background Thread 3 ] DEBUG Engine               - userAppClass: class SuperBug
15:13:05.336 [FXGL Background Thread 3 ] DEBUG Engine               - version: 1.0
15:13:05.336 [FXGL Background Thread 3 ] DEBUG Engine               - versionCheckDays: 7
15:13:05.336 [FXGL Background Thread 3 ] DEBUG Engine               - width: 800
15:13:05.336 [FXGL Background Thread 3 ] DEBUG Engine               - Logging services
15:13:05.336 [FXGL Background Thread 3 ] DEBUG Engine               - class com.almasb.fxgl.app.services.FXGLAssetLoaderService
15:13:05.336 [FXGL Background Thread 3 ] DEBUG Engine               - class com.almasb.fxgl.app.FXGLApplication$GameApplicationService
15:13:05.336 [FXGL Background Thread 3 ] DEBUG Engine               - class com.almasb.fxgl.app.services.FXGLDialogService
15:13:05.336 [FXGL Background Thread 3 ] DEBUG Engine               - class com.almasb.fxgl.app.services.IOTaskExecutorService
15:13:05.336 [FXGL Background Thread 3 ] DEBUG Engine               - class com.almasb.fxgl.event.EventBusService
15:13:05.336 [FXGL Background Thread 3 ] DEBUG Engine               - class com.almasb.fxgl.io.FileSystemService
15:13:05.336 [FXGL Background Thread 3 ] DEBUG Engine               - class com.almasb.fxgl.localization.LocalizationService
15:13:05.337 [FXGL Background Thread 3 ] DEBUG Engine               - class com.almasb.fxgl.app.services.SystemBundleService
15:13:05.337 [FXGL Background Thread 3 ] DEBUG Engine               - class com.almasb.fxgl.profile.SaveLoadService
15:13:05.337 [FXGL Background Thread 3 ] DEBUG Engine               - class com.almasb.fxgl.ui.FXGLUIFactoryServiceProvider
15:13:05.337 [FXGL Background Thread 3 ] DEBUG Engine               - class com.almasb.fxgl.ui.FXGLDialogFactoryServiceProvider
15:13:05.337 [FXGL Background Thread 3 ] DEBUG Engine               - class com.almasb.fxgl.audio.AudioPlayer
15:13:05.337 [FXGL Background Thread 3 ] DEBUG Engine               - class com.almasb.fxgl.notification.impl.NotificationServiceProvider
15:13:05.337 [FXGL Background Thread 3 ] DEBUG Engine               - class com.almasb.fxgl.achievement.AchievementService
15:13:05.337 [FXGL Background Thread 3 ] DEBUG Engine               - class com.almasb.fxgl.cutscene.CutsceneService
15:13:05.337 [FXGL Background Thread 3 ] DEBUG Engine               - class com.almasb.fxgl.minigames.MiniGameService
15:13:05.337 [FXGL Background Thread 3 ] DEBUG Engine               - class com.almasb.fxgl.net.NetService
15:13:05.337 [FXGL Background Thread 3 ] DEBUG Engine               - class com.almasb.fxgl.app.services.UpdaterService
15:13:05.338 [FXGL Background Thread 3 ] DEBUG Engine               - class com.almasb.fxgl.dev.DevService
15:13:05.506 [JavaFX Application Thread] DEBUG FXGLApplication      - Exiting FXGL
15:13:05.507 [JavaFX Application Thread] DEBUG LoopRunner           - Stopping loop
15:13:05.507 [JavaFX Application Thread] DEBUG SystemBundleService  - Saving FXGL system data
15:13:05.508 [JavaFX Application Thread] DEBUG FileSystemAccess     - Writing to: C:\Users\lenovo\My Drive\school\HBO bende\L1\P3\IPOSE Challengeweek\SuperBug\system\fxgl.bundle
15:13:05.510 [JavaFX Application Thread] DEBUG Async                - Shutting down background threads
15:13:05.510 [JavaFX Application Thread] DEBUG PrimaryStageWindow   - Closing main window
15:13:05.521 [JavaFX Application Thread] DEBUG Logger               - Closing Logger
